            --------------------------------------------------------
                             AMBER SQM VERSION 19
 
                                     By
              Ross C. Walker, Michael F. Crowley, Scott Brozell,
                         Tim Giese, Andreas W. Goetz,
                        Tai-Sung Lee and David A. Case
 
            --------------------------------------------------------
 

--------------------------------------------------------------------------------
  QM CALCULATION INFO
--------------------------------------------------------------------------------

| QMMM: Citation for AMBER QMMM Run:
| QMMM: R.C. Walker, M.F. Crowley and D.A. Case, J. COMP. CHEM. 29:1019, 2008

QMMM: SINGLET STATE CALCULATION
QMMM: RHF CALCULATION, NO. OF DOUBLY OCCUPIED LEVELS = 94

| QMMM: *** Selected Hamiltonian *** 
| QMMM: AM1         

| QMMM: *** Parameter sets in use ***
| QMMM: C : M.J.S.DEWAR et al. JACS, 107, 3902, (1985)
| QMMM: N : M.J.S.DEWAR et al. JACS, 107, 3902, (1985)
| QMMM: O : M.J.S.DEWAR et al. JACS, 107, 3902, (1985)
| QMMM: H : M.J.S.DEWAR et al. JACS, 107, 3902, (1985)

| QMMM: *** SCF convergence criteria ***
| QMMM: Energy change                :  0.1D-09 kcal/mol
| QMMM: Error matrix |FP-PF|         :  0.1D+00 au
| QMMM: Density matrix change        :  0.5D-06
| QMMM: Maximum number of SCF cycles :     1000

| QMMM: *** Diagonalization Routine Information ***
| QMMM: Pseudo diagonalizations are allowed.
| QMMM: Auto diagonalization routine selection is in use.
| QMMM:
| QMMM: Timing diagonalization routines:
| QMMM:                              norbs =      179
| QMMM:    diag iterations used for timing =        5
| QMMM:
| QMMM:              Internal diag routine = 0.101409 seconds
| QMMM:                 Dspev diag routine = 0.064487 seconds
| QMMM:                Dspevd diag routine = 0.123662 seconds
| QMMM:                Dspevx diag routine = 0.207218 seconds
| QMMM:                 Dsyev diag routine = 0.049390 seconds
| QMMM:                Dsyevd diag routine = 0.011513 seconds
| QMMM:                Dsyevr diag routine = 0.021120 seconds
| QMMM:
| QMMM:                Pseudo diag routine = 0.028838 seconds
| QMMM: Pseudo diagonalization appears to be slower than regular
| QMMM: diagonalization. Setting pseudo_diag=0 for optimum performance.
| QMMM:
| QMMM: Using dsyevd routine (diag_routine=6).

  QMMM: QM Region Cartesian Coordinates (*=link atom) 
  QMMM: QM_NO.   MM_NO.  ATOM         X         Y         Z
  QMMM:     1        1      C       -5.1400    2.1850   -3.6760
  QMMM:     2        2      C       -3.8430    1.6740   -3.1070
  QMMM:     3        3      C       -2.6780    1.8100   -3.8820
  QMMM:     4        4      C       -1.4450    1.3520   -3.4170
  QMMM:     5        5      C       -1.3540    0.7500   -2.1690
  QMMM:     6        6      C       -2.5170    0.6130   -1.3940
  QMMM:     7        7      C       -3.7750    1.0550   -1.8380
  QMMM:     8        8      N       -4.9400    0.8980   -1.0720
  QMMM:     9        9      C       -5.2290    0.3390    0.1700
  QMMM:    10       10      N       -4.2830   -0.1910    0.9560
  QMMM:    11       11      C       -4.6760   -0.7010    2.1330
  QMMM:    12       12      C       -5.9780   -0.7010    2.5650
  QMMM:    13       13      C       -6.9010   -0.1370    1.7090
  QMMM:    14       14      N       -6.5290    0.3740    0.5120
  QMMM:    15       15      C       -8.3420   -0.0560    2.0140
  QMMM:    16       16      C       -9.3120   -0.0540    1.0000
  QMMM:    17       17      C      -10.6700    0.0160    1.3090
  QMMM:    18       18      C      -11.0360    0.0820    2.6410
  QMMM:    19       19      N      -10.1490    0.0900    3.6560
  QMMM:    20       20      C       -8.8360    0.0290    3.3170
  QMMM:    21       21      N       -0.1520    0.2640   -1.6130
  QMMM:    22       22      C        1.0850    0.1860   -2.2280
  QMMM:    23       23      O        1.3650    0.4820   -3.3820
  QMMM:    24       24      C        2.1650   -0.3570   -1.3600
  QMMM:    25       25      C        3.0680   -1.2730   -1.9060
  QMMM:    26       26      C        4.0930   -1.7990   -1.1160
  QMMM:    27       27      C        4.2440   -1.3990    0.2200
  QMMM:    28       28      C        3.3360   -0.4690    0.7540
  QMMM:    29       29      C        2.3030    0.0530   -0.0290
  QMMM:    30       30      C        5.3630   -1.9590    1.0750
  QMMM:    31       31      N        6.6300   -1.2280    1.0710
  QMMM:    32       32      C        6.5540    0.1760    1.4770
  QMMM:    33       33      C        7.9540    0.8160    1.7010
  QMMM:    34       34      N        9.0830    0.2280    0.9450
  QMMM:    35       35      C        8.5790   -0.3630   -0.3080
  QMMM:    36       36      C        7.4280   -1.3950   -0.1510
  QMMM:    37       37      C        9.7860   -0.7730    1.7500
  QMMM:    38       38      H       -5.6130    2.8880   -2.9840
  QMMM:    39       39      H       -5.8200    1.3500   -3.8740
  QMMM:    40       40      H       -4.9850    2.7180   -4.6210
  QMMM:    41       41      H       -2.7200    2.2790   -4.8640
  QMMM:    42       42      H       -0.5750    1.4880   -4.0510
  QMMM:    43       43      H       -2.4330    0.1390   -0.4220
  QMMM:    44       44      H       -5.8030    1.2300   -1.4740
  QMMM:    45       45      H       -3.8830   -1.1290    2.7410
  QMMM:    46       46      H       -6.2410   -1.1400    3.5170
  QMMM:    47       47      H       -9.0090   -0.1090   -0.0440
  QMMM:    48       48      H      -11.4200    0.0150    0.5270
  QMMM:    49       49      H      -12.0800    0.1370    2.9370
  QMMM:    50       50      H       -8.1710    0.0670    4.1770
  QMMM:    51       51      H       -0.2320   -0.1370   -0.6870
  QMMM:    52       52      H        2.9720   -1.5810   -2.9460
  QMMM:    53       53      H        4.7780   -2.5220   -1.5540
  QMMM:    54       54      H        3.4400   -0.1370    1.7860
  QMMM:    55       55      H        1.6370    0.7980    0.3980
  QMMM:    56       56      H        5.0030   -2.0290    2.1100
  QMMM:    57       57      H        5.5430   -3.0020    0.7860
  QMMM:    58       58      H        6.0300    0.7610    0.7100
  QMMM:    59       59      H        5.9840    0.2720    2.4090
  QMMM:    60       60      H        7.8820    1.8740    1.4140
  QMMM:    61       61      H        8.1840    0.8250    2.7760
  QMMM:    62       62      H        9.4010   -0.8160   -0.8750
  QMMM:    63       63      H        8.2150    0.4640   -0.9340
  QMMM:    64       64      H        7.8620   -2.4020   -0.1330
  QMMM:    65       65      H        6.8130   -1.3230   -1.0540
  QMMM:    66       66      H       10.2550   -0.2930    2.6170
  QMMM:    67       67      H       10.5990   -1.2290    1.1730
  QMMM:    68       68      H        9.1360   -1.5750    2.1170

--------------------------------------------------------------------------------
  RESULTS
--------------------------------------------------------------------------------

      iter         sqm energy              rms gradient
      ----    -------------------    -----------------------
xmin    10      127.2814 kcal/mol        0.2747 kcal/(mol*A)
xmin    20      126.6685 kcal/mol        0.5763 kcal/(mol*A)
xmin    30      126.0936 kcal/mol        0.9092 kcal/(mol*A)
xmin    40      125.2363 kcal/mol        0.4378 kcal/(mol*A)
xmin    50      125.0616 kcal/mol        0.1884 kcal/(mol*A)
xmin    60      124.9148 kcal/mol        0.2322 kcal/(mol*A)
xmin    70      124.8276 kcal/mol        0.1420 kcal/(mol*A)
xmin    80      124.7571 kcal/mol        0.1523 kcal/(mol*A)
xmin    90      124.7498 kcal/mol        0.0746 kcal/(mol*A)
xmin   100      124.7317 kcal/mol        0.0499 kcal/(mol*A)
xmin   110      124.7228 kcal/mol        0.0228 kcal/(mol*A)
xmin   120      124.7179 kcal/mol        0.0446 kcal/(mol*A)
xmin   130      124.7135 kcal/mol        0.0186 kcal/(mol*A)
xmin   140      124.7127 kcal/mol        0.0150 kcal/(mol*A)
xmin   150      124.7120 kcal/mol        0.0078 kcal/(mol*A)
xmin   160      124.7118 kcal/mol        0.0068 kcal/(mol*A)
xmin   170      124.7116 kcal/mol        0.0150 kcal/(mol*A)
xmin   180      124.7114 kcal/mol        0.0075 kcal/(mol*A)
xmin   190      124.7112 kcal/mol        0.0055 kcal/(mol*A)
xmin   200      124.7110 kcal/mol        0.0036 kcal/(mol*A)
xmin   210      124.7490 kcal/mol        0.8346 kcal/(mol*A)
xmin   220      124.7115 kcal/mol        0.0316 kcal/(mol*A)
xmin   230      124.7110 kcal/mol        0.0053 kcal/(mol*A)
xmin   240      124.7109 kcal/mol        0.0041 kcal/(mol*A)
xmin   250      124.7109 kcal/mol        0.0013 kcal/(mol*A)
xmin   260      124.7109 kcal/mol        0.0010 kcal/(mol*A)
  ... geometry converged !
 
 Final MO eigenvalues (eV):
 -41.1403  -40.9673  -40.4326  -40.0266  -39.5782  -38.6995  -36.6929  -36.4369
 -35.4678  -34.9323  -33.1194  -33.0457  -32.5308  -32.1265  -31.9396  -31.4677
 -30.7435  -29.7685  -29.5472  -27.5816  -26.5527  -25.8752  -25.0774  -24.9981
 -24.7215  -24.0373  -23.6578  -23.5286  -23.1825  -22.5299  -22.0513  -20.8816
 -19.5071  -19.2207  -18.9210  -18.6278  -17.9954  -17.6392  -17.5021  -17.2475
 -17.2075  -16.9440  -16.7935  -16.5915  -16.4306  -16.3607  -16.3182  -16.1982
 -15.8443  -15.7435  -15.3142  -15.1082  -15.0331  -14.9436  -14.8685  -14.6789
 -14.6064  -14.4684  -14.4155  -14.3594  -14.2646  -14.0905  -14.0869  -13.9100
 -13.6469  -13.3091  -13.1678  -13.1481  -13.0213  -12.9619  -12.8224  -12.7706
 -12.6564  -12.5576  -12.3182  -12.2178  -12.0853  -12.0530  -11.9974  -11.8287
 -11.7392  -11.2320  -10.9381  -10.8641  -10.7725  -10.5513  -10.1619  -10.1374
 -10.0252   -9.7219   -9.2915   -9.0840   -9.0633   -8.6034   -0.6960   -0.4073
  -0.1746    0.0805    0.0974    0.2676    0.4124    0.4658    1.4406    1.5436
   1.8300    2.3628    2.3981    2.6438    2.7275    2.8185    2.8922    3.1184
   3.1942    3.2253    3.3718    3.3769    3.4054    3.4695    3.5562    3.6369
   3.6445    3.6815    3.6908    3.8202    3.8404    3.8578    3.8649    3.9129
   3.9202    3.9303    3.9805    3.9991    4.0359    4.1065    4.1555    4.2029
   4.2497    4.3147    4.3245    4.3327    4.3626    4.4146    4.4186    4.4705
   4.5104    4.5513    4.5663    4.5851    4.6537    4.6634    4.6749    4.7264
   4.7527    4.8124    4.8597    4.8653    4.8936    4.9754    4.9969    5.0812
   5.1771    5.2260    5.2383    5.2786    5.4191    5.5167    5.5772    5.6275
   5.7402    5.9439    5.9644    6.0388    6.1267    6.1374    6.2233    6.3360
   6.6032    6.8686    6.8789

 Heat of formation   =        124.71086131 kcal/mol  (        5.40786875 eV)

 Total SCF energy    =    -136205.52673072 kcal/mol  (    -5906.31484891 eV)
 Electronic energy   =   -1167252.87141609 kcal/mol  (   -50615.88272044 eV)
 Core-core repulsion =    1031047.34468537 kcal/mol  (    44709.56787153 eV)
 
    Atomic Charges for Step       1 :
  Atom    Element       Mulliken Charge
     1      C                 -0.179
     2      C                 -0.127
     3      C                 -0.094
     4      C                 -0.159
     5      C                  0.083
     6      C                 -0.158
     7      C                  0.068
     8      N                 -0.225
     9      C                  0.152
    10      N                 -0.203
    11      C                 -0.004
    12      C                 -0.278
    13      C                  0.101
    14      N                 -0.223
    15      C                 -0.102
    16      C                 -0.051
    17      C                 -0.189
    18      C                 -0.060
    19      N                 -0.141
    20      C                 -0.049
    21      N                 -0.321
    22      C                  0.354
    23      O                 -0.344
    24      C                 -0.125
    25      C                 -0.078
    26      C                 -0.129
    27      C                 -0.091
    28      C                 -0.128
    29      C                 -0.105
    30      C                 -0.030
    31      N                 -0.256
    32      C                 -0.088
    33      C                 -0.068
    34      N                 -0.247
    35      C                 -0.081
    36      C                 -0.104
    37      C                 -0.124
    38      H                  0.080
    39      H                  0.083
    40      H                  0.088
    41      H                  0.137
    42      H                  0.176
    43      H                  0.150
    44      H                  0.235
    45      H                  0.166
    46      H                  0.158
    47      H                  0.155
    48      H                  0.147
    49      H                  0.162
    50      H                  0.164
    51      H                  0.235
    52      H                  0.155
    53      H                  0.140
    54      H                  0.138
    55      H                  0.138
    56      H                  0.100
    57      H                  0.100
    58      H                  0.062
    59      H                  0.089
    60      H                  0.091
    61      H                  0.084
    62      H                  0.096
    63      H                  0.095
    64      H                  0.088
    65      H                  0.074
    66      H                  0.083
    67      H                  0.081
    68      H                  0.054
 Total Mulliken Charge =       0.000
 
                  X        Y        Z     TOTAL  
  QM DIPOLE    -0.998   -1.329    1.064    1.973
 
 Final Structure

  QMMM: QM Region Cartesian Coordinates (*=link atom) 
  QMMM: QM_NO.   MM_NO.  ATOM         X         Y         Z
  QMMM:     1        1      C       -5.0267    2.0447   -3.5807
  QMMM:     2        2      C       -3.7532    1.5694   -2.9917
  QMMM:     3        3      C       -2.6348    1.3962   -3.8066
  QMMM:     4        4      C       -1.4171    0.9504   -3.3067
  QMMM:     5        5      C       -1.2865    0.6674   -1.9331
  QMMM:     6        6      C       -2.4061    0.8520   -1.0873
  QMMM:     7        7      C       -3.6344    1.2901   -1.6058
  QMMM:     8        8      N       -4.7242    1.5378   -0.7328
  QMMM:     9        9      C       -5.3274    0.4988    0.0084
  QMMM:    10       10      N       -4.5990   -0.6507    0.2929
  QMMM:    11       11      C       -5.2059   -1.5519    1.0779
  QMMM:    12       12      C       -6.4978   -1.3835    1.6035
  QMMM:    13       13      C       -7.1756   -0.1908    1.2611
  QMMM:    14       14      N       -6.6179    0.7479    0.4614
  QMMM:    15       15      C       -8.5330    0.0366    1.7787
  QMMM:    16       16      C       -9.5217    0.6706    1.0135
  QMMM:    17       17      C      -10.7934    0.8399    1.5627
  QMMM:    18       18      C      -11.0324    0.3733    2.8674
  QMMM:    19       19      N      -10.0928   -0.2294    3.6231
  QMMM:    20       20      C       -8.8716   -0.3894    3.0840
  QMMM:    21       21      N       -0.0902    0.2216   -1.3468
  QMMM:    22       22      C        1.1044   -0.0809   -1.9864
  QMMM:    23       23      O        1.2646    0.0116   -3.2172
  QMMM:    24       24      C        2.2121   -0.5509   -1.0999
  QMMM:    25       25      C        3.0034   -1.6167   -1.5427
  QMMM:    26       26      C        4.0571   -2.0750   -0.7546
  QMMM:    27       27      C        4.3356   -1.4696    0.4751
  QMMM:    28       28      C        3.5486   -0.3963    0.9063
  QMMM:    29       29      C        2.4900    0.0631    0.1250
  QMMM:    30       30      C        5.4608   -1.9774    1.3351
  QMMM:    31       31      N        6.7281   -1.2765    1.2717
  QMMM:    32       32      C        6.6795    0.0817    1.7865
  QMMM:    33       33      C        8.0631    0.7647    1.8267
  QMMM:    34       34      N        8.9220    0.5218    0.6741
  QMMM:    35       35      C        8.2080   -0.1312   -0.4078
  QMMM:    36       36      C        7.4023   -1.3867   -0.0136
  QMMM:    37       37      C       10.1700   -0.1265    1.0136
  QMMM:    38       38      H       -5.2846    3.0639   -3.1953
  QMMM:    39       39      H       -5.8665    1.3487   -3.3315
  QMMM:    40       40      H       -4.9525    2.1088   -4.6947
  QMMM:    41       41      H       -2.7167    1.6134   -4.8841
  QMMM:    42       42      H       -0.5661    0.8227   -3.9959
  QMMM:    43       43      H       -2.3171    0.6462   -0.0079
  QMMM:    44       44      H       -5.3670    2.2274   -1.0731
  QMMM:    45       45      H       -4.6183   -2.4642    1.2928
  QMMM:    46       46      H       -6.9628   -2.1475    2.2348
  QMMM:    47       47      H       -9.2999    1.0295   -0.0030
  QMMM:    48       48      H      -11.5932    1.3295    0.9920
  QMMM:    49       49      H      -12.0253    0.4875    3.3387
  QMMM:    50       50      H       -8.1198   -0.8761    3.7322
  QMMM:    51       51      H       -0.1314    0.0530   -0.3650
  QMMM:    52       52      H        2.7919   -2.0789   -2.5204
  QMMM:    53       53      H        4.6722   -2.9185   -1.1041
  QMMM:    54       54      H        3.7687    0.0883    1.8701
  QMMM:    55       55      H        1.8933    0.9203    0.4726
  QMMM:    56       56      H        5.1223   -1.9570    2.4116
  QMMM:    57       57      H        5.6704   -3.0517    1.0596
  QMMM:    58       58      H        5.9766    0.7299    1.1848
  QMMM:    59       59      H        6.2820    0.0366    2.8390
  QMMM:    60       60      H        7.8871    1.8772    1.8674
  QMMM:    61       61      H        8.5799    0.4633    2.7808
  QMMM:    62       62      H        8.9353   -0.4222   -1.2141
  QMMM:    63       63      H        7.4997    0.6339   -0.8355
  QMMM:    64       64      H        8.1017   -2.2662    0.0743
  QMMM:    65       65      H        6.6803   -1.6056   -0.8524
  QMMM:    66       66      H       10.6923    0.4850    1.7954
  QMMM:    67       67      H       10.8166   -0.1621    0.0977
  QMMM:    68       68      H       10.0427   -1.1733    1.4027

           --------- Calculation Completed ----------

