log started: Mon Apr 13 19:57:56 2026

Log file: ./leap.log
>> #
>> # ----- leaprc for loading the general Amber Force field.
>> #       This file is mostly for use with Antechamber
>> #
>> #	load atom type hybridizations
>> #
>> addAtomTypes {
>> 	{ "h1"  "H" "sp3" }
>> 	{ "h2"  "H" "sp3" }
>> 	{ "h3"  "H" "sp3" }
>> 	{ "h4"  "H" "sp3" }
>> 	{ "h5"  "H" "sp3" }
>> 	{ "ha"  "H" "sp3" }
>> 	{ "hc"  "H" "sp3" }
>> 	{ "hn"  "H" "sp3" }
>> 	{ "ho"  "H" "sp3" }
>> 	{ "hp"  "H" "sp3" }
>> 	{ "hs"  "H" "sp3" }
>> 	{ "hw"  "H" "sp3" }
>> 	{ "hx"  "H" "sp3" }
>> 	{ "o"  "O" "sp2" }
>> 	{ "o2"  "O" "sp2" }
>> 	{ "oh"  "O" "sp3" }
>> 	{ "op"  "O" "sp3" }
>> 	{ "oq"  "O" "sp3" }
>> 	{ "os"  "O" "sp3" }
>> 	{ "ow"  "O" "sp3" }
>> 	{ "c"  "C" "sp2" }
>> 	{ "c1"  "C" "sp2" }
>> 	{ "c2"  "C" "sp2" }
>> 	{ "c3"  "C" "sp3" }
>> 	{ "c5"  "C" "sp3" }
>> 	{ "c6"  "C" "sp3" }
>> 	{ "ca"  "C" "sp2" }
>> 	{ "cc"  "C" "sp2" }
>> 	{ "cd"  "C" "sp2" }
>> 	{ "ce"  "C" "sp2" }
>> 	{ "cf"  "C" "sp2" }
>> 	{ "cg"  "C" "sp2" }
>> 	{ "ch"  "C" "sp2" }
>> 	{ "cp"  "C" "sp2" }
>> 	{ "cs"  "C" "sp2" }
>> 	{ "cq"  "C" "sp2" }
>> 	{ "cu"  "C" "sp2" }
>> 	{ "cv"  "C" "sp2" }
>> 	{ "cx"  "C" "sp2" }
>> 	{ "cy"  "C" "sp2" }
>> 	{ "cz"  "C" "sp2" }
>> 	{ "n"   "N" "sp2" }
>> 	{ "n1"  "N" "sp2" }
>> 	{ "n2"  "N" "sp2" }
>> 	{ "n3"  "N" "sp3" }
>> 	{ "n4"  "N" "sp3" }
>> 	{ "n5"  "N" "sp3" }
>> 	{ "n6"  "N" "sp3" }
>> 	{ "n7"  "N" "sp3" }
>> 	{ "n8"  "N" "sp3" }
>> 	{ "n9"  "N" "sp3" }
>> 	{ "na"  "N" "sp2" }
>> 	{ "nb"  "N" "sp2" }
>> 	{ "nc"  "N" "sp2" }
>> 	{ "nd"  "N" "sp2" }
>> 	{ "ne"  "N" "sp2" }
>> 	{ "nf"  "N" "sp2" }
>> 	{ "nh"  "N" "sp2" }
>> 	{ "ni"  "N" "sp2" }
>> 	{ "nj"  "N" "sp2" }
>> 	{ "nk"  "N" "sp3" }
>> 	{ "nl"  "N" "sp3" }
>> 	{ "nm"  "N" "sp2" }
>> 	{ "nn"  "N" "sp2" }
>> 	{ "no"  "N" "sp2" }
>> 	{ "np"  "N" "sp3" }
>> 	{ "nq"  "N" "sp3" }
>> 	{ "ns"  "N" "sp2" }
>> 	{ "nt"  "N" "sp2" }
>> 	{ "nu"  "N" "sp2" }
>> 	{ "nv"  "N" "sp2" }
>> 	{ "nx"  "N" "sp3" }
>> 	{ "ny"  "N" "sp3" }
>> 	{ "nz"  "N" "sp3" }
>> 	{ "n+"  "N" "sp3" }
>> 	{ "s"   "S" "sp2" }
>> 	{ "s2"   "S" "sp2" }
>> 	{ "s3"   "S" "sp3" }
>> 	{ "s4"   "S" "sp3" }
>> 	{ "s6"   "S" "sp3" }
>> 	{ "sh"   "S" "sp3" }
>> 	{ "sp"   "S" "sp3" }
>> 	{ "sq"   "S" "sp3" }
>> 	{ "ss"   "S" "sp3" }
>> 	{ "sx"   "S" "sp3" }
>> 	{ "sy"   "S" "sp3" }
>> 	{ "p2"   "P" "sp2" }
>> 	{ "p3"   "P" "sp3" }
>> 	{ "p4"   "P" "sp3" }
>> 	{ "p5"   "P" "sp3" }
>> 	{ "pb"   "P" "sp3" }
>> 	{ "pc"   "P" "sp3" }
>> 	{ "pd"   "P" "sp3" }
>> 	{ "pe"   "P" "sp3" }
>> 	{ "pf"   "P" "sp3" }
>> 	{ "px"   "P" "sp3" }
>> 	{ "py"   "P" "sp3" }
>> 	{ "f"   "F" "sp3" }
>> 	{ "cl"  "Cl" "sp3" }
>> 	{ "br"  "Br" "sp3" }
>> 	{ "i"   "I"  "sp3" }
>> }
>> #
>> #	Load the general force field parameter set.
>> #
>> gaff = loadamberparams gaff2.dat
Loading parameters: /home/aumu/miniconda3/envs/AutoMD/dat/leap/parm/gaff2.dat
Reading title:
AMBER General Force Field for organic molecules (Version 2.2.20, March 2021)
> 
> sti = loadmol2 sti.mol2
Loading Mol2 file: ./sti.mol2
Reading MOLECULE named STI
> check sti
Checking 'sti'....
Checking parameters for unit 'sti'.
Checking for bond parameters.
Checking for angle parameters.

/home/aumu/miniconda3/envs/AutoMD/bin/teLeap: Error!
Could not find angle parameter for atom types: c2 - c1 - n2
        for atom C5 at position 13.097000, 60.070000, 12.392000,
            atom C4 at position 12.031000, 59.591000, 11.525000,
        and atom N3 at position 10.961000, 60.425000, 11.216000.

/home/aumu/miniconda3/envs/AutoMD/bin/teLeap: Error!
Could not find angle parameter for atom types: c1 - c1 - ne
        for atom C12 at position 15.433000, 59.579000, 13.383000,
            atom C11 at position 16.428000, 58.603000, 13.615000,
        and atom N10 at position 16.232000, 57.303000, 13.202000.

/home/aumu/miniconda3/envs/AutoMD/bin/teLeap: Error!
Could not find angle parameter for atom types: c1 - ne - cf
        for atom C11 at position 16.428000, 58.603000, 13.615000,
            atom N10 at position 16.232000, 57.303000, 13.202000,
        and atom C9 at position 15.067000, 56.927000, 12.559000.

/home/aumu/miniconda3/envs/AutoMD/bin/teLeap: Error!
Could not find angle parameter for atom types: cf - n2 - c2
        for atom C9 at position 15.067000, 56.927000, 12.559000,
            atom N13 at position 14.852000, 55.627000, 12.128000,
        and atom C14 at position 15.822000, 54.641000, 12.322000.

/home/aumu/miniconda3/envs/AutoMD/bin/teLeap: Error!
Could not find angle parameter for atom types: n2 - c2 - c1
        for atom N13 at position 14.852000, 55.627000, 12.128000,
            atom C14 at position 15.822000, 54.641000, 12.322000,
        and atom C15 at position 15.698000, 53.772000, 13.436000.

/home/aumu/miniconda3/envs/AutoMD/bin/teLeap: Error!
Could not find angle parameter for atom types: c1 - c2 - n2
        for atom C17 at position 17.774000, 52.597000, 12.786000,
            atom C16 at position 16.678000, 52.727000, 13.688000,
        and atom N21 at position 16.600000, 51.810000, 14.798000.

/home/aumu/miniconda3/envs/AutoMD/bin/teLeap: Error!
Could not find angle parameter for atom types: c1 - c2 - n2
        for atom C15 at position 15.698000, 53.772000, 13.436000,
            atom C16 at position 16.678000, 52.727000, 13.688000,
        and atom N21 at position 16.600000, 51.810000, 14.798000.

/home/aumu/miniconda3/envs/AutoMD/bin/teLeap: Error!
Could not find angle parameter for atom types: n2 - c - c2
        for atom N21 at position 16.600000, 51.810000, 14.798000,
            atom C22 at position 15.629000, 51.747000, 15.784000,
        and atom C23 at position 15.595000, 50.558000, 16.689000.

/home/aumu/miniconda3/envs/AutoMD/bin/teLeap: Error!
Could not find angle parameter for atom types: c - c2 - c1
        for atom C22 at position 15.629000, 51.747000, 15.784000,
            atom C23 at position 15.595000, 50.558000, 16.689000,
        and atom C29 at position 16.751000, 49.689000, 16.748000.

/home/aumu/miniconda3/envs/AutoMD/bin/teLeap: Error!
Could not find angle parameter for atom types: c - c2 - c1
        for atom C22 at position 15.629000, 51.747000, 15.784000,
            atom C23 at position 15.595000, 50.558000, 16.689000,
        and atom C25 at position 14.423000, 50.268000, 17.519000.

/home/aumu/miniconda3/envs/AutoMD/bin/teLeap: Error!
Could not find angle parameter for atom types: c2 - c1 - n3
        for atom C27 at position 15.600000, 48.260000, 18.446000,
            atom C46 at position 15.696000, 47.030000, 19.368000,
        and atom N48 at position 16.917000, 46.907000, 20.219000.

/home/aumu/miniconda3/envs/AutoMD/bin/teLeap: Warning!
There are missing parameters.
Unit is OK.
> loadamberparams sti.frcmod
Loading parameters: ./sti.frcmod
Reading force field modification type file (frcmod)
Reading title:
Remark line goes here
> saveamberparm sti sti.prmtop sti.inpcrd
Checking Unit.
Building topology.
Building atom parameters.
Building bond parameters.
Building angle parameters.
Building proper torsion parameters.
Building improper torsion parameters.
 total 9 improper torsions applied
Building H-Bond parameters.
Incorporating Non-Bonded adjustments.
Not Marking per-residue atom chain types.
Marking per-residue atom chain types.
  (Residues lacking connect0/connect1 - 
   these don't have chain types marked:

	res	total affected

	STI	1
  )
 (no restraints)
> savepdb sti sti_amber.pdb
Writing pdb file: sti_amber.pdb
 quit
	Quit

Exiting LEaP: Errors = 11; Warnings = 1; Notes = 0.
