============================================================================
| ACPYPE: AnteChamber PYthon Parser interfacE v. 2023.10.27 (c) 2026 AWSdS |
============================================================================
DEBUG: CLI: -i lig.mol2 -c bcc -a gaff2
DEBUG: Python Version 3.10.20 (main, Mar 11 2026, 17:46:40) [GCC 14.3.0]
DEBUG: Max execution time tolerance is 3h
DEBUG: /home/aumu/miniconda3/envs/AutoMD/bin/antechamber -dr no -i lig.mol2 -fi mol2 -o tmp -fo ac -pf y
DEBUG: Info: The atom type is set to gaff; the options available to the -at flag are
 gaff, gaff2, amber, bcc, abcg2, and sybyl.


DEBUG: setResNameCheckCoords done
WARNING: no charge value given, trying to guess one...
DEBUG: /home/aumu/miniconda3/envs/AutoMD/bin/antechamber -dr no -i lig.mol2 -fi mol2 -o tmp -fo mol2 -c gas -pf n
DEBUG: /home/aumu/miniconda3/envs/AutoMD/bin/antechamber -dr no -i tmp -fi mol2 -o tmp -fo mol2 -c wc -cf tmp.crg -pf n
DEBUG: ++++++++++start_quote+++++++++++++++++++++++++++++++++++++++++++++++++++++++++++
DEBUG: Info: The atom type is set to gaff; the options available to the -at flag are
 gaff, gaff2, amber, bcc, abcg2, and sybyl.


DEBUG: ++++++++++end_quote+++++++++++++++++++++++++++++++++++++++++++++++++++++++++++++
DEBUG: readMol2TotalCharge: 1.942890293094024e-16
DEBUG: Net charge drift '0.000000'
==> ... charge set to 0
==> Executing Antechamber...
DEBUG: /home/aumu/miniconda3/envs/AutoMD/bin/antechamber -dr no -i lig.mol2 -fi mol2 -o lig_bcc_gaff2.mol2 -fo mol2 -c bcc -nc 0 -m 1 -s 2 -df 2 -at gaff2 -pf n 
DEBUG: No file left to be removed
==> * Antechamber OK *
DEBUG: /home/aumu/miniconda3/envs/AutoMD/bin/parmchk2 -i lig_bcc_gaff2.mol2 -f mol2 -o lig_AC.frcmod -s 2
==> * Parmchk OK *
DEBUG: No crd or prm files left to be removed
==> Executing Tleap...
DEBUG: /home/aumu/miniconda3/envs/AutoMD/bin/tleap -f tleap.in
DEBUG: ++++++++++start_quote+++++++++++++++++++++++++++++++++++++++++++++++++++++++++++
DEBUG: Checking 'LIG'....
Checking parameters for unit 'LIG'.
Checking for bond parameters.
Checking for angle parameters.
Unit is OK.
DEBUG: ++++++++++end_quote+++++++++++++++++++++++++++++++++++++++++++++++++++++++++++++
ERROR: ++++++++++start_quote+++++++++++++++++++++++++++++++++++++++++++++++++++++++++++
ERROR: -I: Adding /home/aumu/miniconda3/envs/AutoMD/dat/leap/prep to search path.
-I: Adding /home/aumu/miniconda3/envs/AutoMD/dat/leap/lib to search path.
-I: Adding /home/aumu/miniconda3/envs/AutoMD/dat/leap/parm to search path.
-I: Adding /home/aumu/miniconda3/envs/AutoMD/dat/leap/cmd to search path.
-f: Source tleap.in.

Welcome to LEaP!
(no leaprc in search path)
Sourcing: ./tleap.in
----- Source: /home/aumu/miniconda3/envs/AutoMD/dat/leap/cmd/leaprc.protein.ff14SB
----- Source of /home/aumu/miniconda3/envs/AutoMD/dat/leap/cmd/leaprc.protein.ff14SB done
Log file: ./leap.log
Loading parameters: /home/aumu/miniconda3/envs/AutoMD/dat/leap/parm/parm10.dat
Reading title:
PARM99 + frcmod.ff99SB + frcmod.parmbsc0 + OL3 for RNA
Loading parameters: /home/aumu/miniconda3/envs/AutoMD/dat/leap/parm/frcmod.ff14SB
Reading force field modification type file (frcmod)
Reading title:
ff14SB protein backbone and sidechain parameters
Loading library: /home/aumu/miniconda3/envs/AutoMD/dat/leap/lib/amino12.lib
Loading: ALA
Loading: ARG
Loading: ASH
Loading: ASN
Loading: ASP
Loading: CYM
Loading: CYS
Loading: CYX
Loading: GLH
Loading: GLN
Loading: GLU
Loading: GLY
Loading: HID
Loading: HIE
Loading: HIP
Loading: HYP
Loading: ILE
Loading: LEU
Loading: LYN
Loading: LYS
Loading: MET
Loading: PHE
Loading: PRO
Loading: SER
Loading: THR
Loading: TRP
Loading: TYR
Loading: VAL
Loading library: /home/aumu/miniconda3/envs/AutoMD/dat/leap/lib/aminoct12.lib
Loading: CALA
Loading: CARG
Loading: CASN
Loading: CASP
Loading: CCYS
Loading: CCYX
Loading: CGLN
Loading: CGLU
Loading: CGLY
Loading: CHID
Loading: CHIE
Loading: CHIP
Loading: CHYP
Loading: CILE
Loading: CLEU
Loading: CLYS
Loading: CMET
Loading: CPHE
Loading: CPRO
Loading: CSER
Loading: CTHR
Loading: CTRP
Loading: CTYR
Loading: CVAL
Loading: NHE
Loading: NME
Loading library: /home/aumu/miniconda3/envs/AutoMD/dat/leap/lib/aminont12.lib
Loading: ACE
Loading: NALA
Loading: NARG
Loading: NASN
Loading: NASP
Loading: NCYS
Loading: NCYX
Loading: NGLN
Loading: NGLU
Loading: NGLY
Loading: NHID
Loading: NHIE
Loading: NHIP
Loading: NILE
Loading: NLEU
Loading: NLYS
Loading: NMET
Loading: NPHE
Loading: NPRO
Loading: NSER
Loading: NTHR
Loading: NTRP
Loading: NTYR
Loading: NVAL
----- Source: /home/aumu/miniconda3/envs/AutoMD/dat/leap/cmd/leaprc.gaff2
----- Source of /home/aumu/miniconda3/envs/AutoMD/dat/leap/cmd/leaprc.gaff2 done
Log file: ./leap.log
Loading parameters: /home/aumu/miniconda3/envs/AutoMD/dat/leap/parm/gaff2.dat
Reading title:
AMBER General Force Field for organic molecules (Version 2.2.20, March 2021)
Loading parameters: ./lig_AC.frcmod
Reading force field modification type file (frcmod)
Reading title:
Remark line goes here
Loading Mol2 file: ./lig_bcc_gaff2.mol2
Reading MOLECULE named LIG
Checking 'LIG'....
Checking parameters for unit 'LIG'.
Checking for bond parameters.
Checking for angle parameters.
Unit is OK.
Checking Unit.
Building topology.
Building atom parameters.
Building bond parameters.
Building angle parameters.
Building proper torsion parameters.
!FATAL ERROR----------------------------------------
!FATAL: In file [/home/conda/feedstock_root/build_artifacts/ambertools_1740608346106/work/AmberTools/src/leap/src/leap/unitio.c], line 1955
!FATAL: Message: 1-4: cannot add bond 2 3
This may be caused by duplicate bond specifications;
for example, explicit bond commands in addition to PDB conect records.
!
!ABORTING.
ERROR: ++++++++++end_quote+++++++++++++++++++++++++++++++++++++++++++++++++++++++++++++
ERROR: Tleap failed
==> Removing temporary files...
ERROR: Files 'lig_AC.inpcrd' and/or 'lig_AC.prmtop' don't exist
ERROR: molTopol object won't be created
ERROR: ACPYPE FAILED: [Errno 2] No such file or directory: 'lig_AC.inpcrd'
Traceback (most recent call last):
  File "/home/aumu/miniconda3/envs/AutoMD/lib/python3.10/site-packages/acpype/cli.py", line 138, in init_main
    molecule.createMolTopol()
  File "/home/aumu/miniconda3/envs/AutoMD/lib/python3.10/site-packages/acpype/topol.py", line 1116, in createMolTopol
    self.molTopol = MolTopol(
  File "/home/aumu/miniconda3/envs/AutoMD/lib/python3.10/site-packages/acpype/topol.py", line 3412, in __init__
    self.xyzFileData = open(acFileXyz).readlines()
FileNotFoundError: [Errno 2] No such file or directory: 'lig_AC.inpcrd'
Total time of execution: 2m 36s
DEBUG: No tmp folder left to be removed
