            --------------------------------------------------------
                             AMBER SQM VERSION 19
 
                                     By
              Ross C. Walker, Michael F. Crowley, Scott Brozell,
                         Tim Giese, Andreas W. Goetz,
                        Tai-Sung Lee and David A. Case
 
            --------------------------------------------------------
 

--------------------------------------------------------------------------------
  QM CALCULATION INFO
--------------------------------------------------------------------------------

| QMMM: Citation for AMBER QMMM Run:
| QMMM: R.C. Walker, M.F. Crowley and D.A. Case, J. COMP. CHEM. 29:1019, 2008

QMMM: SINGLET STATE CALCULATION
QMMM: RHF CALCULATION, NO. OF DOUBLY OCCUPIED LEVELS = 94

| QMMM: *** Selected Hamiltonian *** 
| QMMM: AM1         

| QMMM: *** Parameter sets in use ***
| QMMM: C : M.J.S.DEWAR et al. JACS, 107, 3902, (1985)
| QMMM: N : M.J.S.DEWAR et al. JACS, 107, 3902, (1985)
| QMMM: O : M.J.S.DEWAR et al. JACS, 107, 3902, (1985)
| QMMM: H : M.J.S.DEWAR et al. JACS, 107, 3902, (1985)

| QMMM: *** SCF convergence criteria ***
| QMMM: Energy change                :  0.1D-09 kcal/mol
| QMMM: Error matrix |FP-PF|         :  0.1D+00 au
| QMMM: Density matrix change        :  0.5D-06
| QMMM: Maximum number of SCF cycles :     1000

| QMMM: *** Diagonalization Routine Information ***
| QMMM: Pseudo diagonalizations are allowed.
| QMMM: Auto diagonalization routine selection is in use.
| QMMM:
| QMMM: Timing diagonalization routines:
| QMMM:                              norbs =      179
| QMMM:    diag iterations used for timing =        5
| QMMM:
| QMMM:              Internal diag routine = 0.096931 seconds
| QMMM:                 Dspev diag routine = 0.069401 seconds
| QMMM:                Dspevd diag routine = 0.168405 seconds
| QMMM:                Dspevx diag routine = 0.162925 seconds
| QMMM:                 Dsyev diag routine = 0.116332 seconds
| QMMM:                Dsyevd diag routine = 0.163965 seconds
| QMMM:                Dsyevr diag routine = 0.017290 seconds
| QMMM:
| QMMM:                Pseudo diag routine = 0.024665 seconds
| QMMM: Pseudo diagonalization appears to be slower than regular
| QMMM: diagonalization. Setting pseudo_diag=0 for optimum performance.
| QMMM:
| QMMM: Using dsyevr routine (diag_routine=7).

  QMMM: QM Region Cartesian Coordinates (*=link atom) 
  QMMM: QM_NO.   MM_NO.  ATOM         X         Y         Z
  QMMM:     1        1      C       -5.1400    2.1850   -3.6760
  QMMM:     2        2      C       -3.8430    1.6740   -3.1070
  QMMM:     3        3      C       -2.6780    1.8100   -3.8820
  QMMM:     4        4      C       -1.4450    1.3520   -3.4170
  QMMM:     5        5      C       -1.3540    0.7500   -2.1690
  QMMM:     6        6      C       -2.5170    0.6130   -1.3940
  QMMM:     7        7      C       -3.7750    1.0550   -1.8380
  QMMM:     8        8      N       -4.9400    0.8980   -1.0720
  QMMM:     9        9      C       -5.2290    0.3390    0.1700
  QMMM:    10       10      N       -4.2830   -0.1910    0.9560
  QMMM:    11       11      C       -4.6760   -0.7010    2.1330
  QMMM:    12       12      C       -5.9780   -0.7010    2.5650
  QMMM:    13       13      C       -6.9010   -0.1370    1.7090
  QMMM:    14       14      N       -6.5290    0.3740    0.5120
  QMMM:    15       15      C       -8.3420   -0.0560    2.0140
  QMMM:    16       16      C       -9.3120   -0.0540    1.0000
  QMMM:    17       17      C      -10.6700    0.0160    1.3090
  QMMM:    18       18      C      -11.0360    0.0820    2.6410
  QMMM:    19       19      N      -10.1490    0.0900    3.6560
  QMMM:    20       20      C       -8.8360    0.0290    3.3170
  QMMM:    21       21      N       -0.1520    0.2640   -1.6130
  QMMM:    22       22      C        1.0850    0.1860   -2.2280
  QMMM:    23       23      O        1.3650    0.4820   -3.3820
  QMMM:    24       24      C        2.1650   -0.3570   -1.3600
  QMMM:    25       25      C        3.0680   -1.2730   -1.9060
  QMMM:    26       26      C        4.0930   -1.7990   -1.1160
  QMMM:    27       27      C        4.2440   -1.3990    0.2200
  QMMM:    28       28      C        3.3360   -0.4690    0.7540
  QMMM:    29       29      C        2.3030    0.0530   -0.0290
  QMMM:    30       30      C        5.3630   -1.9590    1.0750
  QMMM:    31       31      N        6.6300   -1.2280    1.0710
  QMMM:    32       32      C        6.5540    0.1760    1.4770
  QMMM:    33       33      C        7.9540    0.8160    1.7010
  QMMM:    34       34      N        9.0830    0.2280    0.9450
  QMMM:    35       35      C        8.5790   -0.3630   -0.3080
  QMMM:    36       36      C        7.4280   -1.3950   -0.1510
  QMMM:    37       37      C        9.7860   -0.7730    1.7500
  QMMM:    38       38      H       -5.6130    2.8880   -2.9840
  QMMM:    39       39      H       -5.8200    1.3500   -3.8740
  QMMM:    40       40      H       -4.9850    2.7180   -4.6210
  QMMM:    41       41      H       -2.7200    2.2790   -4.8640
  QMMM:    42       42      H       -0.5750    1.4880   -4.0510
  QMMM:    43       43      H       -2.4330    0.1390   -0.4220
  QMMM:    44       44      H       -5.8030    1.2300   -1.4740
  QMMM:    45       45      H       -3.8830   -1.1290    2.7410
  QMMM:    46       46      H       -6.2410   -1.1400    3.5170
  QMMM:    47       47      H       -9.0090   -0.1090   -0.0440
  QMMM:    48       48      H      -11.4200    0.0150    0.5270
  QMMM:    49       49      H      -12.0800    0.1370    2.9370
  QMMM:    50       50      H       -8.1710    0.0670    4.1770
  QMMM:    51       51      H       -0.2320   -0.1370   -0.6870
  QMMM:    52       52      H        2.9720   -1.5810   -2.9460
  QMMM:    53       53      H        4.7780   -2.5220   -1.5540
  QMMM:    54       54      H        3.4400   -0.1370    1.7860
  QMMM:    55       55      H        1.6370    0.7980    0.3980
  QMMM:    56       56      H        5.0030   -2.0290    2.1100
  QMMM:    57       57      H        5.5430   -3.0020    0.7860
  QMMM:    58       58      H        6.0300    0.7610    0.7100
  QMMM:    59       59      H        5.9840    0.2720    2.4090
  QMMM:    60       60      H        7.8820    1.8740    1.4140
  QMMM:    61       61      H        8.1840    0.8250    2.7760
  QMMM:    62       62      H        9.4010   -0.8160   -0.8750
  QMMM:    63       63      H        8.2150    0.4640   -0.9340
  QMMM:    64       64      H        7.8620   -2.4020   -0.1330
  QMMM:    65       65      H        6.8130   -1.3230   -1.0540
  QMMM:    66       66      H       10.2550   -0.2930    2.6170
  QMMM:    67       67      H       10.5990   -1.2290    1.1730
  QMMM:    68       68      H        9.1360   -1.5750    2.1170

--------------------------------------------------------------------------------
  RESULTS
--------------------------------------------------------------------------------

      iter         sqm energy              rms gradient
      ----    -------------------    -----------------------
xmin    10      126.9271 kcal/mol        0.5503 kcal/(mol*A)
xmin    20      126.5233 kcal/mol        0.7470 kcal/(mol*A)
xmin    30      126.2082 kcal/mol        0.2056 kcal/(mol*A)
xmin    40      126.1668 kcal/mol        0.1062 kcal/(mol*A)
xmin    50      126.0031 kcal/mol        0.5670 kcal/(mol*A)
xmin    60      125.5546 kcal/mol        0.2190 kcal/(mol*A)
xmin    70      125.2775 kcal/mol        0.6068 kcal/(mol*A)
xmin    80      125.2143 kcal/mol        1.0496 kcal/(mol*A)
xmin    90      125.0042 kcal/mol        0.3868 kcal/(mol*A)
xmin   100      124.9257 kcal/mol        0.4764 kcal/(mol*A)
xmin   110      124.8172 kcal/mol        0.1660 kcal/(mol*A)
xmin   120      124.7693 kcal/mol        0.3146 kcal/(mol*A)
xmin   130      124.7310 kcal/mol        0.0498 kcal/(mol*A)
xmin   140      124.7190 kcal/mol        0.0301 kcal/(mol*A)
xmin   150      124.7165 kcal/mol        0.0314 kcal/(mol*A)
xmin   160      124.7129 kcal/mol        0.0310 kcal/(mol*A)
xmin   170      124.7114 kcal/mol        0.0033 kcal/(mol*A)
xmin   180      124.7110 kcal/mol        0.0101 kcal/(mol*A)
xmin   190      124.7109 kcal/mol        0.0089 kcal/(mol*A)
xmin   200      124.7109 kcal/mol        0.0019 kcal/(mol*A)
xmin   210      124.7109 kcal/mol        0.0068 kcal/(mol*A)
xmin   220      124.7109 kcal/mol        0.0046 kcal/(mol*A)
xmin   230      124.7108 kcal/mol        0.0017 kcal/(mol*A)
xmin   240      124.7108 kcal/mol        0.0013 kcal/(mol*A)
xmin   250      124.7108 kcal/mol        0.0006 kcal/(mol*A)
xmin   260      124.7108 kcal/mol        0.0011 kcal/(mol*A)
  ... geometry converged !
 
 Final MO eigenvalues (eV):
 -41.1402  -40.9673  -40.4326  -40.0266  -39.5782  -38.6996  -36.6926  -36.4367
 -35.4674  -34.9321  -33.1191  -33.0457  -32.5306  -32.1264  -31.9395  -31.4677
 -30.7436  -29.7684  -29.5469  -27.5815  -26.5528  -25.8751  -25.0769  -24.9976
 -24.7217  -24.0372  -23.6577  -23.5285  -23.1824  -22.5301  -22.0512  -20.8816
 -19.5071  -19.2205  -18.9206  -18.6274  -17.9953  -17.6390  -17.5020  -17.2468
 -17.2078  -16.9441  -16.7935  -16.5920  -16.4305  -16.3603  -16.3179  -16.1980
 -15.8459  -15.7437  -15.3141  -15.1077  -15.0317  -14.9430  -14.8680  -14.6788
 -14.6063  -14.4684  -14.4154  -14.3594  -14.2648  -14.0909  -14.0869  -13.9102
 -13.6467  -13.3097  -13.1667  -13.1479  -13.0217  -12.9620  -12.8223  -12.7703
 -12.6566  -12.5584  -12.3183  -12.2177  -12.0856  -12.0523  -11.9968  -11.8281
 -11.7388  -11.2318  -10.9383  -10.8641  -10.7725  -10.5512  -10.1618  -10.1373
 -10.0252   -9.7218   -9.2912   -9.0847   -9.0639   -8.6038   -0.6958   -0.4072
  -0.1745    0.0805    0.0974    0.2674    0.4123    0.4653    1.4395    1.5440
   1.8310    2.3628    2.3981    2.6437    2.7274    2.8184    2.8922    3.1190
   3.1945    3.2255    3.3719    3.3771    3.4056    3.4696    3.5563    3.6369
   3.6447    3.6815    3.6908    3.8201    3.8404    3.8577    3.8649    3.9129
   3.9201    3.9303    3.9806    3.9990    4.0359    4.1066    4.1555    4.2029
   4.2499    4.3147    4.3247    4.3327    4.3626    4.4147    4.4187    4.4708
   4.5105    4.5514    4.5664    4.5851    4.6538    4.6633    4.6749    4.7265
   4.7526    4.8126    4.8597    4.8652    4.8936    4.9755    4.9969    5.0812
   5.1771    5.2261    5.2382    5.2785    5.4191    5.5166    5.5773    5.6273
   5.7401    5.9437    5.9641    6.0387    6.1265    6.1373    6.2235    6.3360
   6.6033    6.8686    6.8787

 Heat of formation   =        124.71078503 kcal/mol  (        5.40786545 eV)

 Total SCF energy    =    -136205.52680699 kcal/mol  (    -5906.31485222 eV)
 Electronic energy   =   -1167228.91407395 kcal/mol  (   -50614.84385213 eV)
 Core-core repulsion =    1031023.38726695 kcal/mol  (    44708.52899991 eV)
 
    Atomic Charges for Step       1 :
  Atom    Element       Mulliken Charge
     1      C                 -0.179
     2      C                 -0.127
     3      C                 -0.094
     4      C                 -0.158
     5      C                  0.083
     6      C                 -0.157
     7      C                  0.068
     8      N                 -0.225
     9      C                  0.152
    10      N                 -0.203
    11      C                 -0.004
    12      C                 -0.278
    13      C                  0.101
    14      N                 -0.223
    15      C                 -0.102
    16      C                 -0.051
    17      C                 -0.189
    18      C                 -0.060
    19      N                 -0.141
    20      C                 -0.049
    21      N                 -0.321
    22      C                  0.354
    23      O                 -0.344
    24      C                 -0.125
    25      C                 -0.078
    26      C                 -0.129
    27      C                 -0.091
    28      C                 -0.128
    29      C                 -0.105
    30      C                 -0.030
    31      N                 -0.256
    32      C                 -0.088
    33      C                 -0.068
    34      N                 -0.247
    35      C                 -0.081
    36      C                 -0.104
    37      C                 -0.124
    38      H                  0.080
    39      H                  0.083
    40      H                  0.088
    41      H                  0.137
    42      H                  0.176
    43      H                  0.150
    44      H                  0.234
    45      H                  0.166
    46      H                  0.158
    47      H                  0.155
    48      H                  0.147
    49      H                  0.162
    50      H                  0.164
    51      H                  0.235
    52      H                  0.155
    53      H                  0.140
    54      H                  0.138
    55      H                  0.138
    56      H                  0.100
    57      H                  0.100
    58      H                  0.062
    59      H                  0.089
    60      H                  0.091
    61      H                  0.084
    62      H                  0.096
    63      H                  0.095
    64      H                  0.088
    65      H                  0.073
    66      H                  0.083
    67      H                  0.081
    68      H                  0.054
 Total Mulliken Charge =      -0.000
 
                  X        Y        Z     TOTAL  
  QM DIPOLE    -0.995   -1.318    1.068    1.967
 
 Final Structure

  QMMM: QM Region Cartesian Coordinates (*=link atom) 
  QMMM: QM_NO.   MM_NO.  ATOM         X         Y         Z
  QMMM:     1        1      C       -5.0319    2.0525   -3.5661
  QMMM:     2        2      C       -3.7575    1.5772   -2.9791
  QMMM:     3        3      C       -2.6398    1.4058   -3.7954
  QMMM:     4        4      C       -1.4213    0.9600   -3.2973
  QMMM:     5        5      C       -1.2892    0.6751   -1.9243
  QMMM:     6        6      C       -2.4080    0.8578   -1.0771
  QMMM:     7        7      C       -3.6371    1.2960   -1.5937
  QMMM:     8        8      N       -4.7261    1.5420   -0.7192
  QMMM:     9        9      C       -5.3287    0.5012    0.0200
  QMMM:    10       10      N       -4.5993   -0.6481    0.3030
  QMMM:    11       11      C       -5.2056   -1.5510    1.0865
  QMMM:    12       12      C       -6.4977   -1.3846    1.6120
  QMMM:    13       13      C       -7.1765   -0.1921    1.2713
  QMMM:    14       14      N       -6.6195    0.7484    0.4731
  QMMM:    15       15      C       -8.5343    0.0333    1.7888
  QMMM:    16       16      C       -9.5235    0.6672    1.0241
  QMMM:    17       17      C      -10.7955    0.8345    1.5732
  QMMM:    18       18      C      -11.0343    0.3663    2.8773
  QMMM:    19       19      N      -10.0942   -0.2363    3.6325
  QMMM:    20       20      C       -8.8727   -0.3945    3.0935
  QMMM:    21       21      N       -0.0918    0.2297   -1.3399
  QMMM:    22       22      C        1.1000   -0.0782   -1.9823
  QMMM:    23       23      O        1.2564    0.0098   -3.2139
  QMMM:    24       24      C        2.2094   -0.5478   -1.0978
  QMMM:    25       25      C        2.9961   -1.6176   -1.5391
  QMMM:    26       26      C        4.0513   -2.0757   -0.7528
  QMMM:    27       27      C        4.3358   -1.4661    0.4735
  QMMM:    28       28      C        3.5532   -0.3889    0.9031
  QMMM:    29       29      C        2.4932    0.0702    0.1237
  QMMM:    30       30      C        5.4627   -1.9735    1.3315
  QMMM:    31       31      N        6.7318   -1.2766    1.2603
  QMMM:    32       32      C        6.6888    0.0842    1.7687
  QMMM:    33       33      C        8.0745    0.7634    1.8012
  QMMM:    34       34      N        8.9298    0.5111    0.6481
  QMMM:    35       35      C        8.2105   -0.1443   -0.4290
  QMMM:    36       36      C        7.4011   -1.3948   -0.0268
  QMMM:    37       37      C       10.1758   -0.1410    0.9879
  QMMM:    38       38      H       -5.2901    3.0709   -3.1792
  QMMM:    39       39      H       -5.8710    1.3555   -3.3170
  QMMM:    40       40      H       -4.9588    2.1180   -4.6801
  QMMM:    41       41      H       -2.7229    1.6245   -4.8725
  QMMM:    42       42      H       -0.5710    0.8338   -3.9876
  QMMM:    43       43      H       -2.3178    0.6505    0.0019
  QMMM:    44       44      H       -5.3695    2.2318   -1.0580
  QMMM:    45       45      H       -4.6172   -2.4631    1.3001
  QMMM:    46       46      H       -6.9621   -2.1499    2.2421
  QMMM:    47       47      H       -9.3018    1.0273    0.0080
  QMMM:    48       48      H      -11.5958    1.3239    1.0028
  QMMM:    49       49      H      -12.0274    0.4789    3.3486
  QMMM:    50       50      H       -8.1206   -0.8811    3.7414
  QMMM:    51       51      H       -0.1307    0.0633   -0.3576
  QMMM:    52       52      H        2.7800   -2.0830   -2.5142
  QMMM:    53       53      H        4.6628   -2.9222   -1.1011
  QMMM:    54       54      H        3.7781    0.0989    1.8642
  QMMM:    55       55      H        1.8999    0.9304    0.4699
  QMMM:    56       56      H        5.1283   -1.9475    2.4091
  QMMM:    57       57      H        5.6682   -3.0495    1.0599
  QMMM:    58       58      H        5.9859    0.7316    1.1662
  QMMM:    59       59      H        6.2945    0.0454    2.8227
  QMMM:    60       60      H        7.9019    1.8767    1.8358
  QMMM:    61       61      H        8.5929    0.4662    2.7558
  QMMM:    62       62      H        8.9347   -0.4418   -1.2358
  QMMM:    63       63      H        7.5040    0.6216   -0.8584
  QMMM:    64       64      H        8.0972   -2.2768    0.0624
  QMMM:    65       65      H        6.6754   -1.6144   -0.8622
  QMMM:    66       66      H       10.7025    0.4722    1.7653
  QMMM:    67       67      H       10.8200   -0.1841    0.0707
  QMMM:    68       68      H       10.0447   -1.1851    1.3828

           --------- Calculation Completed ----------

