            --------------------------------------------------------
                             AMBER SQM VERSION 19
 
                                     By
              Ross C. Walker, Michael F. Crowley, Scott Brozell,
                         Tim Giese, Andreas W. Goetz,
                        Tai-Sung Lee and David A. Case
 
            --------------------------------------------------------
 

--------------------------------------------------------------------------------
  QM CALCULATION INFO
--------------------------------------------------------------------------------

| QMMM: Citation for AMBER QMMM Run:
| QMMM: R.C. Walker, M.F. Crowley and D.A. Case, J. COMP. CHEM. 29:1019, 2008

QMMM: SINGLET STATE CALCULATION
QMMM: RHF CALCULATION, NO. OF DOUBLY OCCUPIED LEVELS = 94

| QMMM: *** Selected Hamiltonian *** 
| QMMM: AM1         

| QMMM: *** Parameter sets in use ***
| QMMM: C : M.J.S.DEWAR et al. JACS, 107, 3902, (1985)
| QMMM: N : M.J.S.DEWAR et al. JACS, 107, 3902, (1985)
| QMMM: O : M.J.S.DEWAR et al. JACS, 107, 3902, (1985)
| QMMM: H : M.J.S.DEWAR et al. JACS, 107, 3902, (1985)

| QMMM: *** SCF convergence criteria ***
| QMMM: Energy change                :  0.1D-09 kcal/mol
| QMMM: Error matrix |FP-PF|         :  0.1D+00 au
| QMMM: Density matrix change        :  0.5D-06
| QMMM: Maximum number of SCF cycles :     1000

| QMMM: *** Diagonalization Routine Information ***
| QMMM: Pseudo diagonalizations are allowed.
| QMMM: Auto diagonalization routine selection is in use.
| QMMM:
| QMMM: Timing diagonalization routines:
| QMMM:                              norbs =      179
| QMMM:    diag iterations used for timing =        5
| QMMM:
| QMMM:              Internal diag routine = 0.081177 seconds
| QMMM:                 Dspev diag routine = 0.055443 seconds
| QMMM:                Dspevd diag routine = 0.110354 seconds
| QMMM:                Dspevx diag routine = 0.184947 seconds
| QMMM:                 Dsyev diag routine = 0.120407 seconds
| QMMM:                Dsyevd diag routine = 0.011657 seconds
| QMMM:                Dsyevr diag routine = 0.018666 seconds
| QMMM:
| QMMM:                Pseudo diag routine = 0.030671 seconds
| QMMM: Pseudo diagonalization appears to be slower than regular
| QMMM: diagonalization. Setting pseudo_diag=0 for optimum performance.
| QMMM:
| QMMM: Using dsyevd routine (diag_routine=6).

  QMMM: QM Region Cartesian Coordinates (*=link atom) 
  QMMM: QM_NO.   MM_NO.  ATOM         X         Y         Z
  QMMM:     1        1      C        2.5320    0.0200   -0.0420
  QMMM:     2        2      C        1.0360    0.0080    0.0980
  QMMM:     3        3      C        0.3580    1.2190   -0.1140
  QMMM:     4        4      C       -1.0340    1.2930   -0.0610
  QMMM:     5        5      C       -1.7870    0.1470    0.1710
  QMMM:     6        6      C       -1.1140   -1.0460    0.4360
  QMMM:     7        7      C        0.2980   -1.1350    0.4610
  QMMM:     8        8      N        0.9300   -2.3360    0.8440
  QMMM:     9        9      C        0.5190   -3.2530    1.8200
  QMMM:    10       10      N        1.3020   -4.3160    2.0400
  QMMM:    11       11      C        0.9360   -5.1440    3.0380
  QMMM:    12       12      C       -0.1480   -4.9270    3.8580
  QMMM:    13       13      C       -0.8930   -3.8020    3.5830
  QMMM:    14       14      N       -0.5720   -2.9950    2.5530
  QMMM:    15       15      C       -2.0370   -3.3360    4.3880
  QMMM:    16       16      C       -2.4010   -1.9770    4.4120
  QMMM:    17       17      C       -3.4660   -1.5320    5.1920
  QMMM:    18       18      C       -4.1560   -2.4660    5.9420
  QMMM:    19       19      N       -3.8610   -3.7810    5.9500
  QMMM:    20       20      C       -2.8200   -4.1810    5.1750
  QMMM:    21       21      N       -3.2040    0.1290    0.1460
  QMMM:    22       22      C       -4.0350    1.1840   -0.1810
  QMMM:    23       23      O       -3.6800    2.3170   -0.4930
  QMMM:    24       24      C       -5.4990    0.9070   -0.1820
  QMMM:    25       25      C       -6.0860   -0.0670    0.6320
  QMMM:    26       26      C       -7.4740   -0.2270    0.6270
  QMMM:    27       27      C       -8.2930    0.5950   -0.1650
  QMMM:    28       28      C       -7.7010    1.5640   -0.9830
  QMMM:    29       29      C       -6.3140    1.7190   -0.9870
  QMMM:    30       30      C       -9.8020    0.5110   -0.0330
  QMMM:    31       31      N      -10.2340    0.7990    1.3410
  QMMM:    32       32      C       -9.9030    2.1750    1.7600
  QMMM:    33       33      C      -10.3260    2.4350    3.2210
  QMMM:    34       34      N      -11.7530    2.1840    3.5020
  QMMM:    35       35      C      -12.1180    0.8480    2.9850
  QMMM:    36       36      C      -11.6730    0.5560    1.5290
  QMMM:    37       37      C      -12.5980    3.2330    2.9350
  QMMM:    38       38      H        2.8560    0.8800   -0.6410
  QMMM:    39       39      H        2.8840   -0.8710   -0.5730
  QMMM:    40       40      H        3.0120    0.0860    0.9380
  QMMM:    41       41      H        0.9110    2.1300   -0.3350
  QMMM:    42       42      H       -1.4900    2.2610   -0.2250
  QMMM:    43       43      H       -1.6940   -1.9460    0.6300
  QMMM:    44       44      H        1.9360   -2.3750    0.7810
  QMMM:    45       45      H        1.5760   -6.0100    3.1810
  QMMM:    46       46      H       -0.3590   -5.5910    4.6840
  QMMM:    47       47      H       -1.8440   -1.2500    3.8210
  QMMM:    48       48      H       -3.7380   -0.4830    5.2170
  QMMM:    49       49      H       -4.9870   -2.1690    6.5770
  QMMM:    50       50      H       -2.6440   -5.2510    5.2090
  QMMM:    51       51      H       -3.6210   -0.7800    0.2920
  QMMM:    52       52      H       -5.4980   -0.6670    1.3180
  QMMM:    53       53      H       -7.9310   -0.9540    1.2960
  QMMM:    54       54      H       -8.3110    2.2340   -1.5840
  QMMM:    55       55      H       -5.8690    2.5010   -1.6000
  QMMM:    56       56      H      -10.0910   -0.5110   -0.3110
  QMMM:    57       57      H      -10.2920    1.1810   -0.7510
  QMMM:    58       58      H      -10.3740    2.9070    1.0910
  QMMM:    59       59      H       -8.8220    2.3470    1.7100
  QMMM:    60       60      H      -10.0560    3.4590    3.5050
  QMMM:    61       61      H       -9.7310    1.7830    3.8760
  QMMM:    62       62      H      -13.1990    0.6890    3.0800
  QMMM:    63       63      H      -11.6530    0.1010    3.6420
  QMMM:    64       64      H      -12.2650    1.1640    0.8330
  QMMM:    65       65      H      -11.8990   -0.4950    1.3110
  QMMM:    66       66      H      -12.3090    4.2120    3.3350
  QMMM:    67       67      H      -13.6420    3.0740    3.2230
  QMMM:    68       68      H      -12.5500    3.2880    1.8430

--------------------------------------------------------------------------------
  RESULTS
--------------------------------------------------------------------------------

      iter         sqm energy              rms gradient
      ----    -------------------    -----------------------
xmin    10      124.6011 kcal/mol        0.6020 kcal/(mol*A)
xmin    20      123.6574 kcal/mol        0.1666 kcal/(mol*A)
xmin    30      123.4919 kcal/mol        0.0427 kcal/(mol*A)
xmin    40      123.4877 kcal/mol        0.0413 kcal/(mol*A)
xmin    50      123.4787 kcal/mol        0.0171 kcal/(mol*A)
xmin    60      123.4602 kcal/mol        0.0677 kcal/(mol*A)
xmin    70      123.4397 kcal/mol        0.0314 kcal/(mol*A)
xmin    80      123.4292 kcal/mol        0.0251 kcal/(mol*A)
xmin    90      123.4280 kcal/mol        0.0172 kcal/(mol*A)
xmin   100      123.4276 kcal/mol        0.0061 kcal/(mol*A)
xmin   110      123.4271 kcal/mol        0.0069 kcal/(mol*A)
xmin   120      123.4265 kcal/mol        0.0146 kcal/(mol*A)
xmin   130      123.4259 kcal/mol        0.0176 kcal/(mol*A)
xmin   140      123.4255 kcal/mol        0.0100 kcal/(mol*A)
xmin   150      123.4245 kcal/mol        0.0120 kcal/(mol*A)
xmin   160      123.4236 kcal/mol        0.0055 kcal/(mol*A)
xmin   170      123.4232 kcal/mol        0.0186 kcal/(mol*A)
xmin   180      123.4227 kcal/mol        0.0159 kcal/(mol*A)
xmin   190      123.4222 kcal/mol        0.0091 kcal/(mol*A)
xmin   200      123.4219 kcal/mol        0.0029 kcal/(mol*A)
xmin   210      123.4217 kcal/mol        0.0030 kcal/(mol*A)
xmin   220      123.4214 kcal/mol        0.0256 kcal/(mol*A)
xmin   230      123.4213 kcal/mol        0.0094 kcal/(mol*A)
xmin   240      123.4212 kcal/mol        0.0022 kcal/(mol*A)
xmin   250      123.4212 kcal/mol        0.0056 kcal/(mol*A)
xmin   260      123.4211 kcal/mol        0.0039 kcal/(mol*A)
xmin   270      123.4210 kcal/mol        0.0028 kcal/(mol*A)
  ... geometry converged !
 
 Final MO eigenvalues (eV):
 -41.1190  -40.8855  -40.4044  -40.0452  -39.6053  -38.6980  -36.6883  -36.4712
 -35.4434  -34.9434  -33.1916  -33.0101  -32.4027  -32.0589  -31.7527  -31.6331
 -30.9482  -29.6745  -29.3867  -27.6149  -26.5847  -25.8793  -25.0498  -24.8584
 -24.6222  -24.0841  -23.7240  -23.3015  -23.2086  -22.4981  -21.9513  -20.8759
 -20.0952  -19.2126  -18.8933  -18.6550  -17.8925  -17.6451  -17.3637  -17.1043
 -16.9454  -16.6930  -16.6719  -16.4834  -16.3512  -16.2258  -16.1695  -15.9585
 -15.8134  -15.6503  -15.5953  -15.4048  -15.3709  -15.1148  -14.9607  -14.8396
 -14.5385  -14.4831  -14.4620  -14.4100  -14.3266  -14.2316  -14.0628  -13.9028
 -13.2947  -13.2573  -13.1967  -13.1291  -13.0503  -12.9428  -12.7805  -12.7434
 -12.6530  -12.4687  -12.2773  -12.2586  -12.0736  -11.9956  -11.9636  -11.8779
 -11.8623  -11.2008  -10.8885  -10.8539  -10.7623  -10.5344  -10.1237  -10.0488
  -9.8514   -9.7380   -9.5746   -9.1451   -9.0287   -8.5779   -0.6856   -0.3357
  -0.1398    0.0844    0.2085    0.3033    0.4187    0.4834    1.4507    1.6475
   1.8349    2.3880    2.4236    2.6324    2.6586    2.8218    2.8823    3.0192
   3.2687    3.2833    3.3793    3.4277    3.4655    3.5510    3.6423    3.6926
   3.7055    3.7093    3.7146    3.8177    3.8374    3.8459    3.8708    3.8866
   3.9391    3.9494    4.0122    4.0188    4.0584    4.0823    4.1681    4.1722
   4.1965    4.2287    4.2812    4.3203    4.3494    4.3644    4.3733    4.4386
   4.4747    4.5468    4.5734    4.5930    4.6320    4.6672    4.6865    4.7236
   4.7840    4.8140    4.8812    4.8900    4.9153    5.0287    5.0814    5.1306
   5.2234    5.2588    5.2971    5.3132    5.4239    5.5396    5.6475    5.6662
   5.7609    5.8848    5.9827    5.9982    6.0687    6.1521    6.1671    6.1908
   6.6050    6.8908    6.9224

 Heat of formation   =        123.42103627 kcal/mol  (        5.35193774 eV)

 Total SCF energy    =    -136206.81655576 kcal/mol  (    -5906.37077992 eV)
 Electronic energy   =   -1206550.66497723 kcal/mol  (   -52319.96292343 eV)
 Core-core repulsion =    1070343.84842148 kcal/mol  (    46413.59214351 eV)
 
    Atomic Charges for Step       1 :
  Atom    Element       Mulliken Charge
     1      C                 -0.179
     2      C                 -0.127
     3      C                 -0.095
     4      C                 -0.159
     5      C                  0.083
     6      C                 -0.160
     7      C                  0.069
     8      N                 -0.228
     9      C                  0.153
    10      N                 -0.218
    11      C                 -0.001
    12      C                 -0.279
    13      C                  0.097
    14      N                 -0.209
    15      C                 -0.102
    16      C                 -0.052
    17      C                 -0.190
    18      C                 -0.061
    19      N                 -0.141
    20      C                 -0.050
    21      N                 -0.322
    22      C                  0.355
    23      O                 -0.347
    24      C                 -0.129
    25      C                 -0.109
    26      C                 -0.116
    27      C                 -0.054
    28      C                 -0.137
    29      C                 -0.079
    30      C                 -0.034
    31      N                 -0.253
    32      C                 -0.106
    33      C                 -0.074
    34      N                 -0.246
    35      C                 -0.074
    36      C                 -0.102
    37      C                 -0.128
    38      H                  0.088
    39      H                  0.081
    40      H                  0.084
    41      H                  0.136
    42      H                  0.175
    43      H                  0.151
    44      H                  0.238
    45      H                  0.166
    46      H                  0.158
    47      H                  0.159
    48      H                  0.148
    49      H                  0.162
    50      H                  0.164
    51      H                  0.236
    52      H                  0.138
    53      H                  0.154
    54      H                  0.138
    55      H                  0.155
    56      H                  0.102
    57      H                  0.062
    58      H                  0.054
    59      H                  0.103
    60      H                  0.094
    61      H                  0.103
    62      H                  0.093
    63      H                  0.103
    64      H                  0.053
    65      H                  0.094
    66      H                  0.085
    67      H                  0.084
    68      H                  0.044
 Total Mulliken Charge =      -0.000
 
                  X        Y        Z     TOTAL  
  QM DIPOLE    -1.591   -0.427   -0.204    1.660
 
 Final Structure

  QMMM: QM Region Cartesian Coordinates (*=link atom) 
  QMMM: QM_NO.   MM_NO.  ATOM         X         Y         Z
  QMMM:     1        1      C        2.4925   -0.2860    0.0081
  QMMM:     2        2      C        1.0169   -0.1569    0.0297
  QMMM:     3        3      C        0.4247    1.0807   -0.2214
  QMMM:     4        4      C       -0.9537    1.2570   -0.2100
  QMMM:     5        5      C       -1.7975    0.1591    0.0489
  QMMM:     6        6      C       -1.2158   -1.1083    0.2892
  QMMM:     7        7      C        0.1784   -1.2705    0.2928
  QMMM:     8        8      N        0.7397   -2.5598    0.4706
  QMMM:     9        9      C        0.5746   -3.2837    1.6695
  QMMM:    10       10      N        1.4614   -4.3435    1.8715
  QMMM:    11       11      C        1.2471   -5.0904    2.9606
  QMMM:    12       12      C        0.2109   -4.8461    3.8798
  QMMM:    13       13      C       -0.6303   -3.7436    3.6132
  QMMM:    14       14      N       -0.4642   -2.9540    2.5237
  QMMM:    15       15      C       -1.7207   -3.4296    4.5485
  QMMM:    16       16      C       -2.0699   -2.1081    4.8597
  QMMM:    17       17      C       -3.1034   -1.8818    5.7698
  QMMM:    18       18      C       -3.7599   -2.9895    6.3347
  QMMM:    19       19      N       -3.4456   -4.2671    6.0407
  QMMM:    20       20      C       -2.4467   -4.4746    5.1650
  QMMM:    21       21      N       -3.1981    0.2553    0.0894
  QMMM:    22       22      C       -3.9800    1.3523   -0.2482
  QMMM:    23       23      O       -3.5050    2.4303   -0.6507
  QMMM:    24       24      C       -5.4560    1.1614   -0.1183
  QMMM:    25       25      C       -6.0248    0.4980    0.9731
  QMMM:    26       26      C       -7.4091    0.3623    1.0607
  QMMM:    27       27      C       -8.2351    0.8888    0.0615
  QMMM:    28       28      C       -7.6621    1.5607   -1.0241
  QMMM:    29       29      C       -6.2790    1.7000   -1.1138
  QMMM:    30       30      C       -9.7234    0.6981    0.1133
  QMMM:    31       31      N      -10.3166    1.0035    1.4093
  QMMM:    32       32      C      -10.1674    2.4042    1.7794
  QMMM:    33       33      C      -10.8565    2.7433    3.1176
  QMMM:    34       34      N      -12.2380    2.3020    3.2308
  QMMM:    35       35      C      -12.3671    0.9099    2.8314
  QMMM:    36       36      C      -11.6965    0.5427    1.4902
  QMMM:    37       37      C      -13.1826    3.1819    2.5794
  QMMM:    38       38      H        2.9795    0.7133   -0.1137
  QMMM:    39       39      H        2.8202   -0.9332   -0.8448
  QMMM:    40       40      H        2.8682   -0.7381    0.9602
  QMMM:    41       41      H        1.0679    1.9510   -0.4302
  QMMM:    42       42      H       -1.3711    2.2580   -0.4080
  QMMM:    43       43      H       -1.8621   -1.9807    0.4809
  QMMM:    44       44      H        1.6327   -2.6818    0.0330
  QMMM:    45       45      H        1.9528   -5.9295    3.1087
  QMMM:    46       46      H        0.0753   -5.4720    4.7676
  QMMM:    47       47      H       -1.5378   -1.2634    4.3953
  QMMM:    48       48      H       -3.4011   -0.8606    6.0418
  QMMM:    49       49      H       -4.5824   -2.8535    7.0599
  QMMM:    50       50      H       -2.2181   -5.5319    4.9370
  QMMM:    51       51      H       -3.6782   -0.5804    0.3450
  QMMM:    52       52      H       -5.3922    0.0945    1.7785
  QMMM:    53       53      H       -7.8564   -0.1569    1.9227
  QMMM:    54       54      H       -8.3029    1.9859   -1.8115
  QMMM:    55       55      H       -5.8241    2.2432   -1.9576
  QMMM:    56       56      H       -9.9333   -0.3902   -0.1071
  QMMM:    57       57      H      -10.2009    1.3068   -0.7129
  QMMM:    58       58      H      -10.5730    3.0913    0.9793
  QMMM:    59       59      H       -9.0656    2.6097    1.8833
  QMMM:    60       60      H      -10.8038    3.8567    3.2629
  QMMM:    61       61      H      -10.2885    2.2505    3.9563
  QMMM:    62       62      H      -13.4555    0.6379    2.7597
  QMMM:    63       63      H      -11.9019    0.2928    3.6511
  QMMM:    64       64      H      -12.3239    0.9547    0.6459
  QMMM:    65       65      H      -11.6898   -0.5788    1.3976
  QMMM:    66       66      H      -13.0715    4.2123    3.0083
  QMMM:    67       67      H      -14.2219    2.8171    2.7911
  QMMM:    68       68      H      -13.0466    3.2434    1.4649

           --------- Calculation Completed ----------

