-I: Adding /home/aumu/miniconda3/envs/AutoMD/dat/leap/prep to search path.
-I: Adding /home/aumu/miniconda3/envs/AutoMD/dat/leap/lib to search path.
-I: Adding /home/aumu/miniconda3/envs/AutoMD/dat/leap/parm to search path.
-I: Adding /home/aumu/miniconda3/envs/AutoMD/dat/leap/cmd to search path.
-f: Source lig_tleap.in.

Welcome to LEaP!
(no leaprc in search path)
Sourcing: ./lig_tleap.in
----- Source: /home/aumu/miniconda3/envs/AutoMD/dat/leap/cmd/leaprc.gaff2
----- Source of /home/aumu/miniconda3/envs/AutoMD/dat/leap/cmd/leaprc.gaff2 done
Log file: ./leap.log
Loading parameters: /home/aumu/miniconda3/envs/AutoMD/dat/leap/parm/gaff2.dat
Reading title:
AMBER General Force Field for organic molecules (Version 2.2.20, March 2021)
Loading parameters: ./lig.frcmod
Reading force field modification type file (frcmod)
Reading title:
Remark line goes here
Loading Mol2 file: ./lig.mol2
Reading MOLECULE named LIG
Checking 'LIG'....
Checking parameters for unit 'LIG'.
Checking for bond parameters.
Checking for angle parameters.
Unit is OK.
Checking Unit.
Building topology.
Building atom parameters.
Building bond parameters.
Building angle parameters.
Building proper torsion parameters.
!FATAL ERROR----------------------------------------
!FATAL:    In file [/home/conda/feedstock_root/build_artifacts/ambertools_1740608346106/work/AmberTools/src/leap/src/leap/unitio.c], line 1955
!FATAL:    Message: 1-4: cannot add bond 2 3
This may be caused by duplicate bond specifications;
for example, explicit bond commands in addition to PDB conect records.
!
!ABORTING.
