-I: Adding /home/aumu/miniconda3/envs/AutoMD/dat/leap/prep to search path.
-I: Adding /home/aumu/miniconda3/envs/AutoMD/dat/leap/lib to search path.
-I: Adding /home/aumu/miniconda3/envs/AutoMD/dat/leap/parm to search path.
-I: Adding /home/aumu/miniconda3/envs/AutoMD/dat/leap/cmd to search path.
-f: Source lig_fixed_tleap.in.

Welcome to LEaP!
(no leaprc in search path)
Sourcing: ./lig_fixed_tleap.in
----- Source: /home/aumu/miniconda3/envs/AutoMD/dat/leap/cmd/leaprc.gaff2
----- Source of /home/aumu/miniconda3/envs/AutoMD/dat/leap/cmd/leaprc.gaff2 done
Log file: ./leap.log
Loading parameters: /home/aumu/miniconda3/envs/AutoMD/dat/leap/parm/gaff2.dat
Reading title:
AMBER General Force Field for organic molecules (Version 2.2.20, March 2021)
Loading parameters: ./lig_fixed.frcmod
Reading force field modification type file (frcmod)
Reading title:
Remark line goes here
Loading Mol2 file: ./lig_fixed.mol2
Reading MOLECULE named LIG

/home/aumu/miniconda3/envs/AutoMD/bin/teLeap: Fatal Error!
Invalid MOL2 format.
Incorrect number of items in bond record.
Last line read: @<TRIPOS>SUBSTRUCTURE

Exiting LEaP: Errors = 1; Warnings = 0; Notes = 0.
