#"Step"	"Time (ps)"	"Potential Energy (kJ/mole)"	"Kinetic Energy (kJ/mole)"	"Total Energy (kJ/mole)"	"Temperature (K)"	"Box Volume (nm^3)"	"Density (g/mL)"	"Speed (ns/day)"
50500	100.99999999994601	-1638546.4822359374	321337.64123888087	-1317208.8409970566	299.6784776929772	1269.5331757825047	1.009488104448399	0
51000	101.99999999994368	-1638526.1522034723	321613.21472185955	-1316912.937481613	299.9354766600238	1271.0169249542848	1.0083096566169896	15.6
51500	102.99999999994135	-1637259.925675718	320982.6641740622	-1316277.261501656	299.3474271942225	1271.5734848493032	1.0078683256806975	15.5
52000	103.99999999993902	-1636289.421679751	322610.0078753016	-1313679.4138044494	300.8650828326671	1274.4932904798977	1.0055593456066538	15.1
52500	104.99999999993669	-1638378.143013753	323533.2469116228	-1314844.8961021302	301.7260926660772	1274.6372640669788	1.0054457650688087	9.82
53000	105.99999999993436	-1637036.8760999674	320419.6042786435	-1316617.2718213238	298.82231929942844	1275.3159812227213	1.0049106715704381	8.21
53500	106.99999999993203	-1638684.2354326155	321669.42824881175	-1317014.8071838038	299.9879012191817	1273.287037572829	1.006511965752839	7.13
54000	107.9999999999297	-1639785.4749430912	321924.00700012746	-1317861.4679429638	300.22532056524136	1273.4941028011908	1.006348310790025	6.73
54500	108.99999999992737	-1638507.0972767733	320376.25815461157	-1318130.8391221617	298.7818948399294	1272.087784733249	1.007460848642437	6.73
55000	109.99999999992504	-1636334.029774703	320695.5069558561	-1315638.522818847	299.0796252719866	1273.290896432398	1.006508915398563	7.12
55500	110.99999999992271	-1638659.3583512902	322076.2755145747	-1316583.0828367155	300.36732570486396	1272.1436805752353	1.0074165825164774	7.5
56000	111.99999999992038	-1638463.6404738873	322117.2586267784	-1316346.381847109	300.4055464269336	1272.0028988446861	1.007528080572024	7.85
56500	112.99999999991805	-1639206.0552727971	322280.7440852577	-1316925.3111875395	300.55801245342565	1270.402319400791	1.0087974648531164	8.16
57000	113.99999999991572	-1638332.6693966584	321545.119270322	-1316787.5501263365	299.8719710552154	1269.4606270410484	1.0095457959513356	8.22
57500	114.99999999991338	-1636993.6434814874	320596.7333720012	-1316396.9101094862	298.98750933707214	1268.765224948135	1.0100991215356059	8.39
58000	115.99999999991105	-1639920.4291309547	321614.82947862527	-1318305.5996523295	299.93698257712566	1269.4653723668118	1.009542022218094	8.63
58500	116.99999999990872	-1638891.9007930188	321946.45148077037	-1316945.4493122483	300.24625221758606	1269.6986377806984	1.0093565520359253	8.89
59000	117.9999999999064	-1637170.5867181448	321685.08529261994	-1315485.501425525	300.00250292919475	1271.972200177153	1.0075523969600484	9.11
59500	118.99999999990406	-1639093.6429850655	322469.8630233072	-1316623.7799617583	300.73438418267307	1269.5044228008949	1.009510968325343	9.16
60000	119.99999999990173	-1640037.995549121	320394.3643950664	-1319643.6311540545	298.7987806630634	1271.2551015760957	1.0081207442677256	9.36
60500	120.9999999998994	-1639322.7793708816	321680.34841866064	-1317642.430952221	299.9980853353776	1271.464014280409	1.0079551011755155	9.55
61000	121.99999999989707	-1638083.6464340119	320770.10764694837	-1317313.5387870634	299.14919764282735	1274.8215544270308	1.00530041612847	9.73
61500	122.99999999989474	-1638934.6808964992	321445.23704894935	-1317489.4438475498	299.7788212084245	1272.905751533756	1.0068134562286568	9.89
62000	123.99999999989241	-1638689.3966767974	322669.8404477373	-1316019.55622906	300.92088250230705	1274.6368211891927	1.0054461144150595	10.1
62500	124.99999999989008	-1638357.4799487973	321358.14070096787	-1316999.3392478293	299.69759542710904	1270.8029777881497	1.0084794114864621	10
63000	125.99999999988775	-1638523.3857674496	323322.2441726379	-1315201.1415948118	301.5293121726241	1271.876360463602	1.0076283190670343	10.1
63500	126.99999999988542	-1636564.0762784714	322797.25344133476	-1313766.8228371367	301.0397074610401	1274.3128866834777	1.0057017021074541	10.2
64000	127.99999999988309	-1636755.0182007551	322011.7148494491	-1314743.303351306	300.3071166307913	1272.9080206451756	1.0068116614627556	10.3
64500	128.99999999988785	-1638946.0881794542	323001.5155768767	-1315944.5726025775	301.2302016888359	1269.5558765693431	1.0094700539043482	10.4
65000	129.99999999989262	-1640052.222904211	323515.12148841633	-1316537.1014157946	301.70918895316913	1270.0747014629085	1.0090576858816869	10.4
65500	130.9999999998974	-1639574.1824087445	321863.3284131193	-1317710.8539956252	300.16873190506124	1270.5715195361431	1.0086631247825484	10.5
66000	131.99999999990217	-1640068.584104456	321229.7952811038	-1318838.7888233522	299.57790089056033	1271.005343608577	1.0083188442909614	10.5
66500	132.99999999990695	-1640707.7049336769	322048.48453075776	-1318659.2204029192	300.341407920406	1270.2982278653697	1.0088801283369677	10.5
67000	133.99999999991172	-1638961.7410458848	321664.4552901208	-1317297.285755764	299.98326345348335	1270.4494922283502	1.008760007379094	10.5
67500	134.9999999999165	-1638586.1009913357	321947.50266712473	-1316638.5983242108	300.2472325506875	1270.7246040232021	1.0085416109025276	10.4
68000	135.99999999992127	-1639552.6100302478	321326.4047743102	-1318226.2052559378	299.66799860131454	1271.1995380104706	1.0081648087764494	10.4
68500	136.99999999992605	-1638420.8470823653	322030.2593030138	-1316390.5877793515	300.3244111300989	1269.8164394170917	1.0092629134202615	10.4
69000	137.99999999993082	-1638675.202273069	321191.79396369384	-1317483.4083093752	299.5424609809754	1270.2925514619244	1.0088846365981787	10.3
69500	138.9999999999356	-1636090.253529163	320589.1003379121	-1315501.153191251	298.9803907933896	1273.473884034774	1.006364288441145	10.3
70000	139.99999999994037	-1638820.8413978042	322909.90197871166	-1315910.9394190926	301.14476313414855	1270.0109568198634	1.0091083327061516	10.3
70500	140.99999999994515	-1638038.968749132	321602.2728388055	-1316436.6959103264	299.92527229416095	1269.6355045327489	1.0094067427853501	10.3
71000	141.99999999994992	-1637474.1036034822	323140.2874804468	-1314333.8161230355	301.3596199314299	1271.7975480396074	1.0076907611046322	10.3
71500	142.9999999999547	-1638760.2107096985	322751.7300542747	-1316008.4806554238	300.99725249286087	1270.8941585577002	1.008407057759603	10.3
72000	143.99999999995947	-1639831.7473904956	322246.8051024848	-1317584.9422880108	300.5263610643988	1271.1058687899874	1.0082391015746146	10.3
72500	144.99999999996425	-1637943.1946484558	321888.43794227066	-1316054.7567061852	300.1921489732971	1271.0045946148628	1.0083194384858838	10.1
73000	145.99999999996902	-1639589.2523206733	322100.9253549008	-1317488.3269657725	300.39031406874136	1270.1170429376261	1.009024047257016	9.84
73500	146.9999999999738	-1638393.6520588184	322526.8172642897	-1315866.8347945288	300.7874995294155	1273.8342253844	1.0060796088033352	9.57
74000	147.99999999997857	-1639581.4105782406	320109.7914695863	-1319471.6191086543	298.53338884412887	1274.633307076121	1.0054488863898026	9.38
74500	148.99999999998334	-1639188.473355161	320869.7725749867	-1318318.7007801742	299.24214484253525	1274.2774633130516	1.0057296593969438	9.31
75000	149.99999999998812	-1639265.386745533	321234.8538725098	-1318030.5328730233	299.5826185170606	1274.128277796065	1.0058474185753565	9.28
75500	150.9999999999929	-1639476.6342491359	322667.61240898544	-1316809.0218401505	300.9188046403459	1270.642496505933	1.0086067817495294	9.32
76000	151.99999999999767	-1641538.5162044242	324044.8943816027	-1317493.6218228214	302.20325349394625	1270.3696053681867	1.0088234429881542	9.35
76500	153.00000000000244	-1640636.5300002918	322053.6217807812	-1318582.9082195107	300.34619890368646	1265.2233521728838	1.012926798224254	9.38
77000	154.00000000000722	-1641144.748266152	322737.5976227275	-1318407.1506434246	300.984072631467	1267.6920607317327	1.0109542205504454	9.35
77500	155.000000000012	-1639844.7132162368	321678.4409143182	-1318166.2723019186	299.99630640280265	1271.9940861401951	1.0075350609875284	9.38
78000	156.00000000001677	-1637594.9077900313	321875.2389015048	-1315719.6688885265	300.17983958922224	1272.6788443356552	1.0069929620178666	9.41
78500	157.00000000002154	-1639805.7740393933	321749.5751141631	-1318056.1989252302	300.0626459347643	1269.9532388655712	1.0091541955512084	9.44
79000	158.00000000002632	-1638398.9857647745	320979.005722741	-1317419.9800420334	299.34401533397977	1272.3612345455842	1.0072443299584999	9.42
79500	159.0000000000311	-1639918.5321397306	323448.0888496826	-1316470.443290048	301.6466745242525	1272.5273782437146	1.0071128221412529	9.35
80000	160.00000000003587	-1638527.2690204475	321436.87518855854	-1317090.393831889	299.7710229636159	1273.5022468491188	1.0063418751917403	9.15
80500	161.00000000004064	-1638954.280614851	321771.54584859253	-1317182.7347662584	300.0831357728742	1274.5523768058881	1.0055127293919117	9.02
81000	162.00000000004542	-1638569.3536441308	321703.39149715437	-1316865.9621469765	300.01957523820295	1273.9721841558917	1.0059706601868903	8.85
81500	163.0000000000502	-1637563.387294164	321675.25456689356	-1315888.1327272705	299.9933348251751	1272.6479029869079	1.007017444610696	8.77
82000	164.00000000005497	-1637319.859405322	321936.40507727815	-1315383.4543280439	300.2368829731576	1272.458181941916	1.0071675889569918	8.81
82500	165.00000000005974	-1638299.425251022	322974.74941083195	-1315324.6758401901	301.20523964622225	1272.3020688902934	1.007291169677052	8.8
83000	166.00000000006452	-1636397.5853035627	321718.18409633497	-1314679.4012072277	300.0333707698639	1273.2285024718137	1.006558238891929	8.83
83500	167.0000000000693	-1637224.4613368232	322953.11154764635	-1314271.3497891768	301.1850602427917	1273.4364395219209	1.0063938798831393	8.87
84000	168.00000000007407	-1639244.6356553314	322833.1875227816	-1316411.4481325499	301.07321947284106	1270.996265726671	1.008326046042563	8.92
84500	169.00000000007884	-1639269.7268605307	322090.2864731807	-1317179.44038735	300.38039228097335	1270.4062568290844	1.0087943382409328	8.98
85000	170.00000000008362	-1641320.443750509	323241.11835593963	-1318079.3253945694	301.4536544900818	1270.3232412910822	1.008860262882788	8.98
85500	171.0000000000884	-1641610.760368566	321809.04012401996	-1319801.720244546	300.11810281669443	1270.2691960147943	1.0089031861716584	9.03
86000	172.00000000009317	-1638457.6791594038	321457.3647991464	-1317000.3143602572	299.79013151027056	1271.3085457143902	1.0080783641982645	9.08
86500	173.00000000009794	-1639612.1565681193	321931.27397445287	-1317680.8825936664	300.2320977227349	1272.5123992261535	1.0071246770832227	9.12
87000	174.00000000010272	-1639749.158581743	321230.8238870913	-1318518.3346946517	299.5788601652824	1270.9037849020372	1.008399419672688	9.17
87500	175.0000000001075	-1640621.8989174068	322921.9716173343	-1317699.9273000725	301.15601924132227	1269.852502897022	1.0092342506167156	9.21
88000	176.00000000011227	-1639778.3087948905	321927.4544969579	-1317850.8542979327	300.2285356899868	1269.3267901434613	1.0096522417290121	9.22
88500	177.00000000011704	-1639237.0301889936	322814.4279196509	-1316422.6022693426	301.0557243257221	1270.1458878460578	1.0090011324040635	9.27
89000	178.00000000012182	-1640003.1512755174	323394.3685695819	-1316608.7827059356	301.59657515929865	1271.467555765332	1.0079522936655814	9.31
89500	179.0000000001266	-1639730.63020954	320531.2316806037	-1319199.3985289363	298.92642266484586	1274.0880386027034	1.005879185994516	9.33
90000	180.00000000013137	-1639423.370899099	320960.690056958	-1318462.680842141	299.32693420144074	1275.0823638425238	1.0050947887734376	9.35
90500	181.00000000013614	-1639068.1469474696	320396.0763164237	-1318672.0706310458	298.80037719555895	1272.7976298139542	1.006898983102574	9.34
91000	182.00000000014091	-1639234.3827022286	319964.0433988906	-1319270.339303338	298.3974646499249	1271.5915389075028	1.0078540159649965	9.37
91500	183.0000000001457	-1639655.2395484	322091.83169982873	-1317563.4078485714	300.3818333545052	1272.8716274128783	1.0068404476575974	9.4
92000	184.00000000015046	-1639675.1703687431	321740.0722187823	-1317935.0981499609	300.0537835642981	1273.680899977057	1.0062007204301502	9.43
92500	185.00000000015524	-1637253.7560438542	322042.5692828623	-1315211.1867609918	300.3358913787471	1273.454224757207	1.0063798244490325	9.42
93000	186.00000000016001	-1638795.0566484341	323653.90603546496	-1315141.1506129692	301.8386189870316	1274.570828168741	1.005498173056702	9.45
93500	187.0000000001648	-1636911.5352123212	321885.53733126295	-1315025.9978810581	300.1894438725569	1273.0498103223968	1.0066995248445778	9.48
94000	188.00000000016956	-1635163.3659144212	322157.72522468667	-1313005.6406897344	300.4432854493893	1275.6036548656648	1.0046840445044047	9.51
94500	189.00000000017434	-1637000.731900758	323058.01149022114	-1313942.720410537	301.2828896006587	1274.4898706765198	1.0055620437962007	9.55
95000	190.0000000001791	-1637999.9346337514	323980.70232525433	-1314019.2323084972	302.1433881832646	1274.423488815124	1.0056144212678984	9.55
95500	191.0000000001839	-1638221.743179014	322752.8998109499	-1315468.8433680641	300.99834340427213	1274.0900331900389	1.0058776112911332	9.58
96000	192.00000000018866	-1636689.633693396	320816.9727345415	-1315872.6609588545	299.1929038767211	1274.573161120764	1.0054963326139024	9.61
96500	193.00000000019344	-1638022.4696670957	322182.3454339281	-1315840.1242331676	300.46624617940995	1272.3325451173253	1.0072670419955805	9.64
97000	194.0000000001982	-1637658.4902006565	322210.53237344127	-1315447.957827215	300.49253323090994	1273.5094235604236	1.0063362040714654	9.67
97500	195.000000000203	-1638427.4294193229	322978.08073299134	-1315449.3486863314	301.20834642683343	1275.1012742937185	1.0050798826665015	9.66
98000	196.00000000020776	-1639546.7989642462	321503.41210821195	-1318043.3868560342	299.833075086471	1272.3036729394457	1.0072898997408086	9.69
98500	197.00000000021254	-1638879.941803677	321030.42031263537	-1317849.5214910416	299.3919644194693	1271.8385035657866	1.007658311618922	9.71
99000	198.0000000002173	-1639050.2224714104	321532.65297526884	-1317517.5694961415	299.86034502749703	1271.0854213810887	1.008255320686903	9.74
99500	199.0000000002221	-1640043.8228931595	321290.7734209796	-1318753.0494721797	299.6347689128066	1271.1502504439075	1.0082038993482383	9.76
100000	200.00000000022686	-1640192.821050698	323062.44018003065	-1317130.3808706673	301.28701978290303	1269.8184599163342	1.00926130750964	9.75
100500	201.00000000023164	-1638408.490526219	322243.0290283371	-1316165.461497882	300.52283950947646	1268.6224557039397	1.0102127968749441	9.78
101000	202.0000000002364	-1640802.458935557	322571.78907362185	-1318230.669861935	300.82944009793346	1268.95569030851	1.009947509548941	9.8
101500	203.0000000002412	-1639479.0826633172	322347.6475874431	-1317131.435075874	300.6204064500019	1268.7348130812418	1.0101233338451576	9.83
102000	204.00000000024596	-1639531.0928634936	322618.33854754927	-1316912.7543159444	300.87285199151114	1267.6395090043286	1.0109961310385922	9.85
102500	205.00000000025074	-1638030.6203782745	322555.3553107248	-1315475.2650675497	300.81411402213115	1270.4770956257719	1.0087380902556113	9.84
103000	206.0000000002555	-1637199.44607143	323329.7273231775	-1313869.7187482526	301.5362909353778	1272.7637332015672	1.006925799127931	9.87
103500	207.0000000002603	-1637105.0097855022	322593.67557765567	-1314511.3342078466	300.84985138304023	1272.1150446018416	1.0074392599893802	9.87
104000	208.00000000026506	-1638438.743513289	323169.9129756419	-1315268.830537647	301.3872485754529	1268.3931716466996	1.0103954103530999	9.88
104500	209.00000000026984	-1638125.2030615332	322840.4079850983	-1315284.795076435	301.07995325338095	1271.8331812605059	1.0076625284181313	9.85
105000	210.0000000002746	-1638355.6898720646	322503.43546468654	-1315852.2544073781	300.7656937363445	1269.4956921270432	1.0095179110121664	9.86
105500	211.00000000027939	-1638312.187101569	322174.07375023304	-1316138.113351336	300.45853203310537	1271.610963379335	1.0078386205079677	9.86
106000	212.00000000028416	-1639432.5903434055	321776.2522860047	-1317656.3380574007	300.0875249816628	1271.894363594693	1.0076140565109304	9.87
106500	213.00000000028894	-1639369.023113816	323242.6438832029	-1316126.3792306131	301.45507719202914	1270.3688908587374	1.008824010393329	9.85
107000	214.0000000002937	-1639450.6844304781	322383.82455612224	-1317066.8598743558	300.65414497767483	1273.301146821814	1.0065008127526498	9.84
107500	215.00000000029848	-1639632.022844417	323688.71462596697	-1315943.30821845	301.8710813695028	1271.9025582250372	1.0076075646419822	9.86
108000	216.00000000030326	-1637196.8563539628	323915.27186504344	-1313281.5844889195	302.08236794101987	1273.288717220856	1.006510638021104	9.88
108500	217.00000000030803	-1636903.702342216	324260.5317694914	-1312643.1705727247	302.4043562464499	1272.7189714601454	1.0069612128785406	9.9
109000	218.0000000003128	-1636013.9007952102	322485.56154456676	-1313528.3392506433	300.74902457442727	1274.2707077863652	1.0057349912573652	9.89
109500	219.00000000031758	-1635382.7657146882	320950.51481166866	-1314432.2509030197	299.3174447995558	1274.1165969140652	1.0058566400116322	9.9
110000	220.00000000032236	-1639113.2375899237	322462.8098342967	-1316650.4277556268	300.72780640069465	1272.196098806615	1.0073750739820875	9.92
110500	221.00000000032713	-1637914.3004339887	322002.2425881445	-1315912.0578458442	300.2982828295686	1271.1977426955284	1.0081662326094885	9.94
111000	222.0000000003319	-1638033.7193881841	320469.2527174646	-1317564.4666707194	298.8686212779591	1270.7776162776602	1.0084995381875035	9.92
111500	223.00000000033668	-1639294.4516452672	322928.654876368	-1316365.796768899	301.16225202776315	1271.6567272438679	1.0078023508220442	9.93
112000	224.00000000034146	-1637207.669519009	322809.80384143896	-1314397.86567757	301.05141192486565	1272.3772718149792	1.0072316344718517	9.95
112500	225.00000000034623	-1637384.5548075633	320731.3575298694	-1316653.197277694	299.11305940501654	1273.4261730256096	1.0064019935368984	9.98
113000	226.000000000351	-1639911.8938427726	321997.35927850084	-1317914.5345642718	300.29372867029093	1271.7960319695385	1.0076919623426948	10
113500	227.00000000035578	-1638214.8434885507	321328.34461718984	-1316886.498871361	299.66980769270793	1276.0449216773118	1.004336616512255	10
114000	228.00000000036056	-1641077.1166181713	322634.2055759075	-1318442.9110422637	300.88764953245766	1273.7986636472883	1.00610769639644	10
114500	229.00000000036533	-1637454.6718982086	320792.0097274958	-1316662.6621707128	299.1696234545419	1272.998267012501	1.0067402857999739	10.1
115000	230.0000000003701	-1636677.0203826465	320604.0259661048	-1316072.9944165417	298.99431038749054	1273.1556812269714	1.0066158114457362	10.1
115500	231.00000000037488	-1636562.1916023968	321506.9147647242	-1315055.2768376726	299.836341652963	1273.5414675302184	1.0063108833357464	10.1
116000	232.00000000037966	-1638860.7161831	320542.29971548903	-1318318.4164676107	298.9367446795115	1273.36775493781	1.0064481640793768	10.2
116500	233.00000000038443	-1638482.0454443237	323586.89005787217	-1314895.1553864516	301.77612009624283	1272.0017797670532	1.0075289669718368	10.2
117000	234.0000000003892	-1638789.3571435316	322700.2372421324	-1316089.1199013991	300.94923045754797	1270.2754445158616	1.0088982233640542	10.2
117500	235.00000000039398	-1637086.442599929	323435.4162812099	-1313651.0263187191	301.63485612658917	1269.666962487319	1.0093817331785828	10.2
118000	236.00000000039876	-1638220.7920112927	321673.66194564535	-1316547.1300656474	299.99184955158756	1271.585595842965	1.007858726415855	10.2
118500	237.00000000040353	-1640263.1318294248	321778.74734465533	-1318484.3844847693	300.0898518655451	1270.9282532760235	1.008380005599498	10.3
119000	238.0000000004083	-1640661.1540323887	322271.5476284483	-1318389.6064039404	300.5494358666113	1270.5412292596304	1.008687171766821	10.3
119500	239.00000000041308	-1639934.2261992749	322760.86642304	-1317173.359776235	301.00577304175346	1270.5294988617632	1.0086964846571231	10.3
120000	240.00000000041786	-1637315.5592030352	321542.9915871134	-1315772.5676159218	299.86998678451965	1270.0216308691893	1.0090998515339757	10.3
120500	241.00000000042263	-1638569.8912180364	321774.01838965545	-1316795.872828381	300.08544165692473	1270.7054464709795	1.0085568159908769	10.3
121000	242.0000000004274	-1639754.38200776	322907.0952992602	-1316847.2867084998	301.1421456336835	1270.939060981237	1.0083714306220044	10.4
121500	243.00000000043218	-1639206.3132441752	322499.09379009274	-1316707.2194540824	300.76164470421776	1271.0405917676587	1.008290881861391	10.4
122000	244.00000000043696	-1638168.725114569	323094.6595858534	-1315074.0655287157	301.31706749985244	1272.0424960477146	1.0074967173950173	10.4
122500	245.00000000044173	-1640617.8691653525	323115.1010166042	-1317502.7681487482	301.33613111414195	1268.1332016730564	1.0106025435374153	10.4
123000	246.0000000004465	-1637990.8303223876	321184.518248718	-1316806.3120736696	299.5356756719787	1271.0726583935093	1.0082654446951962	10.4
123500	247.00000000045128	-1637546.7348609483	322890.26422833884	-1314656.4706326094	301.12644902966224	1271.8305977143204	1.007664575343788	10.4
124000	248.00000000045605	-1635159.92188353	321476.10635753075	-1313683.8155259993	299.8076098289156	1271.3340528301076	1.0080581388519594	10.4
124500	249.00000000046083	-1636898.3588122595	323369.2651503993	-1313529.09366186	301.57316378920046	1273.1371015497252	1.006630501612934	10.4
125000	250.0000000004656	-1636758.7455188613	322210.9195716267	-1314547.8259472346	300.4928943307248	1275.839957838602	1.0044979633073703	10.4
125500	251.00000000047038	-1636787.0738360342	323099.62447910674	-1313687.4493569275	301.3216977437489	1273.6819166996627	1.0061999172256728	10.4
126000	252.00000000047515	-1637104.1306906734	323159.8667004312	-1313944.263990242	301.37787945065935	1272.750798507019	1.0069360322997818	10.4
126500	253.00000000047993	-1638652.535343376	321553.8007328146	-1317098.7346105613	299.88006735994304	1271.3487142869412	1.008046513716603	10.4
127000	254.0000000004847	-1638210.4685563082	320232.9483427112	-1317977.520213597	298.64824455824066	1273.4067455139916	1.0064173475363105	10.4
127500	255.00000000048948	-1639747.064859704	321807.20631319936	-1317939.8585465048	300.1163926104672	1271.9533162498133	1.007567355485658	10.4
128000	256.00000000049425	-1638839.9401161512	324352.3999244377	-1314487.5401917135	302.4900321999941	1270.1619007659092	1.0089884119357093	10.4
128500	257.000000000499	-1639109.358846643	321436.2282048173	-1317673.1306418257	299.7704195886054	1270.1749604890263	1.0089780376883042	10.4
129000	258.0000000005038	-1641533.71898497	322049.3259057825	-1319484.3930791873	300.34219258411866	1268.5110107147298	1.0103015490838698	10.4
129500	259.0000000005086	-1637476.596281913	320738.62043945235	-1316737.9758424608	299.119832771744	1270.2515415829303	1.0089172082861566	10.4
130000	260.00000000051335	-1636553.238304047	320073.7051409568	-1316479.5331630902	298.49973484708227	1271.0313394037614	1.0082982216286054	10.4
130500	261.0000000005181	-1640364.0134112826	323924.9356992708	-1316439.0777120118	302.09138040255027	1270.021599633281	1.0090998763525698	10.4
131000	262.0000000005229	-1637271.7741423892	323041.2641203188	-1314230.5100220703	301.26727105594557	1272.1547858190188	1.0074077882983012	10.5
131500	263.0000000005277	-1639325.435381079	321953.7600160933	-1317371.6753649858	300.2530681347357	1268.3296235347445	1.0104460349852653	10.5
132000	264.00000000053245	-1638037.6038146112	320410.7832172911	-1317626.82059732	298.81409280524144	1271.2492151698123	1.0081254122810568	10.5
132500	265.0000000005372	-1637916.5082677854	320967.133530577	-1316949.3747372085	299.3329433647549	1273.9806141889371	1.0059640035974464	10.5
133000	266.000000000542	-1640079.275528052	322373.0500257233	-1317706.2255023285	300.64409668437384	1274.3116044013032	1.005702714099624	10.5
133500	267.0000000005468	-1638246.3000668697	321551.6504148112	-1316694.6496520585	299.87806198010855	1273.8438498516634	1.0060720074161946	10.6
134000	268.00000000055155	-1641389.0916101942	322836.48727493646	-1318552.6043352578	301.07629681136484	1271.9245741897178	1.0075901237866005	10.6
134500	269.0000000005563	-1638885.2562815417	320955.90233339625	-1317929.3539481454	299.32246918544365	1271.614500947752	1.0078358167509558	10.6
135000	270.0000000005611	-1639658.5657282723	322130.86293562024	-1317527.702792652	300.41823376274675	1270.8985106863954	1.008403604519824	10.6
135500	271.0000000005659	-1638495.7909255773	322077.56535846204	-1316418.2255671152	300.3685286092331	1270.906031317438	1.008397637256104	10.6
136000	272.00000000057065	-1639806.3589264369	323098.66767072433	-1316707.6912557124	301.32080542724856	1270.6717165550256	1.0085835880801546	10.6
136500	273.0000000005754	-1639664.3518725643	323205.68819553463	-1316458.6636770298	301.4206124334661	1272.4269964470147	1.0071922732962884	10.6
137000	274.0000000005802	-1638527.8090316458	322127.3440173587	-1316400.465014287	300.41495203059833	1271.8001937316515	1.007688664832401	10.7
137500	275.000000000585	-1638207.0446336633	322279.6053102907	-1315927.4393233727	300.5569504354584	1271.248811272281	1.0081257325797752	10.7
138000	276.00000000058975	-1637864.7303682398	323512.0345550369	-1314352.6958132028	301.7063100887687	1273.2280188166194	1.0065586212485167	10.7
138500	277.0000000005945	-1639216.0961662913	322158.62263355346	-1317057.4735327377	300.44412237008754	1271.0757919157807	1.0082629590666865	10.7
139000	278.0000000005993	-1638649.283264907	322418.65236720326	-1316230.6308977038	300.6866252851978	1272.4626721338152	1.007164034922875	10.7
139500	279.0000000006041	-1639852.0920757065	323198.84053625877	-1316653.2515394478	301.4142263278743	1271.833175149701	1.0076625332596696	10.7
140000	280.00000000060885	-1639139.4079144904	322961.9755810576	-1316177.4323334328	301.1933268125862	1269.28175704139	1.0096880633834289	10.8
140500	281.0000000006136	-1639407.5636178227	322689.3015386417	-1316718.2620791811	300.9390318547264	1269.2966680745394	1.0096762020963377	10.8
141000	282.0000000006184	-1640052.1788535388	322568.17336487636	-1317484.0054886625	300.82606809928285	1267.5788525427108	1.0110445094474738	10.8
141500	283.0000000006232	-1638853.1557420073	321895.2204699586	-1316957.9352720487	300.198474337374	1270.1028831524325	1.0090352963959275	10.8
142000	284.00000000062795	-1639129.1694336692	323728.6744909317	-1315400.4949427375	301.90834781440253	1269.8118795947494	1.0092665376260637	10.8
142500	285.0000000006327	-1637946.0604627728	321910.2834056958	-1316035.777057077	300.21252198406086	1269.9449847045316	1.0091607546709684	10.8
143000	286.0000000006375	-1639888.3531075176	322768.2948332558	-1317120.0582742617	301.0127007538527	1273.3380306006623	1.0064716582371198	10.8
143500	287.0000000006423	-1639326.681918744	323576.8315624878	-1315749.8503562561	301.76673957495365	1271.1565115637281	1.0081989334094572	10.8
144000	288.00000000064705	-1640222.5297266329	323194.36761207425	-1317028.1621145587	301.41005489279036	1271.2113583918895	1.0081554343380492	10.8
144500	289.0000000006518	-1639372.570646122	321920.834135349	-1317451.7365107732	300.22236156148733	1271.889263305287	1.0076180970539603	10.9
145000	290.0000000006566	-1635983.1258285167	322045.886945129	-1313937.2388833878	300.33898542018505	1273.1931698842268	1.0065861720508387	10.9
145500	291.0000000006614	-1637744.1037554583	321209.17860667355	-1316534.9251487846	299.55867384456434	1272.149447164553	1.0074120159478903	10.9
146000	292.00000000066615	-1638187.7769569363	321842.6687195763	-1316345.1082373601	300.14946473957536	1274.0840732442996	1.005882316613262	10.9
146500	293.0000000006709	-1637238.0043480005	322168.56756051537	-1315069.4367874851	300.4533969778217	1273.125353992151	1.0066397901325101	10.9
147000	294.0000000006757	-1638383.5359502435	321162.1326153115	-1317221.403334932	299.51479890038235	1271.599653566623	1.0078475843874481	10.9
147500	295.0000000006805	-1638158.295458679	321330.9059743658	-1316827.3894843133	299.67219640638734	1272.2040461498539	1.0073687810014076	10.9
148000	296.00000000068525	-1638557.1206071004	321068.32586213114	-1317488.7947449693	299.4273150161974	1271.798177276302	1.0076902625381023	10.9
148500	297.00000000069	-1638736.1272839094	322806.48155372206	-1315929.6457301872	301.0483135697473	1271.3152606697358	1.0080730396329027	10.9
149000	298.0000000006948	-1638443.0219009714	322114.3203854277	-1316328.7015155437	300.4028062322534	1270.2018458476452	1.0089566814475848	10.9
149500	299.0000000006996	-1638570.9892268628	321426.82141054486	-1317144.1678163179	299.7616468417318	1269.9300245976178	1.0091726428478687	10.9
150000	300.00000000070435	-1638885.5748760095	322063.51694059593	-1316822.0579354134	300.35542709873505	1271.881611031571	1.0076241593866593	10.9
150500	301.0000000007091	-1639251.6934484672	322160.658416111	-1317091.0350323562	300.44602093452403	1271.6036885055119	1.0078443863757962	10.9
151000	302.0000000007139	-1637762.063935453	322666.179911986	-1315095.884023467	300.91746869813124	1274.2959318918122	1.0057150831929698	10.9
151500	303.00000000071867	-1637767.706362634	323131.14494337054	-1314636.5614192635	301.3510936299898	1272.6820955942426	1.0069903895022898	11
152000	304.00000000072345	-1640380.2285357444	323052.2335127569	-1317327.9950229875	301.27750107697386	1273.6054095660913	1.0062603609634966	11
152500	305.0000000007282	-1638981.6457541035	321749.70890556136	-1317231.9368485422	300.0627707082032	1272.1110140815113	1.007442451931258	11
153000	306.000000000733	-1641539.3849558597	323421.56301552523	-1318117.8219403345	301.6219366144042	1273.280781669607	1.0065169109633063	11
153500	307.00000000073777	-1636807.3032174231	321548.789256845	-1315258.513960578	299.8753936731513	1273.611971544026	1.006255176450134	11
154000	308.00000000074255	-1637788.0766781503	322171.3225829302	-1315616.75409522	300.45596630309626	1274.118272493217	1.0058553172204503	11
154500	309.0000000007473	-1639998.5018640077	321893.5434918236	-1318104.958372184	300.1969103928181	1272.0661441490154	1.0074779877208233	11
155000	310.0000000007521	-1639878.7004327122	321654.0174573042	-1318224.6829754082	299.97352916329305	1268.9433887484352	1.0099573003166549	11
155500	311.00000000075687	-1641323.709522443	322612.39773387706	-1318711.311788566	300.86731160728885	1268.8001512802928	1.0100713164810469	11
156000	312.00000000076164	-1640175.4302614918	321306.8381966705	-1318868.5920648212	299.64975087229624	1266.535551966805	1.011877350908051	11
156500	313.0000000007664	-1639859.5810513245	321881.1786804545	-1317978.40237087	300.1853790084656	1267.8347145375585	1.010840470338826	11
157000	314.0000000007712	-1638399.772317579	321696.18147795164	-1316703.5908396274	300.01285119687844	1268.1760465965785	1.0105684006525961	11
157500	315.00000000077597	-1638710.9488883354	322484.6197968795	-1316226.3290914558	300.74814630348396	1267.7961506823142	1.0108712181097135	11
158000	316.00000000078074	-1638845.4080502111	323346.539301264	-1315498.868748947	301.5519697334811	1269.972897037865	1.0091385746453656	11.1
158500	317.0000000007855	-1639422.8297313275	321941.7044422657	-1317481.1252890618	300.24182514434574	1271.0060911161142	1.0083182512757578	11.1
159000	318.0000000007903	-1640075.4233444333	322599.89050056785	-1317475.5328438655	300.8556474006811	1271.0422742768835	1.0082895471625029	11.1
159500	319.00000000079507	-1639656.8887397936	322144.5027032901	-1317512.3860365036	300.4309541673518	1270.4052826548104	1.008795111806271	11.1
160000	320.00000000079984	-1638207.5852904515	322344.00763972243	-1315863.577650729	300.61701184615896	1271.1516435036	1.0082027944539311	11.1
160500	321.0000000008046	-1637110.1601137174	323065.3843588608	-1314044.7757548566	301.289765514858	1270.029485169102	1.0090936109128186	11.1
161000	322.0000000008094	-1638068.8267478198	323103.44754879747	-1314965.3791990224	301.3252631265675	1271.468227510394	1.007951761141873	11.1
161500	323.00000000081417	-1636982.3652153816	323085.90139112825	-1313896.4638242533	301.30889963488505	1269.558221870358	1.0094681890736525	11.1
162000	324.00000000081894	-1639753.8744639046	321601.7747697596	-1318152.099694145	299.92480779652885	1272.284413305706	1.0073051479308641	11.1
162500	325.0000000008237	-1640297.6297341427	321225.5593930222	-1319072.0703411205	299.57395051460355	1270.3925522157228	1.0088052208113185	11.1
163000	326.0000000008285	-1641890.3586534737	321714.721694767	-1320175.6369587067	300.0301417450069	1269.3668534286005	1.00962037545998	11.1
163500	327.00000000083327	-1642315.55346076	319994.5157388345	-1322321.0377219254	298.4258830587081	1269.9439758511649	1.0091615563561174	11.1
164000	328.00000000083804	-1641568.4693150138	321031.296936917	-1320537.1723780967	299.39278195652844	1270.0272163599134	1.0090954135835226	11.1
164500	329.0000000008428	-1642032.5915515982	322386.15911890386	-1319646.4324326944	300.6563221836124	1270.2229419434032	1.0089399245098343	11.1
165000	330.0000000008476	-1640933.7943540895	321354.8754692718	-1319578.9188848177	299.69455028225696	1267.9175183330244	1.010774455455094	11.1
165500	331.00000000085237	-1640120.9286974035	321923.5073893509	-1318197.4213080527	300.2248546297961	1269.8872913008609	1.009206602770392	11.1
166000	332.00000000085714	-1639664.530179277	320786.75590382726	-1318877.7742754498	299.1647237550452	1271.7961726803865	1.0076918508521955	11.2
166500	333.0000000008619	-1639210.2651001867	321374.40586864034	-1317835.8592315463	299.712764271533	1271.7057517361488	1.0077634998547498	11.1
167000	334.0000000008667	-1639024.3456240464	320487.4283579562	-1318536.9172660902	298.88557182334995	1273.1156061473478	1.0066474976560058	11.2
167500	335.00000000087147	-1639705.686994261	322488.6193118437	-1317217.0676824173	300.7518762386119	1272.803975763174	1.006893962903126	11.2
168000	336.00000000087624	-1639434.0188901452	323091.05727037485	-1316342.9616197704	301.3137079917207	1270.4168553182585	1.0087859223451363	11.2
168500	337.000000000881	-1640005.3731032284	321140.85125058505	-1318864.5218526432	299.4949519662981	1270.2391468633837	1.0089270530826058	11.2
169000	338.0000000008858	-1639587.5604013475	321390.72854626516	-1318196.8318550824	299.7279867495583	1270.0854287610307	1.0090491632560636	11.2
169500	339.00000000089057	-1639078.6190520301	323719.36321142985	-1315359.2558406002	301.89966414430484	1268.9573525208225	1.0099461866146577	11.2
170000	340.00000000089534	-1639559.594202335	322113.98928219546	-1317445.6049201395	300.4024974464162	1269.606323704948	1.0094299431458025	11.2
170500	341.0000000009001	-1639120.4310509404	322785.87358893687	-1316334.5574620035	301.02909464633893	1272.4021664815396	1.0072119278913774	11.2
171000	342.0000000009049	-1637941.2381420517	322390.60455478844	-1315550.6335872633	300.66046798319394	1271.0174957992726	1.008309203760506	11.2
171500	343.00000000090967	-1640140.3430791646	321958.1971208845	-1318182.1459582802	300.2572061647656	1269.7297640983384	1.0093318085404674	11.2
172000	344.00000000091444	-1639780.4171967497	322458.06820110936	-1317322.3489956404	300.7233843684363	1270.049079290982	1.0090780427717732	11.2
172500	345.0000000009192	-1640935.1862465777	322373.5618511252	-1318561.6243954524	300.6445740111405	1269.4854338971134	1.0095260685432204	11.2
173000	346.000000000924	-1638947.0647431854	321858.14913891314	-1317088.9156042724	300.1639017301596	1269.5472547672098	1.0094769094593752	11.2
173500	347.00000000092876	-1640133.8740537716	322160.4645551059	-1317973.4094986657	300.44584014035786	1272.0040467528693	1.0075271713377087	11.2
174000	348.00000000093354	-1639589.165962847	322158.25511936244	-1317430.9108434846	300.4437796275041	1270.742534020719	1.00852738052297	11.2
174500	349.0000000009383	-1639618.0968481507	320657.35494717053	-1318960.7419009802	299.04404482818995	1272.3769703411674	1.0072318731227918	11.2
175000	350.0000000009431	-1639133.72591878	320688.3296069058	-1318445.3963118743	299.0729316988371	1272.5108981814483	1.00712586508025	11.2
175500	351.00000000094786	-1641755.7402147567	321991.676499053	-1319764.0637157038	300.2884289279781	1272.0620412669275	1.0074812372190833	11.3
176000	352.00000000095264	-1639346.2354919426	321926.52880345576	-1317419.706688487	300.2276723911263	1269.465007102347	1.0095423126946523	11.3
176500	353.0000000009574	-1640187.0053906906	324196.40526777843	-1315990.6001229123	302.344552071816	1269.398076060405	1.0095955424262453	11.3
177000	354.0000000009622	-1637505.3978531528	322658.33495149954	-1314847.0629016533	300.91015251255436	1270.5026270548185	1.0087178191247774	11.3
177500	355.00000000096696	-1638028.403860501	322972.7117022102	-1315055.6921582909	301.2033392855443	1268.8440719725415	1.010036353137307	11.3
178000	356.00000000097174	-1638465.5447791219	323203.94082238193	-1315261.60395674	301.4189828387371	1270.8254069370812	1.008461612554531	11.3
178500	357.0000000009765	-1638230.3549924428	323338.1223006766	-1314892.2326917662	301.5441200650979	1269.8012275208296	1.0092750041336795	11.3
179000	358.0000000009813	-1639278.251929964	322316.3507902245	-1316961.9011397394	300.59121915494677	1268.342430970207	1.0104358317293738	11.3
179500	359.00000000098606	-1640080.203854625	323125.85432576406	-1316954.349528861	301.3461596165818	1270.3889882433373	1.0088080509318427	11.3
180000	360.00000000099084	-1639127.0793068567	321621.3661700204	-1317505.7131368364	299.94307867504585	1270.7558098549794	1.0085168442403523	11.3
180500	361.0000000009956	-1639525.3162670648	322927.9934559973	-1316597.3228110676	301.1616351891972	1270.9893115245552	1.008331563085908	11.3
181000	362.0000000010004	-1639003.0608946672	321368.23249786225	-1317634.8283968049	299.7070070052822	1274.1744470605422	1.0058109720467052	11.3
181500	363.00000000100516	-1640137.562039922	323031.43383406044	-1317106.1282058614	301.25810336177244	1271.0488360887196	1.0082843418500893	11.3
182000	364.00000000100994	-1637299.4050379107	322895.38001502317	-1314404.0250228876	301.1312199962999	1270.409972373886	1.0087913878385897	11.3
182500	365.0000000010147	-1639550.4364095181	323008.8526304945	-1316541.5837790235	301.237044202058	1269.3547681432763	1.0096299878635513	11.3
183000	366.0000000010195	-1637931.1157050496	321635.38485946425	-1316295.7308455855	299.95615246091046	1271.233439195036	1.0081379230918845	11.3
183500	367.00000000102426	-1637508.2659214763	321024.7981210652	-1316483.4678004112	299.3867211812213	1270.367448334378	1.00882515593056	11.3
184000	368.00000000102904	-1639830.0597130219	323241.79816468304	-1316588.261548339	301.45428847758654	1269.354145757972	1.0096304829018108	11.3
184500	369.0000000010338	-1638633.5347939124	322044.7634177123	-1316588.7713762	300.3379376220355	1271.4555385518415	1.0079618203674863	11.3
185000	370.0000000010386	-1639185.457890491	321636.14191347593	-1317549.315977015	299.9568584871104	1272.7455350467928	1.00694019650041	11.3
185500	371.00000000104336	-1641308.591197786	320479.2193721043	-1320829.3718256815	298.8779161488575	1269.9109577233353	1.009187794908565	11.3
186000	372.00000000104814	-1639075.611710486	321380.97258852446	-1317694.6391219615	299.71888837392794	1272.1511988246532	1.0074106288144788	11.3
186500	373.0000000010529	-1637570.0838019354	322367.6408539548	-1315202.4429479805	300.6390521077257	1272.2212405766986	1.0073551661298286	11.3
187000	374.0000000010577	-1639273.3529875977	323759.73346348817	-1315513.6195241096	301.9373133149226	1272.7882416373536	1.0069064100610914	11.3
187500	375.00000000106246	-1638169.1113363989	321669.58668683213	-1316499.5246495667	299.98804897798334	1273.2165828251175	1.0065676621265527	11.3
188000	376.00000000106724	-1640049.5994560756	322134.0575751857	-1317915.5418808898	300.421213073599	1272.9161664165686	1.0068052185737058	11.3
188500	377.000000001072	-1637923.502632008	320376.20192349015	-1317547.300708518	298.7818423989617	1272.573681724824	1.007076177638695	11.3
189000	378.0000000010768	-1637456.701806982	322193.3776043302	-1315263.3242026519	300.47653474697086	1274.3879991050785	1.0056424260547085	11.3
189500	379.00000000108156	-1636652.117939381	323151.2204463511	-1313500.89749303	301.3698159811869	1272.8697767884894	1.0068419115021494	11.3
190000	380.00000000108633	-1636862.6659270786	323520.95051270083	-1313341.7154143779	301.7146250829586	1272.4505565667305	1.0071736245791234	11.3
190500	381.0000000010911	-1638551.2652178304	323113.6557164965	-1315437.609501334	301.3347832317886	1273.2988568664734	1.0065026228869314	11.3
191000	382.0000000010959	-1638112.6687545516	322163.31411942706	-1315949.3546351246	300.4484976351181	1270.711010534554	1.0085523998221368	11.4
191500	383.00000000110066	-1639337.2859594235	321464.6960653002	-1317872.5898941234	299.79696862612184	1270.4402106442474	1.0087673771795536	11.4
192000	384.00000000110543	-1639331.992593713	320903.9848479219	-1318428.0077457912	299.2740511011114	1268.0271977882564	1.0106870273685118	11.4
192500	385.0000000011102	-1639528.9798765779	322152.09722750215	-1317376.8826490757	300.4380367968436	1270.1650410708912	1.0089859173533249	11.4
193000	386.000000001115	-1637384.2636658987	320748.32416576624	-1316635.9395001326	299.1288824365093	1271.5981625842062	1.0078487661153488	11.4
193500	387.00000000111976	-1637909.8609314319	322385.2678500036	-1315524.5930814282	300.6554909890278	1271.916392847536	1.007596604904092	11.4
194000	388.00000000112453	-1635236.1731695058	321223.25147587137	-1314012.9216936345	299.5717981582978	1271.4246027606443	1.0079863456884073	11.4
194500	389.0000000011293	-1636166.181242155	321518.52698522795	-1314647.6542569268	299.8471711734318	1272.349397154328	1.0072537009262945	11.4
195000	390.0000000011341	-1638351.2694407655	323368.64062980004	-1314982.6288109655	301.57258136324583	1272.38741733162	1.0072236032030968	11.4
195500	391.00000000113886	-1637704.1895476384	321297.1617008089	-1316407.0278468295	299.6407266025654	1273.5461187173894	1.0063072081329392	11.4
196000	392.00000000114363	-1639325.9796216702	321888.6404464928	-1317437.3391751773	300.1923378281004	1270.8746534227657	1.0084225345933548	11.4
196500	393.0000000011484	-1640674.5695860544	321030.42089294863	-1319644.1486931057	299.39196496066756	1271.5978695303895	1.0078489983852625	11.5
197000	394.0000000011532	-1641030.1445682226	322350.9814808343	-1318679.1630873883	300.62351562853576	1269.9672341211565	1.0091430744998044	11.5
197500	395.00000000115796	-1640201.7812796384	321888.9080471414	-1318312.873232497	300.19258739162706	1270.2795314571645	1.0088949773794362	11.5
198000	396.00000000116273	-1639103.2955562482	322718.2862050088	-1316385.0093512393	300.9660628637917	1272.144777020544	1.0074157142370128	11.5
198500	397.0000000011675	-1636983.3658039803	320974.85694255907	-1316008.5088614211	299.3401461945773	1273.2715528135166	1.00652420634323	11.5
199000	398.0000000011723	-1638341.739347864	321212.1395987259	-1317129.599749138	299.56143525647764	1273.8152089626549	1.00609462827713	11.5
199500	399.00000000117706	-1638819.365987042	322475.521515142	-1316343.8444719	300.7396612744341	1274.8217285406104	1.0053002788257788	11.5
200000	400.00000000118183	-1638286.6464733677	321353.0366935477	-1316933.60977982	299.69283544577627	1274.0506152060439	1.005908732242773	11.5
200500	401.0000000011866	-1639528.4463562267	323202.47174986295	-1316325.9746063638	301.41761278630753	1270.898857371173	1.0084033294403574	11.5
201000	402.0000000011914	-1639384.0699894223	322101.11355462007	-1317282.9564348022	300.39048958321	1272.9286161021316	1.0067953716677316	11.5
201500	403.00000000119616	-1637943.1703398013	321733.7450952601	-1316209.4252445414	300.0478829087197	1270.325196722078	1.0088587099287623	11.5
202000	404.00000000120093	-1638536.3905749284	322489.7575011258	-1316046.6330738026	300.7529377103712	1270.143447243736	1.009003071216968	11.5
202500	405.0000000012057	-1639789.595059963	322268.0903862226	-1317521.5046737404	300.5462116533407	1270.3333532488823	1.0088522322722573	11.5
203000	406.0000000012105	-1640377.7117884597	322421.9668243514	-1317955.7449641083	300.6897163375523	1267.2291102742367	1.0113235473873345	11.6
203500	407.00000000121526	-1637706.7945495592	321687.59564761934	-1316019.19890194	300.00484407840395	1268.2093051314082	1.0105418986988455	11.6
204000	408.00000000122003	-1637835.9565531267	321968.22793503804	-1315867.7286180886	300.26656087062565	1269.2698386136117	1.0096975443416112	11.6
204500	409.0000000012248	-1637900.7238266533	322627.6675063556	-1315273.0563202978	300.8815521492728	1270.0766508830095	1.009056137095372	11.6
205000	410.0000000012296	-1639043.9417162351	321042.74095281545	-1318001.2007634197	299.40345460990926	1270.3606200600334	1.0088305784340774	11.6
205500	411.00000000123435	-1640040.260897722	322864.0819436604	-1317176.1789540616	301.1020315129819	1268.2666320029978	1.010496221233082	11.6
206000	412.00000000123913	-1640512.347788277	320816.6998047556	-1319695.6479835215	299.1926493432577	1269.7298837392188	1.0093317134357147	11.6
206500	413.0000000012439	-1640880.357435517	321149.11210072064	-1319731.2453347964	299.50265600925906	1269.652732946805	1.0093930457508271	11.6
207000	414.0000000012487	-1638829.1923617655	321480.9111561904	-1317348.2812055752	299.8120907690955	1270.9488425934549	1.0083636698861076	11.6
207500	415.00000000125345	-1639209.5661952244	321191.09667247074	-1318018.4695227537	299.54181068936487	1271.5730547014275	1.0078686666225076	11.6
208000	416.00000000125823	-1637185.0169345168	322879.53733166214	-1314305.4796028547	301.1164451594214	1272.2501355555135	1.0073322873692996	11.6
208500	417.000000001263	-1636728.3166175783	320844.8313723301	-1315883.4852452483	299.218884755061	1274.0550579839503	1.0059052245222366	11.6
209000	418.0000000012678	-1638804.923676164	322781.1035116041	-1316023.8201645599	301.0246460871597	1271.3333894051405	1.0080586648909537	11.6
209500	419.00000000127255	-1640562.767505614	323022.73774761613	-1317540.029757998	301.2499934187932	1271.9353416657902	1.007581594105733	11.6
210000	420.00000000127733	-1640009.262444688	322824.3441739179	-1317184.91827077	301.0649721933908	1273.406790124242	1.0064173122792894	11.6
210500	421.0000000012821	-1640356.878017975	322173.49774711055	-1318183.3802708643	300.45799485439755	1274.2493660670266	1.0057518357734263	11.6
211000	422.0000000012869	-1640204.822395075	322308.2353696986	-1317896.5870253765	300.5836507391843	1272.4535513101932	1.0071712541769777	11.6
211500	423.00000000129165	-1641375.2836084478	321920.1952828319	-1319455.088325616	300.221765769631	1270.9027011991398	1.008400279538177	11.6
212000	424.0000000012964	-1640868.9789520567	321414.13577055733	-1319454.8431814993	299.74981625361477	1271.199082185479	1.008165170282937	11.6
212500	425.0000000013012	-1637517.4949720316	320514.9030189031	-1317002.5919531286	298.9111946060902	1272.1474583258528	1.0074135909068243	11.6
213000	426.000000001306	-1637501.3866813807	322182.7050918886	-1315318.6815894921	300.4665815952974	1272.0897586527692	1.0074592853513082	11.6
213500	427.00000000131075	-1638184.18330218	322357.58606549597	-1315826.597236684	300.62967504350365	1273.4574846281334	1.0063772482591165	11.6
214000	428.0000000013155	-1638436.706274896	323380.127251047	-1315056.579023849	301.5832937502412	1273.0357038696839	1.0067106800377907	11.6
214500	429.0000000013203	-1639820.9506146694	322126.4137091259	-1317694.5369055434	300.4140844280544	1273.7720169747038	1.0061287436655064	11.6
215000	430.0000000013251	-1639491.7828587918	321786.97666754865	-1317704.8061912432	300.09752650629866	1274.2287395202877	1.0057681163568137	11.6
215500	431.00000000132985	-1637038.2813599762	323385.54963521013	-1313652.731724766	301.58835064872716	1272.0158374170348	1.0075178322916327	11.6
216000	432.0000000013346	-1638364.9023222988	323349.8875899875	-1315015.0147323115	301.5550923370568	1272.6929737142066	1.0069817824285605	11.6
216500	433.0000000013394	-1639595.5376237575	324506.52172170405	-1315089.0159020536	302.6337657053687	1271.1817026960732	1.0081789538324162	11.6
217000	434.0000000013442	-1637714.1005957387	322458.93119724165	-1315255.169398497	300.72418919592616	1272.3003796295955	1.0072925070792973	11.6
217500	435.00000000134895	-1640204.1314206468	321712.7699185154	-1318491.3615021314	300.0283215245882	1272.4059879382046	1.00720890290032	11.6
218000	436.0000000013537	-1637909.4990794929	321777.86796201835	-1316131.6311174745	300.08903175605235	1274.6834633322287	1.0054093239781923	11.6
218500	437.0000000013585	-1639306.0396606186	322316.27276300796	-1316989.7668976106	300.5911463870091	1274.3178211406873	1.0056978077948013	11.6
219000	438.0000000013633	-1638901.883845483	321831.5408149401	-1317070.3430305428	300.1390868905676	1269.6123232541522	1.0094251730876507	11.6
219500	439.00000000136805	-1640659.6861444851	322020.4650079448	-1318639.2211365404	300.31527700119625	1271.1949070765154	1.0081684814977758	11.6
220000	440.0000000013728	-1637783.5450750515	323215.6854394148	-1314567.8596356367	301.42993583179435	1270.3189802100014	1.0088636469425767	11.6
220500	441.0000000013776	-1637358.0448145093	323126.0051224873	-1314232.039692022	301.34630024913355	1270.4067048260717	1.0087939824990884	11.6
221000	442.0000000013824	-1637507.9604885438	321108.79400885664	-1316399.1664796872	299.4650554830751	1269.0221897438776	1.00989458617244	11.6
221500	443.00000000138715	-1638493.883390515	322688.555653652	-1315805.3277368632	300.93833624472137	1268.330401089264	1.0104454155276852	11.6
222000	444.0000000013919	-1638374.228276791	322772.08684522344	-1315602.1414315677	301.01623717233605	1270.2311084800463	1.008933437859642	11.6
222500	445.0000000013967	-1638900.752420553	323647.1425351696	-1315253.6098853834	301.8323113678415	1272.087444641365	1.0074611179865451	11.6
223000	446.0000000014015	-1639140.9729268514	322473.4310716047	-1316667.5418552468	300.7377117333392	1270.4856160132965	1.008731325252268	11.6
223500	447.00000000140625	-1637827.5962059293	320942.8856276239	-1316884.7105783054	299.3103298464125	1272.110781612458	1.0074426360340865	11.6
224000	448.000000001411	-1639184.075091876	322912.4008674654	-1316271.6742244107	301.14709358997305	1270.5403130949176	1.0086878991137487	11.6
224500	449.0000000014158	-1640098.4631116474	322203.7966426256	-1317894.6664690217	300.4862515094496	1269.331646201796	1.0096483791213173	11.6
225000	450.0000000014206	-1638697.4328815332	321229.3342745988	-1317468.0986069343	299.5774709573378	1270.6130624813034	1.0086301463423646	11.6
225500	451.00000000142535	-1640193.2526710462	322669.62193036	-1317523.6307406863	300.9206787136854	1270.6720616587143	1.0085833141574587	11.6
226000	452.0000000014301	-1640030.6606267774	322592.9863395959	-1317437.6742871816	300.8492086017846	1270.3896413475252	1.0088075323061068	11.6
226500	453.0000000014349	-1641031.4273342267	321848.7055591163	-1319182.7217751103	300.1550946772212	1270.4903538569793	1.0087275635461501	11.6
227000	454.0000000014397	-1639369.9256958142	322009.30879830697	-1317360.616897507	300.3048727550326	1269.3603016203624	1.0096255866195576	11.6
227500	455.00000000144445	-1637533.1374033624	322204.6383178455	-1315328.499085517	300.4870364531233	1271.3565544020064	1.0080402973639746	11.6
228000	456.0000000014492	-1637717.4658506308	323355.01944623713	-1314362.4464043938	301.5598782901207	1274.507098795847	1.0055484511352435	11.6
228500	457.000000001454	-1638547.692337118	321930.77188887884	-1316616.9204482392	300.2316294793012	1272.542254913749	1.0071010484770897	11.6
229000	458.0000000014588	-1640741.3273879727	321782.3244293399	-1318959.0029586328	300.0931878435174	1271.126819927445	1.008222483440471	11.6
229500	459.00000000146355	-1640816.204937798	321425.3008923946	-1319390.9040454035	299.7602288112676	1269.9146148739326	1.00918488860943	11.6
230000	460.0000000014683	-1639636.0338812284	321936.51211369096	-1317699.5217675376	300.2369827949809	1271.5200270906528	1.0079106988880064	11.6
230500	461.0000000014731	-1639470.4539980274	323550.7352435726	-1315919.7187544547	301.74240222967484	1270.1364629484394	1.009008619577802	11.6
231000	462.0000000014779	-1638640.6310593719	322066.37169164175	-1316574.25936773	300.3580894306184	1270.2929904444416	1.0088842879520628	11.6
231500	463.00000000148265	-1642421.5665856367	322853.66044889693	-1319567.9061367398	301.0923124596088	1273.0796838878114	1.006675902046658	11.6
232000	464.0000000014874	-1640851.386342097	321882.4052828216	-1318968.9810592756	300.18652293399106	1272.911418009809	1.006808974310859	11.6
232500	465.0000000014922	-1641119.2648613397	321725.6406188657	-1319393.6242424739	300.04032469942	1272.3415204743658	1.0072599365280694	11.6
233000	466.00000000149697	-1640196.96521468	320534.0342277206	-1319662.9309869595	298.92903631150864	1269.3952014186684	1.0095978287319445	11.6
233500	467.00000000150175	-1642418.0078948056	322511.13591437443	-1319906.8719804313	300.7728751516033	1269.4335699954518	1.0095673136796188	11.6
234000	468.0000000015065	-1641147.5595281897	323788.34909364616	-1317359.2104345434	301.9640001619752	1269.4045906992897	1.0095903611385562	11.6
234500	469.0000000015113	-1640472.4159388654	321710.2299149813	-1318762.186023884	300.0259527252484	1269.2188431854179	1.009738112568987	11.5
235000	470.00000000151607	-1639621.7397531355	321021.4020262916	-1318600.337726844	299.383553993873	1271.4113170289593	1.0079968787361724	11.5
235500	471.00000000152085	-1639487.5498181367	320310.8768770065	-1319176.6729411301	298.7209204652288	1273.1185249135265	1.0066451898043705	11.5
236000	472.0000000015256	-1640167.6261637108	322963.3156692934	-1317204.3104944173	301.19457657467734	1270.5033454158431	1.0087172487810874	11.5
236500	473.0000000015304	-1637277.5922814691	322601.1188227257	-1314676.4734587434	300.85679293007803	1268.8626250584969	1.0100215845635407	11.5
237000	474.00000000153517	-1639932.181259106	322036.5654057532	-1317895.6158533527	300.330292181761	1269.191543047717	1.009759831898639	11.5
237500	475.00000000153995	-1640853.8588673575	321298.834111141	-1319555.0247562164	299.64228628720264	1268.7230147164532	1.0101327273876692	11.5
238000	476.0000000015447	-1641647.3964640312	321862.57879403455	-1319784.8176699965	300.16803281265084	1266.27094647829	1.0120887972035686	11.5
238500	477.0000000015495	-1640809.0933281314	321189.92073206423	-1319619.1725960672	299.54071401102516	1269.194628807555	1.0097573768958643	11.5
239000	478.00000000155427	-1638978.4765066933	321900.2958255765	-1317078.1806811169	300.2032075981257	1270.2938928339406	1.0088835712623325	11.5
239500	479.00000000155904	-1640206.2412421228	321882.1852196103	-1318324.0560225125	300.1863177037295	1271.3093142244693	1.0080777548120399	11.5
240000	480.0000000015638	-1640267.1502844682	321442.81312482106	-1318824.3371596471	299.776560664375	1272.7257345438513	1.0069558620297392	11.5
240500	481.0000000015686	-1641549.9861391233	320945.2495569085	-1320604.736582215	299.3125344394589	1271.729567222023	1.0077446276212072	11.5
241000	482.00000000157337	-1642487.680706175	320753.9048662703	-1321733.7758399048	299.13408698031895	1268.2497083298463	1.0105097054134107	11.5
241500	483.00000000157814	-1640874.119264692	321593.6271738784	-1319280.4920908136	299.9172093741307	1269.8264627263918	1.0092549468558187	11.5
242000	484.0000000015829	-1639756.3313816944	321412.19997438753	-1318344.131407307	299.74801093617026	1271.9042937070558	1.0076061897863278	11.5
242500	485.0000000015877	-1640478.9148925766	321957.219637724	-1318521.6952548525	300.2562945670319	1272.1166123208773	1.007438018450916	11.5
243000	486.00000000159247	-1639773.0905405954	321910.345470343	-1317862.7450702523	300.2125798653564	1271.3001670842907	1.0080850080389114	11.5
243500	487.00000000159724	-1640255.4343893342	322547.632811164	-1317707.8015781702	300.80691204322994	1272.0222311411708	1.0075127680789766	11.5
244000	488.000000001602	-1638809.3663339205	321668.8290468814	-1317140.5372870392	299.98734240533844	1272.8555674087484	1.006853151268409	11.5
244500	489.0000000016068	-1637820.8737733709	322347.30280331767	-1315473.5709700533	300.62008490540643	1271.3035211724832	1.008082348401802	11.5
245000	490.00000000161157	-1638292.7287702654	322183.959189258	-1316108.7695810073	300.46775116257584	1269.901925516977	1.0091949727797336	11.5
245500	491.00000000161634	-1638986.9624915924	320787.77313816	-1318199.1893534325	299.16567242459763	1270.8032115772928	1.0084792259569206	11.5
246000	492.0000000016211	-1638779.169432884	322498.5552435839	-1316280.6141893002	300.7611424574305	1269.8827236742304	1.0092102327740673	11.5
246500	493.0000000016259	-1640766.912901448	323092.58409613185	-1317674.3288053162	301.31513190463914	1269.8512302749944	1.009235262053101	11.5
247000	494.00000000163067	-1639013.513814345	322747.73954124533	-1316265.7742730996	300.99353095290917	1269.3664908729816	1.0096206638270846	11.5
247500	495.00000000163544	-1638100.6969878348	322453.8710372298	-1315646.8259506049	300.719470106549	1270.293355973663	1.0088839976437758	11.5
248000	496.0000000016402	-1638360.0191469584	321692.3777280629	-1316667.6414188955	300.0093038316467	1271.1299537157256	1.0082199978127868	11.5
248500	497.000000001645	-1640433.643753847	321458.5007496875	-1318975.1430041597	299.79119089418697	1269.63813690667	1.0094046499559777	11.5
249000	498.00000000164977	-1640401.2588944007	322532.66576856025	-1317868.5931258404	300.792953826179	1271.4464172661262	1.0079690514293926	11.5
249500	499.00000000165454	-1638066.5996638658	321187.7347066713	-1316878.8649571943	299.53867533059105	1270.5336028079118	1.0086932264701343	11.5
250000	500.0000000016593	-1639623.3388818149	321001.91814367357	-1318621.4207381413	299.36538338597285	1266.8119246191845	1.0116565957810124	11.6
250500	501.0000000016641	-1639551.414109746	321147.0976793592	-1318404.3164303869	299.50077736620716	1268.8105636266225	1.0100630274482578	11.6
251000	502.00000000166887	-1640096.132164861	322239.1346413859	-1317856.9975234752	300.51920761640423	1269.2359041062466	1.0097245397871735	11.6
251500	503.00000000167364	-1639133.5967145348	321530.65865942545	-1317602.9380551092	299.8584851347883	1270.1596427308773	1.0089902056717912	11.6
252000	504.0000000016784	-1639578.5958445705	322743.3546951389	-1316835.2411494316	300.989441659165	1271.963922010016	1.007558954290014	11.6
252500	505.0000000016832	-1639890.8662132379	322256.014441563	-1317634.8517716748	300.53494966517667	1270.3827734260076	1.0088129861040511	11.6
253000	506.00000000168797	-1637434.8296789331	322699.8120739374	-1314735.0176049958	300.94883394702106	1267.3934187942068	1.0111924365003613	11.6
253500	507.00000000169274	-1635916.4752570102	321781.64960685995	-1314134.8256501502	300.0925585061864	1269.9895845727308	1.009125314666423	11.6
254000	508.0000000016975	-1637645.4476424074	322661.41779637476	-1314984.0298460326	300.9130275640286	1270.550538324256	1.008679781321667	11.6
254500	509.0000000017023	-1638324.4672718504	322052.67196604726	-1316271.7953058032	300.34531310944067	1268.5383572673222	1.010279769478793	11.6
