            --------------------------------------------------------
                             AMBER SQM VERSION 19
 
                                     By
              Ross C. Walker, Michael F. Crowley, Scott Brozell,
                         Tim Giese, Andreas W. Goetz,
                        Tai-Sung Lee and David A. Case
 
            --------------------------------------------------------
 

--------------------------------------------------------------------------------
  QM CALCULATION INFO
--------------------------------------------------------------------------------

| QMMM: Citation for AMBER QMMM Run:
| QMMM: R.C. Walker, M.F. Crowley and D.A. Case, J. COMP. CHEM. 29:1019, 2008

QMMM: SINGLET STATE CALCULATION
QMMM: RHF CALCULATION, NO. OF DOUBLY OCCUPIED LEVELS = 96

| QMMM: *** Selected Hamiltonian *** 
| QMMM: AM1         

| QMMM: *** Parameter sets in use ***
| QMMM: C : M.J.S.DEWAR et al. JACS, 107, 3902, (1985)
| QMMM: O : M.J.S.DEWAR et al. JACS, 107, 3902, (1985)
| QMMM: N : M.J.S.DEWAR et al. JACS, 107, 3902, (1985)

| QMMM: *** SCF convergence criteria ***
| QMMM: Energy change                :  0.1D-09 kcal/mol
| QMMM: Error matrix |FP-PF|         :  0.1D+00 au
| QMMM: Density matrix change        :  0.5D-06
| QMMM: Maximum number of SCF cycles :     1000

| QMMM: *** Diagonalization Routine Information ***
| QMMM: Pseudo diagonalizations are allowed.
| QMMM: Auto diagonalization routine selection is in use.
| QMMM:
| QMMM: Timing diagonalization routines:
| QMMM:                              norbs =      184
| QMMM:    diag iterations used for timing =        5
| QMMM:
| QMMM:              Internal diag routine = 0.108966 seconds
| QMMM:                 Dspev diag routine = 0.175179 seconds
| QMMM:                Dspevd diag routine = 0.118222 seconds
| QMMM:                Dspevx diag routine = 0.255719 seconds
| QMMM:                 Dsyev diag routine = 0.054985 seconds
| QMMM:                Dsyevd diag routine = 0.014479 seconds
| QMMM:                Dsyevr diag routine = 0.022045 seconds
| QMMM:
| QMMM:                Pseudo diag routine = 0.030037 seconds
| QMMM: Pseudo diagonalization appears to be slower than regular
| QMMM: diagonalization. Setting pseudo_diag=0 for optimum performance.
| QMMM:
| QMMM: Using dsyevd routine (diag_routine=6).

  QMMM: QM Region Cartesian Coordinates (*=link atom) 
  QMMM: QM_NO.   MM_NO.  ATOM         X         Y         Z
  QMMM:     1        1      C       -8.6110   15.0600   27.9540
  QMMM:     2        2      O       -7.9390   14.0390   27.9410
  QMMM:     3        3      N       -8.4610   15.9230   26.9050
  QMMM:     4        4      C       -7.8540   15.3510   25.6960
  QMMM:     5        5      C       -8.6270   17.3880   27.0110
  QMMM:     6        6      C      -10.0290   17.9100   27.2980
  QMMM:     7        7      O       -9.9290   19.2740   26.9980
  QMMM:     8        8      C      -10.4610   17.6450   28.7330
  QMMM:     9        9      O      -11.6920   18.2540   29.0200
  QMMM:    10       10      C      -10.6570   16.1520   28.9640
  QMMM:    11       11      N       -9.4610   15.2940   29.0040
  QMMM:    12       12      C       -9.2710   14.4910   30.2150
  QMMM:    13       13      C       -8.3810   15.7300   24.3360
  QMMM:    14       14      C       -9.7690   15.7120   24.0220
  QMMM:    15       15      C      -10.1950   15.9190   22.6940
  QMMM:    16       16      C       -9.2190   16.1520   21.6930
  QMMM:    17       17      C       -9.6080   16.3040   20.3490
  QMMM:    18       18      C       -8.6260   16.5080   19.3490
  QMMM:    19       19      C       -7.2630   16.5620   19.6620
  QMMM:    20       20      C       -6.8600   16.4030   21.0060
  QMMM:    21       21      C       -7.8280   16.1920   22.0220
  QMMM:    22       22      C       -7.4080   15.9830   23.3460
  QMMM:    23       23      C       -7.4760   17.9720   27.8940
  QMMM:    24       24      C       -6.1240   17.8900   27.1930
  QMMM:    25       25      C       -5.2260   16.8260   27.4940
  QMMM:    26       26      C       -4.0290   16.6670   26.7500
  QMMM:    27       27      C       -3.7300   17.5850   25.7230
  QMMM:    28       28      C       -4.6070   18.6600   25.4320
  QMMM:    29       29      C       -5.8030   18.8110   26.1630
  QMMM:    30       30      C      -11.7120   15.4510   28.0790
  QMMM:    31       31      C      -12.3100   14.2480   28.7790
  QMMM:    32       32      C      -13.1670   14.4220   29.8980
  QMMM:    33       33      C      -13.7000   13.2810   30.5420
  QMMM:    34       34      C      -13.3740   11.9820   30.0580
  QMMM:    35       35      C      -12.5290   11.8140   28.9440
  QMMM:    36       36      C      -11.9920   12.9540   28.3040
  QMMM:    37       37      C       -9.3740   15.1480   31.5710
  QMMM:    38       38      C      -10.2280   14.4920   32.4770
  QMMM:    39       39      C      -10.2720   14.9260   33.8000
  QMMM:    40       40      C      -11.1560   14.2820   34.7090
  QMMM:    41       41      C      -11.2450   14.7480   36.0440
  QMMM:    42       42      C      -10.4350   15.8370   36.4510
  QMMM:    43       43      C       -9.5400   16.4750   35.5530
  QMMM:    44       44      C       -9.4550   16.0280   34.2120
  QMMM:    45       45      C       -8.6050   16.6910   33.2880
  QMMM:    46       46      C       -8.5740   16.2520   31.9620

--------------------------------------------------------------------------------
  RESULTS
--------------------------------------------------------------------------------

      iter         sqm energy              rms gradient
      ----    -------------------    -----------------------
xmin    10     1835.3918 kcal/mol       43.9913 kcal/(mol*A)
xmin    20     1689.7288 kcal/mol        2.2353 kcal/(mol*A)
xmin    30     1674.4689 kcal/mol        3.1218 kcal/(mol*A)
xmin    40     1668.2746 kcal/mol        2.0093 kcal/(mol*A)
xmin    50     1665.0033 kcal/mol        1.8414 kcal/(mol*A)
xmin    60     1663.7357 kcal/mol        0.9721 kcal/(mol*A)
xmin    70     1663.1102 kcal/mol        0.4353 kcal/(mol*A)
xmin    80     1663.0028 kcal/mol        0.0888 kcal/(mol*A)
xmin    90     1662.9761 kcal/mol        0.0971 kcal/(mol*A)
xmin   100     1662.9400 kcal/mol        0.0957 kcal/(mol*A)
xmin   110     1662.9265 kcal/mol        0.2160 kcal/(mol*A)
xmin   120     1662.9012 kcal/mol        0.1844 kcal/(mol*A)
xmin   130     1662.8627 kcal/mol        0.1215 kcal/(mol*A)
xmin   140     1662.8262 kcal/mol        0.3135 kcal/(mol*A)
xmin   150     1662.8070 kcal/mol        0.3873 kcal/(mol*A)
xmin   160     1662.7904 kcal/mol        0.1186 kcal/(mol*A)
xmin   170     1662.7361 kcal/mol        0.1017 kcal/(mol*A)
xmin   180     1662.6972 kcal/mol        0.1623 kcal/(mol*A)
xmin   190     1662.6662 kcal/mol        0.1356 kcal/(mol*A)
xmin   200     1662.6567 kcal/mol        0.0505 kcal/(mol*A)
xmin   210     1662.6281 kcal/mol        0.1230 kcal/(mol*A)
xmin   220     1662.5880 kcal/mol        0.3409 kcal/(mol*A)
xmin   230     1662.5496 kcal/mol        0.3348 kcal/(mol*A)
xmin   240     1662.5332 kcal/mol        0.1011 kcal/(mol*A)
xmin   250     1662.5085 kcal/mol        0.1607 kcal/(mol*A)
xmin   260     1662.4898 kcal/mol        0.0766 kcal/(mol*A)
xmin   270     1662.4797 kcal/mol        0.0673 kcal/(mol*A)
xmin   280     1662.4765 kcal/mol        0.0288 kcal/(mol*A)
xmin   290     1662.4711 kcal/mol        0.1077 kcal/(mol*A)
xmin   300     1662.4668 kcal/mol        0.0777 kcal/(mol*A)
xmin   310     1662.4623 kcal/mol        0.0513 kcal/(mol*A)
xmin   320     1662.4576 kcal/mol        0.0643 kcal/(mol*A)
xmin   330     1662.4524 kcal/mol        0.0541 kcal/(mol*A)
xmin   340     1662.4506 kcal/mol        0.0426 kcal/(mol*A)
xmin   350     1662.4448 kcal/mol        0.0481 kcal/(mol*A)
xmin   360     1662.4381 kcal/mol        0.1678 kcal/(mol*A)
xmin   370     1662.5509 kcal/mol        0.9140 kcal/(mol*A)
xmin   380     1662.4269 kcal/mol        0.0443 kcal/(mol*A)
xmin   390     1662.4220 kcal/mol        0.0460 kcal/(mol*A)
xmin   400     1662.4181 kcal/mol        0.0862 kcal/(mol*A)
xmin   410     1662.4144 kcal/mol        0.0467 kcal/(mol*A)
xmin   420     1662.4119 kcal/mol        0.0465 kcal/(mol*A)
xmin   430     1662.4261 kcal/mol        0.1057 kcal/(mol*A)
xmin   440     1662.4119 kcal/mol        0.0414 kcal/(mol*A)
xmin   450     1662.4107 kcal/mol        0.0148 kcal/(mol*A)
xmin   460     1662.4101 kcal/mol        0.0307 kcal/(mol*A)
xmin   470     1662.4099 kcal/mol        0.0113 kcal/(mol*A)
xmin   480     1662.4098 kcal/mol        0.0175 kcal/(mol*A)
xmin   490     1662.4097 kcal/mol        0.0073 kcal/(mol*A)
xmin   500     1662.4096 kcal/mol        0.0190 kcal/(mol*A)
xmin   510     1662.4095 kcal/mol        0.0036 kcal/(mol*A)
xmin   520     1662.4095 kcal/mol        0.0018 kcal/(mol*A)
xmin   530     1662.4095 kcal/mol        0.0029 kcal/(mol*A)
xmin   540     1662.4094 kcal/mol        0.0053 kcal/(mol*A)
xmin   550     1662.4094 kcal/mol        0.0031 kcal/(mol*A)
xmin   560     1662.4094 kcal/mol        0.0018 kcal/(mol*A)
xmin   570     1662.4093 kcal/mol        0.0045 kcal/(mol*A)
xmin   580     1662.4093 kcal/mol        0.0052 kcal/(mol*A)
xmin   590     1662.4093 kcal/mol        0.0052 kcal/(mol*A)
xmin   600     1662.4093 kcal/mol        0.0043 kcal/(mol*A)
xmin   610     1662.4093 kcal/mol        0.0043 kcal/(mol*A)
xmin   620     1662.4093 kcal/mol        0.0022 kcal/(mol*A)
xmin   630     1662.4093 kcal/mol        0.0019 kcal/(mol*A)
xmin   640     1662.4093 kcal/mol        0.0013 kcal/(mol*A)
xmin   650     1662.4093 kcal/mol        0.0031 kcal/(mol*A)
xmin   660     1662.4093 kcal/mol        0.0099 kcal/(mol*A)
xmin   670     1662.4092 kcal/mol        0.0007 kcal/(mol*A)
xmin   680     1662.4092 kcal/mol        0.0006 kcal/(mol*A)
xmin   690     1662.4092 kcal/mol        0.0030 kcal/(mol*A)
xmin   700     1662.4092 kcal/mol        0.0008 kcal/(mol*A)
xmin   710     1662.4092 kcal/mol        0.0031 kcal/(mol*A)
xmin   720     1662.4092 kcal/mol        0.0013 kcal/(mol*A)
xmin   730     1662.4092 kcal/mol        0.0028 kcal/(mol*A)
xmin   740     1662.4092 kcal/mol        0.0037 kcal/(mol*A)
xmin   750     1662.4092 kcal/mol        0.0019 kcal/(mol*A)
  ... geometry converged !
 
 Final MO eigenvalues (eV):
 -43.7056  -42.1259  -41.8993  -41.2756  -41.0804  -40.6296  -40.1221  -39.1906
 -38.4227  -37.6214  -37.3524  -36.5428  -35.7760  -35.2578  -34.6744  -34.1865
 -32.9670  -32.7718  -32.4149  -31.9255  -31.5594  -30.8728  -30.2449  -29.3695
 -29.1370  -27.2379  -26.8641  -25.7839  -25.6404  -25.1796  -24.3410  -23.3548
 -22.9752  -22.6692  -22.5954  -22.4751  -22.1535  -21.5355  -20.7827  -20.5248
 -20.2647  -19.4846  -19.3803  -19.2581  -18.8172  -18.3583  -17.9614  -17.7811
 -17.5844  -17.4849  -17.2411  -16.9460  -16.8692  -16.5929  -16.4596  -16.3362
 -16.0621  -15.8915  -15.8284  -15.2893  -15.2716  -15.1422  -15.1131  -14.7372
 -14.6280  -14.4286  -14.1955  -14.0214  -13.5472  -13.4799  -13.4406  -13.3721
 -13.2304  -13.0884  -12.7498  -12.6674  -12.4434  -12.1737  -12.1417  -12.1244
 -12.1028  -11.9192  -11.7181  -11.6626  -11.4050  -11.1417  -10.9749  -10.8489
 -10.7085  -10.6369  -10.1598   -9.4238   -9.2177   -9.0305   -8.4731   -8.1756
  -4.1694   -3.8194   -3.4603   -3.2423   -3.0050   -2.7267   -2.5658   -2.5439
  -2.4716   -2.3892   -2.1927   -1.9566   -1.6619   -1.6356   -1.4012   -1.3294
  -1.3169   -1.1795   -0.8376   -0.8031   -0.5498   -0.5172   -0.4865   -0.2716
  -0.1301    0.0580    0.0821    0.1691    0.2565    0.7096    0.7404    0.8006
   0.8206    0.9381    1.1144    1.1308    1.1847    1.3193    1.3577    1.5014
   1.6431    1.8347    1.9429    1.9492    1.9634    1.9923    2.0352    2.1809
   2.2767    2.3589    2.6146    2.6251    2.7344    2.8168    2.9476    2.9771
   2.9867    3.0410    3.2221    3.2440    3.5227    3.6492    3.7266    3.8161
   3.8238    3.8847    3.9285    3.9360    4.0073    4.0121    4.0400    4.1532
   4.2222    4.4131    4.5115    4.6160    4.6766    4.6791    4.8249    4.8718
   5.3155    5.4602    5.7405    6.0696    6.5836    6.6338    6.7081    6.8381


 Heat of formation   =       1662.40921103 kcal/mol  (       72.08747283 eV)

 Total SCF energy    =    -151184.37484657 kcal/mol  (    -6555.84644406 eV)
 Electronic energy   =   -1289133.15053729 kcal/mol  (   -55901.00821895 eV)
 Core-core repulsion =    1137948.77569072 kcal/mol  (    49345.16177489 eV)
 
    Atomic Charges for Step       1 :
  Atom    Element       Mulliken Charge
     1      C                  0.452
     2      O                 -0.162
     3      N                 -0.012
     4      C                  0.070
     5      C                 -0.080
     6      C                  0.242
     7      O                 -0.147
     8      C                  0.247
     9      O                 -0.184
    10      C                 -0.125
    11      N                 -0.119
    12      C                 -0.058
    13      C                  0.295
    14      C                 -0.139
    15      C                  0.087
    16      C                  0.021
    17      C                 -0.135
    18      C                  0.288
    19      C                 -0.126
    20      C                  0.008
    21      C                  0.079
    22      C                 -0.146
    23      C                  0.090
    24      C                  0.009
    25      C                  0.225
    26      C                 -0.231
    27      C                  0.156
    28      C                 -0.055
    29      C                 -0.105
    30      C                  0.165
    31      C                 -0.033
    32      C                 -0.038
    33      C                 -0.086
    34      C                  0.148
    35      C                 -0.250
    36      C                  0.127
    37      C                 -0.082
    38      C                 -0.092
    39      C                 -0.084
    40      C                  0.012
    41      C                 -0.163
    42      C                  0.175
    43      C                 -0.191
    44      C                  0.045
    45      C                 -0.120
    46      C                  0.021
 Total Mulliken Charge =      -0.000
 
                  X        Y        Z     TOTAL  
  QM DIPOLE     3.523    4.428  -19.357   20.168
 
 Final Structure

  QMMM: QM Region Cartesian Coordinates (*=link atom) 
  QMMM: QM_NO.   MM_NO.  ATOM         X         Y         Z
  QMMM:     1        1      C       -7.9180   14.9033   28.1838
  QMMM:     2        2      O       -7.0803   14.0927   27.8394
  QMMM:     3        3      N       -8.0081   16.1221   27.1178
  QMMM:     4        4      C       -8.2384   15.8942   25.9000
  QMMM:     5        5      C       -7.7655   17.4342   27.6489
  QMMM:     6        6      C       -8.4999   17.8124   28.9127
  QMMM:     7        7      O       -7.9858   18.5372   29.7517
  QMMM:     8        8      C       -9.9108   17.2784   29.0088
  QMMM:     9        9      O      -10.8662   18.0461   29.0586
  QMMM:    10       10      C      -10.0249   15.7932   28.9862
  QMMM:    11       11      N       -8.8420   14.9887   29.2011
  QMMM:    12       12      C       -8.3540   14.4993   30.4141
  QMMM:    13       13      C       -8.4946   15.5792   24.6444
  QMMM:    14       14      C       -9.7806   15.5117   24.0444
  QMMM:    15       15      C      -10.5398   15.3045   23.1236
  QMMM:    16       16      C      -10.8226   14.9630   21.8418
  QMMM:    17       17      C      -10.4368   14.6221   20.7362
  QMMM:    18       18      C       -9.5416   14.2665   19.6869
  QMMM:    19       19      C       -8.2854   14.3581   20.3554
  QMMM:    20       20      C       -7.4764   14.5517   21.2471
  QMMM:    21       21      C       -7.2166   14.8957   22.5328
  QMMM:    22       22      C       -7.5387   15.2366   23.6499
  QMMM:    23       23      C       -6.9257   18.2824   27.0899
  QMMM:    24       24      C       -6.0890   19.1510   26.5828
  QMMM:    25       25      C       -4.5903   19.0516   27.0501
  QMMM:    26       26      C       -3.8879   20.0886   26.4496
  QMMM:    27       27      C       -4.2581   20.9834   25.6356
  QMMM:    28       28      C       -5.5590   21.0382   25.2286
  QMMM:    29       29      C       -6.3931   20.1931   25.6471
  QMMM:    30       30      C      -11.1989   15.2264   28.7978
  QMMM:    31       31      C      -12.3472   14.6518   28.5215
  QMMM:    32       32      C      -13.3528   14.2054   29.4314
  QMMM:    33       33      C      -14.4404   13.6649   29.0889
  QMMM:    34       34      C      -14.7134   13.4715   27.7720
  QMMM:    35       35      C      -13.8843   13.8311   26.8819
  QMMM:    36       36      C      -12.6455   14.4364   27.0147
  QMMM:    37       37      C       -8.9296   14.6630   31.6367
  QMMM:    38       38      C      -10.0703   15.4151   32.0221
  QMMM:    39       39      C      -10.8615   15.8302   32.8501
  QMMM:    40       40      C      -11.3733   15.9542   34.0899
  QMMM:    41       41      C      -11.3179   15.6700   35.2798
  QMMM:    42       42      C      -10.8535   15.0841   36.4775
  QMMM:    43       43      C       -9.7362   14.3523   36.0320
  QMMM:    44       44      C       -8.9036   13.8986   35.2561
  QMMM:    45       45      C       -8.4205   13.8000   34.0030
  QMMM:    46       46      C       -8.4330   14.0540   32.8134

           --------- Calculation Completed ----------

