[INFO] Writable - predicting pockets for proteins from dataset [1HVR_clean.pdb]
[INFO] PredictPocketsRoutine - outdir: /mnt/d/PycharmProjects/AutoMD[root]/output/docking_result/p2rank_1HVR
[INFO] Model - Loading model from directory (v3 format): /mnt/d/PycharmProjects/AutoMD[root]/dock_tools/P2Rank/p2rank/distro/models/default
[INFO] FeatureSetup - effectively enabled features: [chem, volsite, protrusion, bfactor, atom_table]
[INFO] Dataset - processing dataset [1HVR_clean.pdb] using 9 threads
[INFO] Dataset - 
------------------------------------------------------------------------------------------------------------------------
processing [1HVR_clean.pdb] (1/1)
------------------------------------------------------------------------------------------------------------------------

[INFO] Writable - processing [1HVR_clean.pdb] (1/1)
[INFO] Protein - loading protein [/mnt/d/PycharmProjects/AutoMD[root]/data/protein_ensembles/1HVR_ensemble/cleaned/1HVR_clean.pdb]
[INFO] PdbUtils - loading file [/mnt/d/PycharmProjects/AutoMD[root]/data/protein_ensembles/1HVR_ensemble/cleaned/1HVR_clean.pdb]
[INFO] Struct - all groups in chain A: 99
[INFO] Struct - all groups in chain B: 99
[INFO] Struct - all groups in chain A: 99
[INFO] Struct - 99 groups in chain A
[INFO] Struct - all groups in chain B: 99
[INFO] Struct - 99 groups in chain B
[INFO] Protein - structure atoms: 1560
[INFO] Protein - protein   atoms: 1492
[INFO] Protein - ignoring ligands
[INFO] FeatureSetup - effectively enabled features: [chem, volsite, protrusion, bfactor, atom_table]
[INFO] Protein - SAS points: 3066
[INFO] Protein - exposed protein atoms: 1019 of 1492
[INFO] PocketPredictor - PREDICTING POCKETS.... ====================================
[INFO] PocketPredictor - SAS POINTS: 3066
[INFO] SLinkClustererV2 - clusters (1): sizes [53]
[INFO] SLinkClustererV2 - clusters together: 53 / 53
[INFO] SingleLinkageClustering - LIGANDABLE POINTS: 53
[INFO] SingleLinkageClustering - CLUSTERS: 1
[INFO] SingleLinkageClustering - FILTERED CLUSTERS: 1
[INFO] PocketPredictor - pocket 1 -  surf_atoms:  65   points:  53   score:   21.7
[INFO] PredictionVisualizer - copying [/mnt/d/PycharmProjects/AutoMD[root]/data/protein_ensembles/1HVR_ensemble/cleaned/1HVR_clean.pdb] to [/mnt/d/PycharmProjects/AutoMD[root]/output/docking_result/p2rank_1HVR/visualizations/data/1HVR_clean.pdb]
[INFO] Writable - predicting pockets finished in 0 hours 0 minutes 4.888 seconds
[INFO] Writable - results saved to directory [/mnt/d/PycharmProjects/AutoMD[root]/output/docking_result/p2rank_1HVR]
[INFO] Console - 
[INFO] Console - Finished successfully in 0 hours 0 minutes 6.538 seconds.
