            --------------------------------------------------------
                             AMBER SQM VERSION 19
 
                                     By
              Ross C. Walker, Michael F. Crowley, Scott Brozell,
                         Tim Giese, Andreas W. Goetz,
                        Tai-Sung Lee and David A. Case
 
            --------------------------------------------------------
 

--------------------------------------------------------------------------------
  QM CALCULATION INFO
--------------------------------------------------------------------------------

| QMMM: Citation for AMBER QMMM Run:
| QMMM: R.C. Walker, M.F. Crowley and D.A. Case, J. COMP. CHEM. 29:1019, 2008

QMMM: SINGLET STATE CALCULATION
QMMM: RHF CALCULATION, NO. OF DOUBLY OCCUPIED LEVELS = 52

| QMMM: *** Selected Hamiltonian *** 
| QMMM: AM1         

| QMMM: *** Parameter sets in use ***
| QMMM: C : M.J.S.DEWAR et al. JACS, 107, 3902, (1985)
| QMMM: N : M.J.S.DEWAR et al. JACS, 107, 3902, (1985)
| QMMM: F : M.J.S.DEWAR et al. THEOCHEM, 180, 1, (1988)
| QMMM: H : M.J.S.DEWAR et al. JACS, 107, 3902, (1985)

| QMMM: *** SCF convergence criteria ***
| QMMM: Energy change                :  0.1D-09 kcal/mol
| QMMM: Error matrix |FP-PF|         :  0.1D+00 au
| QMMM: Density matrix change        :  0.5D-06
| QMMM: Maximum number of SCF cycles :     1000

| QMMM: *** Diagonalization Routine Information ***
| QMMM: Pseudo diagonalizations are allowed.
| QMMM: Auto diagonalization routine selection is in use.
| QMMM:
| QMMM: Timing diagonalization routines:
| QMMM:                              norbs =       93
| QMMM:    diag iterations used for timing =       15
| QMMM:
| QMMM:              Internal diag routine = 0.065452 seconds
| QMMM:                 Dspev diag routine = 0.034376 seconds
| QMMM:                Dspevd diag routine = 0.030170 seconds
| QMMM:                Dspevx diag routine = 0.066840 seconds
| QMMM:                 Dsyev diag routine = 0.073902 seconds
| QMMM:                Dsyevd diag routine = 0.011744 seconds
| QMMM:                Dsyevr diag routine = 0.016177 seconds
| QMMM:
| QMMM:                Pseudo diag routine = 0.010111 seconds
| QMMM:
| QMMM: Using dsyevd routine (diag_routine=6).

  QMMM: QM Region Cartesian Coordinates (*=link atom) 
  QMMM: QM_NO.   MM_NO.  ATOM         X         Y         Z
  QMMM:     1        1      C       -3.5440    1.1310    0.2380
  QMMM:     2        2      C       -4.7520    0.6850   -0.3140
  QMMM:     3        3      C       -4.7600   -0.4180   -1.1540
  QMMM:     4        4      C       -3.5830   -1.0830   -1.4530
  QMMM:     5        5      C       -2.3780   -0.6340   -0.9000
  QMMM:     6        6      C       -2.3210    0.4850   -0.0380
  QMMM:     7        7      C       -1.0210    0.9350    0.5320
  QMMM:     8        8      C       -0.8810    2.0120    1.3770
  QMMM:     9        9      C        0.3930    2.2850    1.8080
  QMMM:    10       10      N        1.4820    1.5880    1.4690
  QMMM:    11       11      C        1.2700    0.5560    0.6460
  QMMM:    12       12      N        0.0600    0.2070    0.1680
  QMMM:    13       13      C        2.4370   -0.2540    0.2340
  QMMM:    14       14      C        2.2970   -1.3600   -0.6310
  QMMM:    15       15      C        3.4000   -2.1270   -1.0220
  QMMM:    16       16      C        4.6630   -1.7990   -0.5500
  QMMM:    17       17      C        4.8430   -0.7200    0.3030
  QMMM:    18       18      C        3.7380    0.0450    0.6910
  QMMM:    19       19      F        5.7190   -2.5320   -0.9230
  QMMM:    20       20      F        0.5680    3.3280    2.6330
  QMMM:    21       21      F       -5.9150   -0.8420   -1.6800
  QMMM:    22       22      H       -3.5940    1.9990    0.8900
  QMMM:    23       23      H       -5.6850    1.1930   -0.0900
  QMMM:    24       24      H       -3.6010   -1.9450   -2.1130
  QMMM:    25       25      H       -1.4680   -1.1760   -1.1530
  QMMM:    26       26      H       -1.6950    2.6370    1.7090
  QMMM:    27       27      H        1.3140   -1.6340   -1.0120
  QMMM:    28       28      H        3.2770   -2.9740   -1.6880
  QMMM:    29       29      H        5.8380   -0.4770    0.6620
  QMMM:    30       30      H        3.9010    0.8880    1.3610

--------------------------------------------------------------------------------
  RESULTS
--------------------------------------------------------------------------------

      iter         sqm energy              rms gradient
      ----    -------------------    -----------------------
xmin    10      -28.3434 kcal/mol        0.1158 kcal/(mol*A)
xmin    20      -28.3443 kcal/mol        0.0048 kcal/(mol*A)
xmin    30      -28.3443 kcal/mol        0.0006 kcal/(mol*A)
xmin    40      -28.3449 kcal/mol        0.0438 kcal/(mol*A)
xmin    50      -28.3483 kcal/mol        0.0336 kcal/(mol*A)
xmin    60      -28.4684 kcal/mol        0.1077 kcal/(mol*A)
xmin    70      -28.7142 kcal/mol        0.4755 kcal/(mol*A)
xmin    80      -29.1642 kcal/mol        0.5403 kcal/(mol*A)
xmin    90      -29.3777 kcal/mol        0.4153 kcal/(mol*A)
xmin   100      -29.5985 kcal/mol        0.1665 kcal/(mol*A)
xmin   110      -29.6203 kcal/mol        0.2681 kcal/(mol*A)
xmin   120      -29.6767 kcal/mol        0.4526 kcal/(mol*A)
xmin   130      -29.6995 kcal/mol        0.1880 kcal/(mol*A)
xmin   140      -29.7295 kcal/mol        0.3408 kcal/(mol*A)
xmin   150      -29.8494 kcal/mol        0.4105 kcal/(mol*A)
xmin   160      -29.8918 kcal/mol        0.1097 kcal/(mol*A)
xmin   170      -29.9481 kcal/mol        0.1474 kcal/(mol*A)
xmin   180      -29.9669 kcal/mol        0.2628 kcal/(mol*A)
xmin   190      -28.7500 kcal/mol        5.1357 kcal/(mol*A)
xmin   200      -29.9782 kcal/mol        0.0459 kcal/(mol*A)
xmin   210      -29.9811 kcal/mol        0.0916 kcal/(mol*A)
xmin   220      -29.9832 kcal/mol        0.0277 kcal/(mol*A)
xmin   230      -29.9835 kcal/mol        0.0082 kcal/(mol*A)
xmin   240      -29.9809 kcal/mol        0.1149 kcal/(mol*A)
xmin   250      -29.9838 kcal/mol        0.0153 kcal/(mol*A)
xmin   260      -29.9839 kcal/mol        0.0111 kcal/(mol*A)
xmin   270      -29.9839 kcal/mol        0.0125 kcal/(mol*A)
xmin   280      -29.9839 kcal/mol        0.0008 kcal/(mol*A)
  ... geometry converged !
 
 Final MO eigenvalues (eV):
 -50.2184  -49.9440  -49.7894  -41.2913  -39.8093  -38.9927  -34.9576  -33.6519
 -32.2502  -32.0508  -31.3067  -30.2851  -25.9332  -25.6329  -24.0763  -23.9175
 -23.1134  -22.2793  -19.4003  -19.2185  -18.7395  -18.5318  -17.4901  -17.2579
 -17.1207  -17.0719  -16.8320  -16.7097  -16.6154  -16.4776  -15.4414  -15.2826
 -15.1324  -14.9931  -14.8374  -14.6511  -14.3628  -14.1727  -13.7055  -13.5910
 -13.3456  -13.2186  -12.5498  -12.2571  -12.1539  -11.6699  -11.0574  -10.8913
 -10.3994  -10.1979   -9.7748   -9.4971   -1.0959   -0.8114   -0.1139   -0.0763
   0.0886    0.2325    1.9018    1.9223    2.1746    2.3316    2.6278    2.7180
   2.8675    3.0440    3.2651    3.3117    3.4559    3.5303    3.5807    3.6536
   3.7296    3.7806    3.8641    3.9525    3.9882    4.1737    4.4435    4.5743
   4.6336    4.6717    4.7235    4.7673    4.8706    4.9166    4.9278    5.0384
   5.1502    5.2751    5.4704    5.6500    6.3685

 Heat of formation   =        -29.98389162 kcal/mol  (       -1.30019911 eV)

 Total SCF energy    =     -93161.01665232 kcal/mol  (    -4039.76482600 eV)
 Electronic energy   =    -513334.31720775 kcal/mol  (   -22259.84637300 eV)
 Core-core repulsion =     420173.30055543 kcal/mol  (    18220.08154700 eV)
 
    Atomic Charges for Step       1 :
  Atom    Element       Mulliken Charge
     1      C                 -0.081
     2      C                 -0.172
     3      C                  0.111
     4      C                 -0.175
     5      C                 -0.058
     6      C                 -0.073
     7      C                  0.093
     8      C                 -0.263
     9      C                  0.184
    10      N                 -0.195
    11      C                  0.105
    12      N                 -0.176
    13      C                 -0.056
    14      C                 -0.059
    15      C                 -0.180
    16      C                  0.111
    17      C                 -0.179
    18      C                 -0.058
    19      F                 -0.102
    20      F                 -0.071
    21      F                 -0.100
    22      H                  0.143
    23      H                  0.154
    24      H                  0.155
    25      H                  0.155
    26      H                  0.172
    27      H                  0.152
    28      H                  0.153
    29      H                  0.154
    30      H                  0.157
 Total Mulliken Charge =       0.000
 
                  X        Y        Z     TOTAL  
  QM DIPOLE    -1.718    0.401   -0.115    1.768
 
 Final Structure

  QMMM: QM Region Cartesian Coordinates (*=link atom) 
  QMMM: QM_NO.   MM_NO.  ATOM         X         Y         Z
  QMMM:     1        1      C       -3.4248    0.7536    0.6980
  QMMM:     2        2      C       -4.7023    0.3040    0.3858
  QMMM:     3        3      C       -4.8956   -0.4948   -0.7576
  QMMM:     4        4      C       -3.8024   -0.8400   -1.5736
  QMMM:     5        5      C       -2.5294   -0.3858   -1.2445
  QMMM:     6        6      C       -2.3325    0.4185   -0.1143
  QMMM:     7        7      C       -0.9895    0.9159    0.2304
  QMMM:     8        8      C       -0.8572    2.2222    0.7504
  QMMM:     9        9      C        0.4558    2.6476    1.0735
  QMMM:    10       10      N        1.5533    1.8595    0.9003
  QMMM:    11       11      C        1.3130    0.6117    0.3838
  QMMM:    12       12      N        0.0857    0.1085    0.0410
  QMMM:    13       13      C        2.4926   -0.2710    0.1828
  QMMM:    14       14      C        2.5454   -1.1288   -0.9236
  QMMM:    15       15      C        3.6454   -1.9573   -1.1188
  QMMM:    16       16      C        4.7071   -1.9315   -0.1952
  QMMM:    17       17      C        4.6570   -1.0718    0.9179
  QMMM:    18       18      C        3.5521   -0.2465    1.0993
  QMMM:    19       19      F        5.7796   -2.7362   -0.3784
  QMMM:    20       20      F        0.6504    3.8895    1.5757
  QMMM:    21       21      F       -6.1368   -0.9333   -1.0706
  QMMM:    22       22      H       -3.2737    1.3693    1.5987
  QMMM:    23       23      H       -5.5612    0.5622    1.0218
  QMMM:    24       24      H       -3.9624   -1.4682   -2.4619
  QMMM:    25       25      H       -1.6749   -0.6649   -1.8813
  QMMM:    26       26      H       -1.7171    2.8864    0.8903
  QMMM:    27       27      H        1.7176   -1.1563   -1.6496
  QMMM:    28       28      H        3.6935   -2.6318   -1.9857
  QMMM:    29       29      H        5.4912   -1.0580    1.6340
  QMMM:    30       30      H        3.5222    0.4261    1.9716

           --------- Calculation Completed ----------

