            --------------------------------------------------------
                             AMBER SQM VERSION 19
 
                                     By
              Ross C. Walker, Michael F. Crowley, Scott Brozell,
                         Tim Giese, Andreas W. Goetz,
                        Tai-Sung Lee and David A. Case
 
            --------------------------------------------------------
 

--------------------------------------------------------------------------------
  QM CALCULATION INFO
--------------------------------------------------------------------------------

| QMMM: Citation for AMBER QMMM Run:
| QMMM: R.C. Walker, M.F. Crowley and D.A. Case, J. COMP. CHEM. 29:1019, 2008

QMMM: SINGLET STATE CALCULATION
QMMM: RHF CALCULATION, NO. OF DOUBLY OCCUPIED LEVELS = 94

| QMMM: *** Selected Hamiltonian *** 
| QMMM: AM1         

| QMMM: *** Parameter sets in use ***
| QMMM: C : M.J.S.DEWAR et al. JACS, 107, 3902, (1985)
| QMMM: N : M.J.S.DEWAR et al. JACS, 107, 3902, (1985)
| QMMM: O : M.J.S.DEWAR et al. JACS, 107, 3902, (1985)
| QMMM: H : M.J.S.DEWAR et al. JACS, 107, 3902, (1985)

| QMMM: *** SCF convergence criteria ***
| QMMM: Energy change                :  0.1D-09 kcal/mol
| QMMM: Error matrix |FP-PF|         :  0.1D+00 au
| QMMM: Density matrix change        :  0.5D-06
| QMMM: Maximum number of SCF cycles :     1000

| QMMM: *** Diagonalization Routine Information ***
| QMMM: Pseudo diagonalizations are allowed.
| QMMM: Auto diagonalization routine selection is in use.
| QMMM:
| QMMM: Timing diagonalization routines:
| QMMM:                              norbs =      179
| QMMM:    diag iterations used for timing =        5
| QMMM:
| QMMM:              Internal diag routine = 0.101269 seconds
| QMMM:                 Dspev diag routine = 0.057595 seconds
| QMMM:                Dspevd diag routine = 0.028847 seconds
| QMMM:                Dspevx diag routine = 0.283390 seconds
| QMMM:                 Dsyev diag routine = 0.113912 seconds
| QMMM:                Dsyevd diag routine = 0.014535 seconds
| QMMM:                Dsyevr diag routine = 0.023732 seconds
| QMMM:
| QMMM:                Pseudo diag routine = 0.028806 seconds
| QMMM: Pseudo diagonalization appears to be slower than regular
| QMMM: diagonalization. Setting pseudo_diag=0 for optimum performance.
| QMMM:
| QMMM: Using dsyevd routine (diag_routine=6).

  QMMM: QM Region Cartesian Coordinates (*=link atom) 
  QMMM: QM_NO.   MM_NO.  ATOM         X         Y         Z
  QMMM:     1        1      C        4.8750    4.8530   -0.1070
  QMMM:     2        2      C        3.6350    4.0170    0.0730
  QMMM:     3        3      C        3.6660    2.6070   -0.0150
  QMMM:     4        4      C        2.4570    1.9160    0.1670
  QMMM:     5        5      C        1.2470    2.5730    0.4400
  QMMM:     6        6      C        1.2380    3.9590    0.5260
  QMMM:     7        7      C        2.4220    4.6750    0.3430
  QMMM:     8        8      N        0.1010    1.7670    0.5990
  QMMM:     9        9      C       -1.1700    2.1700    0.9610
  QMMM:    10       10      O       -1.5370    3.2950    1.2710
  QMMM:    11       11      C       -2.1670    1.0680    0.9900
  QMMM:    12       12      C       -2.2490    0.1440   -0.0590
  QMMM:    13       13      C       -3.1980   -0.8800   -0.0110
  QMMM:    14       14      C       -4.0760   -0.9870    1.0790
  QMMM:    15       15      C       -3.9800   -0.0550    2.1250
  QMMM:    16       16      C       -3.0410    0.9780    2.0750
  QMMM:    17       17      C       -5.0900   -2.1140    1.1370
  QMMM:    18       18      N       -6.4550   -1.6680    1.4490
  QMMM:    19       19      C       -6.9920   -0.7640    0.4070
  QMMM:    20       20      C       -8.5370   -0.7270    0.3770
  QMMM:    21       21      N       -9.1630   -2.0360    0.0970
  QMMM:    22       22      C       -8.2730   -3.1520    0.4780
  QMMM:    23       23      C       -7.3630   -2.8130    1.6800
  QMMM:    24       24      C       -9.5770   -2.1560   -1.2970
  QMMM:    25       25      N        4.8800    1.9460   -0.2590
  QMMM:    26       26      C        5.2760    0.6120   -0.2950
  QMMM:    27       27      N        4.4190   -0.3970   -0.0960
  QMMM:    28       28      C        4.9150   -1.6440   -0.1330
  QMMM:    29       29      C        6.2360   -1.9280   -0.3690
  QMMM:    30       30      C        7.0630   -0.8430   -0.5720
  QMMM:    31       31      N        6.5860    0.4220   -0.5300
  QMMM:    32       32      C        8.5080   -0.9700   -0.8330
  QMMM:    33       33      C        9.4010    0.0420   -0.4710
  QMMM:    34       34      N       10.7450    0.0070   -0.6600
  QMMM:    35       35      C       11.2430   -1.0930   -1.2540
  QMMM:    36       36      C       10.4610   -2.1560   -1.6670
  QMMM:    37       37      C        9.0830   -2.0890   -1.4540
  QMMM:    38       38      H        5.2980    4.6920   -1.1040
  QMMM:    39       39      H        5.6190    4.5990    0.6560
  QMMM:    40       40      H        4.6590    5.9240   -0.0120
  QMMM:    41       41      H        2.4480    0.8330    0.0990
  QMMM:    42       42      H        0.3280    4.5140    0.7310
  QMMM:    43       43      H        2.3890    5.7600    0.4150
  QMMM:    44       44      H        0.2510    0.7710    0.4910
  QMMM:    45       45      H       -1.5990    0.2300   -0.9260
  QMMM:    46       46      H       -3.2570   -1.5880   -0.8350
  QMMM:    47       47      H       -4.6550   -0.1230    2.9760
  QMMM:    48       48      H       -2.9910    1.7060    2.8820
  QMMM:    49       49      H       -4.7370   -2.8000    1.9180
  QMMM:    50       50      H       -5.0830   -2.6800    0.1960
  QMMM:    51       51      H       -6.6400   -1.0610   -0.5910
  QMMM:    52       52      H       -6.6250    0.2530    0.5910
  QMMM:    53       53      H       -8.8760    0.0370   -0.3330
  QMMM:    54       54      H       -8.8970   -0.3920    1.3590
  QMMM:    55       55      H       -7.6310   -3.4500   -0.3620
  QMMM:    56       56      H       -8.8930   -4.0190    0.7320
  QMMM:    57       57      H       -8.0000   -2.5600    2.5390
  QMMM:    58       58      H       -6.8110   -3.7110    1.9830
  QMMM:    59       59      H       -8.7350   -2.0380   -1.9880
  QMMM:    60       60      H      -10.3310   -1.3990   -1.5390
  QMMM:    61       61      H      -10.0410   -3.1300   -1.4820
  QMMM:    62       62      H        5.6930    2.5200   -0.4200
  QMMM:    63       63      H        4.1930   -2.4360    0.0450
  QMMM:    64       64      H        6.5880   -2.9500   -0.3730
  QMMM:    65       65      H        9.0470    0.9510    0.0120
  QMMM:    66       66      H       12.3200   -1.0970   -1.3980
  QMMM:    67       67      H       10.9130   -3.0170   -2.1480
  QMMM:    68       68      H        8.4670   -2.9150   -1.7990

--------------------------------------------------------------------------------
  RESULTS
--------------------------------------------------------------------------------

      iter         sqm energy              rms gradient
      ----    -------------------    -----------------------
xmin    10      128.6104 kcal/mol        0.5544 kcal/(mol*A)
xmin    20      127.1514 kcal/mol        0.6448 kcal/(mol*A)
xmin    30      126.6781 kcal/mol        0.3732 kcal/(mol*A)
xmin    40      126.3756 kcal/mol        0.1683 kcal/(mol*A)
xmin    50      126.2926 kcal/mol        0.1139 kcal/(mol*A)
xmin    60      126.2247 kcal/mol        0.1240 kcal/(mol*A)
xmin    70      126.1716 kcal/mol        0.0890 kcal/(mol*A)
xmin    80      126.0477 kcal/mol        0.1844 kcal/(mol*A)
xmin    90      125.9710 kcal/mol        0.2021 kcal/(mol*A)
xmin   100      125.9228 kcal/mol        0.1117 kcal/(mol*A)
xmin   110      125.8986 kcal/mol        0.0892 kcal/(mol*A)
xmin   120      125.8879 kcal/mol        0.0731 kcal/(mol*A)
xmin   130      125.8816 kcal/mol        0.0158 kcal/(mol*A)
xmin   140      125.8775 kcal/mol        0.0204 kcal/(mol*A)
xmin   150      125.8755 kcal/mol        0.0235 kcal/(mol*A)
xmin   160      125.8749 kcal/mol        0.0167 kcal/(mol*A)
xmin   170      125.8737 kcal/mol        0.0110 kcal/(mol*A)
xmin   180      125.8721 kcal/mol        0.0052 kcal/(mol*A)
xmin   190      125.8717 kcal/mol        0.0248 kcal/(mol*A)
xmin   200      125.8688 kcal/mol        0.0407 kcal/(mol*A)
xmin   210      125.8679 kcal/mol        0.0164 kcal/(mol*A)
xmin   220      125.8649 kcal/mol        0.0216 kcal/(mol*A)
xmin   230      125.8620 kcal/mol        0.0172 kcal/(mol*A)
xmin   240      125.8610 kcal/mol        0.0094 kcal/(mol*A)
xmin   250      125.8603 kcal/mol        0.0057 kcal/(mol*A)
xmin   260      125.8592 kcal/mol        0.0065 kcal/(mol*A)
xmin   270      125.8581 kcal/mol        0.0488 kcal/(mol*A)
xmin   280      125.8576 kcal/mol        0.0105 kcal/(mol*A)
xmin   290      125.8574 kcal/mol        0.0042 kcal/(mol*A)
xmin   300      125.8572 kcal/mol        0.0031 kcal/(mol*A)
xmin   310      125.8571 kcal/mol        0.0063 kcal/(mol*A)
xmin   320      125.8571 kcal/mol        0.0013 kcal/(mol*A)
xmin   330      125.8571 kcal/mol        0.0015 kcal/(mol*A)
xmin   340      125.8570 kcal/mol        0.0008 kcal/(mol*A)
xmin   350      125.8570 kcal/mol        0.0030 kcal/(mol*A)
xmin   360      125.8569 kcal/mol        0.0022 kcal/(mol*A)
xmin   370      125.8569 kcal/mol        0.0016 kcal/(mol*A)
xmin   380      125.8569 kcal/mol        0.0013 kcal/(mol*A)
xmin   390      125.8569 kcal/mol        0.0020 kcal/(mol*A)
xmin   400      125.8569 kcal/mol        0.0012 kcal/(mol*A)
  ... geometry converged !
 
 Final MO eigenvalues (eV):
 -41.1162  -40.9213  -40.4703  -40.0653  -39.5954  -38.6674  -36.6387  -36.2922
 -35.4413  -34.8790  -33.3768  -33.1981  -32.1751  -32.1087  -31.7389  -31.5986
 -30.7996  -29.7684  -29.5035  -27.6062  -26.5836  -25.8560  -25.0719  -24.9365
 -24.6582  -24.0304  -23.7496  -23.5072  -23.2327  -22.4853  -22.0327  -20.8285
 -19.5237  -19.2000  -18.9090  -18.5944  -17.9950  -17.6505  -17.5932  -17.2850
 -17.1693  -16.9184  -16.7790  -16.5661  -16.3748  -16.2988  -16.1563  -16.0997
 -15.8235  -15.7024  -15.4611  -15.1953  -14.9636  -14.8905  -14.6891  -14.6094
 -14.5447  -14.4251  -14.4040  -14.3517  -14.2704  -14.2112  -14.1306  -13.9412
 -13.6604  -13.4457  -13.2598  -13.2132  -13.0771  -12.9421  -12.8864  -12.7472
 -12.6480  -12.5153  -12.2996  -12.2250  -12.1511  -11.9971  -11.9617  -11.8479
 -11.8133  -11.1926  -10.9531  -10.8640  -10.7792  -10.4542  -10.1369  -10.0393
  -9.8930   -9.7526   -9.6943   -9.0378   -8.8826   -8.5659   -0.6840   -0.3260
  -0.1572    0.0819    0.1934    0.3092    0.4248    0.4886    1.4947    1.5840
   1.8756    2.3910    2.4369    2.6607    2.6820    2.8530    2.9090    2.9813
   3.2067    3.2813    3.3969    3.4311    3.4484    3.4999    3.5592    3.5700
   3.6436    3.6614    3.6758    3.7285    3.8207    3.8509    3.8883    3.9055
   3.9146    3.9349    4.0274    4.0366    4.0752    4.1079    4.1308    4.1713
   4.1836    4.2415    4.2547    4.3309    4.3450    4.3897    4.4157    4.4402
   4.4663    4.5611    4.5944    4.6126    4.6239    4.6394    4.6522    4.6943
   4.7794    4.7928    4.8290    4.8447    4.9503    5.0003    5.0475    5.1299
   5.2176    5.2748    5.3067    5.3388    5.4202    5.5450    5.6631    5.6647
   5.7703    5.8447    5.8846    5.9894    6.1608    6.1658    6.1743    6.2207
   6.6524    6.8878    6.9318

 Heat of formation   =        125.85689356 kcal/mol  (        5.45756444 eV)

 Total SCF energy    =    -136204.38069846 kcal/mol  (    -5906.26515322 eV)
 Electronic energy   =   -1166222.33205464 kcal/mol  (   -50571.19518038 eV)
 Core-core repulsion =    1030017.95135618 kcal/mol  (    44664.93002715 eV)
 
    Atomic Charges for Step       1 :
  Atom    Element       Mulliken Charge
     1      C                 -0.180
     2      C                 -0.126
     3      C                  0.067
     4      C                 -0.158
     5      C                  0.083
     6      C                 -0.158
     7      C                 -0.094
     8      N                 -0.322
     9      C                  0.355
    10      O                 -0.344
    11      C                 -0.127
    12      C                 -0.107
    13      C                 -0.137
    14      C                 -0.056
    15      C                 -0.114
    16      C                 -0.082
    17      C                 -0.040
    18      N                 -0.246
    19      C                 -0.110
    20      C                 -0.093
    21      N                 -0.254
    22      C                 -0.104
    23      C                 -0.095
    24      C                 -0.121
    25      N                 -0.225
    26      C                  0.152
    27      N                 -0.203
    28      C                 -0.005
    29      C                 -0.279
    30      C                  0.102
    31      N                 -0.222
    32      C                 -0.103
    33      C                 -0.027
    34      N                 -0.143
    35      C                 -0.058
    36      C                 -0.188
    37      C                 -0.072
    38      H                  0.081
    39      H                  0.084
    40      H                  0.088
    41      H                  0.150
    42      H                  0.176
    43      H                  0.137
    44      H                  0.234
    45      H                  0.137
    46      H                  0.136
    47      H                  0.154
    48      H                  0.155
    49      H                  0.100
    50      H                  0.060
    51      H                  0.086
    52      H                  0.099
    53      H                  0.097
    54      H                  0.097
    55      H                  0.076
    56      H                  0.096
    57      H                  0.101
    58      H                  0.094
    59      H                  0.040
    60      H                  0.086
    61      H                  0.084
    62      H                  0.235
    63      H                  0.165
    64      H                  0.156
    65      H                  0.176
    66      H                  0.162
    67      H                  0.146
    68      H                  0.143
 Total Mulliken Charge =       0.000
 
                  X        Y        Z     TOTAL  
  QM DIPOLE     0.153   -5.198   -0.788    5.260
 
 Final Structure

  QMMM: QM Region Cartesian Coordinates (*=link atom) 
  QMMM: QM_NO.   MM_NO.  ATOM         X         Y         Z
  QMMM:     1        1      C        4.8317    4.6362    0.0564
  QMMM:     2        2      C        3.5823    3.8499    0.1799
  QMMM:     3        3      C        3.4934    2.5168   -0.2971
  QMMM:     4        4      C        2.2872    1.8110   -0.1693
  QMMM:     5        5      C        1.1604    2.4064    0.4462
  QMMM:     6        6      C        1.2612    3.7313    0.9136
  QMMM:     7        7      C        2.4570    4.4247    0.7702
  QMMM:     8        8      N       -0.0133    1.6409    0.5432
  QMMM:     9        9      C       -1.2031    1.9908    1.1685
  QMMM:    10       10      O       -1.3792    3.0811    1.7418
  QMMM:    11       11      C       -2.2820    0.9576    1.1278
  QMMM:    12       12      C       -2.5742    0.2424   -0.0370
  QMMM:    13       13      C       -3.6064   -0.6943   -0.0358
  QMMM:    14       14      C       -4.3467   -0.9287    1.1278
  QMMM:    15       15      C       -4.0561   -0.2049    2.2894
  QMMM:    16       16      C       -3.0324    0.7398    2.2891
  QMMM:    17       17      C       -5.4169   -1.9818    1.1349
  QMMM:    18       18      N       -6.7172   -1.4955    1.5836
  QMMM:    19       19      C       -7.2690   -0.4324    0.7500
  QMMM:    20       20      C       -8.5690   -0.7975    0.0004
  QMMM:    21       21      N       -8.6555   -2.1571   -0.5028
  QMMM:    22       22      C       -8.3270   -3.1460    0.5169
  QMMM:    23       23      C       -7.6734   -2.5709    1.7922
  QMMM:    24       24      C       -7.9633   -2.3609   -1.7543
  QMMM:    25       25      N        4.5890    1.9297   -0.9805
  QMMM:    26       26      C        5.2375    0.7793   -0.4823
  QMMM:    27       27      N        4.5493   -0.0815    0.3653
  QMMM:    28       28      C        5.1989   -1.1982    0.7228
  QMMM:    29       29      C        6.4959   -1.5184    0.2888
  QMMM:    30       30      C        7.1313   -0.5876   -0.5650
  QMMM:    31       31      N        6.5293    0.5621   -0.9485
  QMMM:    32       32      C        8.4933   -0.8666   -1.0441
  QMMM:    33       33      C        9.4430    0.1698   -1.1968
  QMMM:    34       34      N       10.7036   -0.0389   -1.6180
  QMMM:    35       35      C       11.0618   -1.3038   -1.9128
  QMMM:    36       36      C       10.1890   -2.4015   -1.8016
  QMMM:    37       37      C        8.8855   -2.1750   -1.3610
  QMMM:    38       38      H        5.0654    4.8413   -1.0193
  QMMM:    39       39      H        5.6958    4.0872    0.5080
  QMMM:    40       40      H        4.7383    5.6200    0.5799
  QMMM:    41       41      H        2.2216    0.7787   -0.5504
  QMMM:    42       42      H        0.4038    4.2297    1.3953
  QMMM:    43       43      H        2.5157    5.4608    1.1416
  QMMM:    44       44      H        0.0454    0.7178    0.1711
  QMMM:    45       45      H       -2.0116    0.4254   -0.9650
  QMMM:    46       46      H       -3.8382   -1.2490   -0.9576
  QMMM:    47       47      H       -4.6474   -0.3771    3.2022
  QMMM:    48       48      H       -2.8128    1.3282    3.1944
  QMMM:    49       49      H       -5.0930   -2.7894    1.8557
  QMMM:    50       50      H       -5.4783   -2.4525    0.1079
  QMMM:    51       51      H       -6.5031   -0.0794    0.0038
  QMMM:    52       52      H       -7.4958    0.4294    1.4393
  QMMM:    53       53      H       -8.6993   -0.0772   -0.8528
  QMMM:    54       54      H       -9.4392   -0.6630    0.7040
  QMMM:    55       55      H       -7.6551   -3.9453    0.0953
  QMMM:    56       56      H       -9.2962   -3.6375    0.8135
  QMMM:    57       57      H       -8.4818   -2.1481    2.4541
  QMMM:    58       58      H       -7.1765   -3.4123    2.3477
  QMMM:    59       59      H       -6.8492   -2.2207   -1.6837
  QMMM:    60       60      H       -8.3642   -1.6357   -2.5104
  QMMM:    61       61      H       -8.1686   -3.4028   -2.1152
  QMMM:    62       62      H        5.2043    2.5966   -1.4066
  QMMM:    63       63      H        4.6429   -1.8719    1.4016
  QMMM:    64       64      H        6.9968   -2.4368    0.6104
  QMMM:    65       65      H        9.1791    1.2195   -0.9698
  QMMM:    66       66      H       12.1027   -1.4399   -2.2578
  QMMM:    67       67      H       10.5302   -3.4122   -2.0603
  QMMM:    68       68      H        8.1730   -3.0087   -1.2718

           --------- Calculation Completed ----------

